=== 日志开始于 2025-03-05 21:58:19 ===
2025-03-05 21:58:19 [Douban2.pipelines] INFO: 已清空日志文件: logs\spider_douban3.log
2025-03-05 21:58:19 [Douban2.pipelines] INFO: Redis连接初始化成功
2025-03-05 21:58:19 [data_storage] INFO: SQLite数据库初始化成功
2025-03-05 21:58:19 [Douban2.pipelines] INFO: 数据存储模块初始化成功
2025-03-05 21:58:19 [scrapy.middleware] INFO: Enabled item pipelines:
['Douban2.pipelines.Douban2Pipeline']
2025-03-05 21:58:19 [scrapy.core.engine] INFO: Spider opened
2025-03-05 21:58:19 [douban2] INFO: 爬虫开始运行
2025-03-05 21:58:19 [scrapy.extensions.logstats] INFO: Crawled 0 pages (at 0 pages/min), scraped 0 items (at 0 items/min)
2025-03-05 21:58:19 [scrapy.extensions.telnet] INFO: Telnet console listening on 127.0.0.1:6025
2025-03-05 21:58:27 [scrapy.extensions.throttle] INFO: slot: http://wvR6upmH4hiV9OSo:80kOlNDhuUFnLpJ3_country-cn@geo.iproyal.com:11201 | conc: 2 | delay: 3278 ms (+278) | latency: 6556 ms | size: 25086 bytes
2025-03-05 21:58:28 [douban2] INFO: 成功解析电影: 饮食男女 (排名: 61)
2025-03-05 21:58:28 [douban2] INFO: Redis存储状态 - 节点movies_douban3: 9条, 全局: 27条
2025-03-05 21:58:28 [Douban2.pipelines] INFO: 当前总采集数量: 27
2025-03-05 21:58:28 [douban2] INFO: 采集进度 - 排名: 61, 当前节点: 1, 总进度: 27/250
2025-03-05 21:58:29 [scrapy.extensions.throttle] INFO: slot: http://wvR6upmH4hiV9OSo:80kOlNDhuUFnLpJ3_country-cn@geo.iproyal.com:11201 | conc: 2 | delay: 3000 ms (-278) | latency: 4388 ms | size: 26379 bytes
2025-03-05 21:58:30 [scrapy.extensions.throttle] INFO: slot: http://wvR6upmH4hiV9OSo:80kOlNDhuUFnLpJ3_country-cn@geo.iproyal.com:11201 | conc: 1 | delay: 3000 ms (+0) | latency: 1922 ms | size: 24112 bytes
2025-03-05 21:58:32 [douban2] INFO: 成功解析电影: 情书 (排名: 66)
2025-03-05 21:58:32 [douban2] INFO: Redis存储状态 - 节点movies_douban3: 10条, 全局: 30条
2025-03-05 21:58:32 [Douban2.pipelines] INFO: 当前总采集数量: 30
2025-03-05 21:58:32 [douban2] INFO: 采集进度 - 排名: 66, 当前节点: 2, 总进度: 30/250
2025-03-05 21:58:32 [douban2] INFO: 成功解析电影: 鬼子来了 (排名: 44)
2025-03-05 21:58:32 [douban2] INFO: Redis存储状态 - 节点movies_douban3: 11条, 全局: 31条
2025-03-05 21:58:32 [Douban2.pipelines] INFO: 当前总采集数量: 31
2025-03-05 21:58:32 [douban2] INFO: 采集进度 - 排名: 44, 当前节点: 3, 总进度: 31/250
2025-03-05 21:58:34 [scrapy.extensions.throttle] INFO: slot: http://wvR6upmH4hiV9OSo:80kOlNDhuUFnLpJ3_country-cn@geo.iproyal.com:11201 | conc: 1 | delay: 3000 ms (+0) | latency: 1674 ms | size: 26136 bytes
2025-03-05 21:58:36 [douban2] INFO: 成功解析电影: 大话西游之大圣娶亲 (排名: 20)
2025-03-05 21:58:36 [douban2] INFO: Redis存储状态 - 节点movies_douban3: 12条, 全局: 35条
2025-03-05 21:58:36 [Douban2.pipelines] INFO: 当前总采集数量: 35
2025-03-05 21:58:36 [douban2] INFO: 采集进度 - 排名: 20, 当前节点: 4, 总进度: 35/250
2025-03-05 21:58:38 [scrapy.extensions.throttle] INFO: slot: http://wvR6upmH4hiV9OSo:80kOlNDhuUFnLpJ3_country-cn@geo.iproyal.com:11201 | conc: 1 | delay: 3000 ms (+0) | latency: 1383 ms | size: 24268 bytes
2025-03-05 21:58:40 [douban2] INFO: 成功解析电影: 春光乍泄 (排名: 91)
2025-03-05 21:58:40 [douban2] INFO: Redis存储状态 - 节点movies_douban3: 13条, 全局: 38条
2025-03-05 21:58:40 [Douban2.pipelines] INFO: 当前总采集数量: 38
2025-03-05 21:58:40 [douban2] INFO: 采集进度 - 排名: 91, 当前节点: 5, 总进度: 38/250
2025-03-05 21:58:42 [scrapy.extensions.throttle] INFO: slot: http://wvR6upmH4hiV9OSo:80kOlNDhuUFnLpJ3_country-cn@geo.iproyal.com:11201 | conc: 1 | delay: 3000 ms (+0) | latency: 1616 ms | size: 25708 bytes
2025-03-05 21:58:43 [douban2] INFO: 成功解析电影: 大闹天宫 (排名: 53)
2025-03-05 21:58:43 [douban2] INFO: Redis存储状态 - 节点movies_douban3: 14条, 全局: 40条
2025-03-05 21:58:43 [Douban2.pipelines] INFO: 当前总采集数量: 40
2025-03-05 21:58:43 [douban2] INFO: 采集进度 - 排名: 53, 当前节点: 6, 总进度: 40/250
2025-03-05 21:58:46 [scrapy.extensions.throttle] INFO: slot: http://wvR6upmH4hiV9OSo:80kOlNDhuUFnLpJ3_country-cn@geo.iproyal.com:11201 | conc: 1 | delay: 3000 ms (+0) | latency: 2374 ms | size: 29630 bytes
2025-03-05 21:58:47 [douban2] INFO: 成功解析电影: 绿皮书 (排名: 52)
2025-03-05 21:58:47 [douban2] INFO: Redis存储状态 - 节点movies_douban3: 15条, 全局: 43条
2025-03-05 21:58:47 [Douban2.pipelines] INFO: 当前总采集数量: 43
2025-03-05 21:58:47 [douban2] INFO: 采集进度 - 排名: 52, 当前节点: 7, 总进度: 43/250
2025-03-05 21:58:49 [scrapy.extensions.throttle] INFO: slot: http://wvR6upmH4hiV9OSo:80kOlNDhuUFnLpJ3_country-cn@geo.iproyal.com:11201 | conc: 1 | delay: 3000 ms (+0) | latency: 1788 ms | size: 26335 bytes
2025-03-05 21:58:50 [douban2] INFO: 成功解析电影: 十二怒汉 (排名: 39)
2025-03-05 21:58:50 [douban2] INFO: Redis存储状态 - 节点movies_douban3: 16条, 全局: 45条
2025-03-05 21:58:50 [Douban2.pipelines] INFO: 当前总采集数量: 45
2025-03-05 21:58:50 [douban2] INFO: 采集进度 - 排名: 39, 当前节点: 8, 总进度: 45/250
2025-03-05 21:58:52 [scrapy.extensions.throttle] INFO: slot: http://wvR6upmH4hiV9OSo:80kOlNDhuUFnLpJ3_country-cn@geo.iproyal.com:11201 | conc: 1 | delay: 3000 ms (+0) | latency: 1296 ms | size: 27438 bytes
2025-03-05 21:58:54 [douban2] INFO: 成功解析电影: 钢琴家 (排名: 46)
2025-03-05 21:58:54 [douban2] INFO: Redis存储状态 - 节点movies_douban3: 17条, 全局: 48条
2025-03-05 21:58:54 [Douban2.pipelines] INFO: 当前总采集数量: 48
2025-03-05 21:58:54 [douban2] INFO: 采集进度 - 排名: 46, 当前节点: 9, 总进度: 48/250
2025-03-05 21:58:56 [scrapy.extensions.throttle] INFO: slot: http://wvR6upmH4hiV9OSo:80kOlNDhuUFnLpJ3_country-cn@geo.iproyal.com:11201 | conc: 1 | delay: 3000 ms (+0) | latency: 2028 ms | size: 28081 bytes
2025-03-05 21:58:58 [douban2] INFO: 成功解析电影: 美丽心灵 (排名: 64)
2025-03-05 21:58:58 [douban2] INFO: Redis存储状态 - 节点movies_douban3: 18条, 全局: 51条
2025-03-05 21:58:58 [Douban2.pipelines] INFO: 当前总采集数量: 51
2025-03-05 21:58:58 [douban2] INFO: 采集进度 - 排名: 64, 当前节点: 10, 总进度: 51/250
2025-03-05 21:59:00 [scrapy.extensions.throttle] INFO: slot: http://wvR6upmH4hiV9OSo:80kOlNDhuUFnLpJ3_country-cn@geo.iproyal.com:11201 | conc: 1 | delay: 3000 ms (+0) | latency: 1931 ms | size: 25844 bytes
2025-03-05 21:59:01 [douban2] INFO: 成功解析电影: 黑客帝国 (排名: 54)
2025-03-05 21:59:01 [douban2] INFO: Redis存储状态 - 节点movies_douban3: 19条, 全局: 54条
2025-03-05 21:59:01 [Douban2.pipelines] INFO: 当前总采集数量: 54
2025-03-05 21:59:01 [douban2] INFO: 采集进度 - 排名: 54, 当前节点: 11, 总进度: 54/250
2025-03-05 21:59:04 [scrapy.extensions.throttle] INFO: slot: http://wvR6upmH4hiV9OSo:80kOlNDhuUFnLpJ3_country-cn@geo.iproyal.com:11201 | conc: 2 | delay: 3000 ms (+0) | latency: 1896 ms | size: 27091 bytes
2025-03-05 21:59:05 [douban2] INFO: 成功解析电影: 乱世佳人 (排名: 34)
2025-03-05 21:59:05 [douban2] INFO: Redis存储状态 - 节点movies_douban3: 20条, 全局: 57条
2025-03-05 21:59:05 [Douban2.pipelines] INFO: 当前总采集数量: 57
2025-03-05 21:59:05 [douban2] INFO: 采集进度 - 排名: 34, 当前节点: 12, 总进度: 57/250
2025-03-05 21:59:05 [scrapy.extensions.throttle] INFO: slot: http://wvR6upmH4hiV9OSo:80kOlNDhuUFnLpJ3_country-cn@geo.iproyal.com:11201 | conc: 1 | delay: 3000 ms (+0) | latency: 1765 ms | size: 26724 bytes
2025-03-05 21:59:07 [douban2] INFO: 成功解析电影: 死亡诗社 (排名: 49)
2025-03-05 21:59:07 [douban2] INFO: Redis存储状态 - 节点movies_douban3: 21条, 全局: 59条
2025-03-05 21:59:07 [Douban2.pipelines] INFO: 当前总采集数量: 59
2025-03-05 21:59:07 [douban2] INFO: 采集进度 - 排名: 49, 当前节点: 13, 总进度: 59/250
2025-03-05 21:59:11 [scrapy.extensions.throttle] INFO: slot: http://wvR6upmH4hiV9OSo:80kOlNDhuUFnLpJ3_country-cn@geo.iproyal.com:11201 | conc: 2 | delay: 3000 ms (+0) | latency: 3590 ms | size: 27109 bytes
2025-03-05 21:59:13 [scrapy.extensions.throttle] INFO: slot: http://wvR6upmH4hiV9OSo:80kOlNDhuUFnLpJ3_country-cn@geo.iproyal.com:11201 | conc: 1 | delay: 3000 ms (+0) | latency: 2093 ms | size: 27843 bytes
2025-03-05 21:59:14 [douban2] INFO: 成功解析电影: 怦然心动 (排名: 29)
2025-03-05 21:59:14 [douban2] INFO: Redis存储状态 - 节点movies_douban3: 22条, 全局: 64条
2025-03-05 21:59:14 [Douban2.pipelines] INFO: 当前总采集数量: 64
2025-03-05 21:59:14 [douban2] INFO: 采集进度 - 排名: 29, 当前节点: 14, 总进度: 64/250
2025-03-05 21:59:14 [douban2] INFO: 成功解析电影: 加勒比海盗 (排名: 96)
2025-03-05 21:59:14 [douban2] INFO: Redis存储状态 - 节点movies_douban3: 23条, 全局: 65条
2025-03-05 21:59:14 [Douban2.pipelines] INFO: 当前总采集数量: 65
2025-03-05 21:59:14 [douban2] INFO: 采集进度 - 排名: 96, 当前节点: 15, 总进度: 65/250
2025-03-05 21:59:16 [scrapy.extensions.throttle] INFO: slot: http://wvR6upmH4hiV9OSo:80kOlNDhuUFnLpJ3_country-cn@geo.iproyal.com:11201 | conc: 1 | delay: 3000 ms (+0) | latency: 1839 ms | size: 26349 bytes
2025-03-05 21:59:17 [douban2] INFO: 成功解析电影: 沉默的羔羊 (排名: 78)
2025-03-05 21:59:17 [douban2] INFO: Redis存储状态 - 节点movies_douban3: 24条, 全局: 67条
2025-03-05 21:59:17 [Douban2.pipelines] INFO: 当前总采集数量: 67
2025-03-05 21:59:17 [douban2] INFO: 采集进度 - 排名: 78, 当前节点: 16, 总进度: 67/250
2025-03-05 21:59:19 [scrapy.extensions.logstats] INFO: Crawled 16 pages (at 16 pages/min), scraped 16 items (at 16 items/min)
2025-03-05 21:59:19 [scrapy.extensions.throttle] INFO: slot: http://wvR6upmH4hiV9OSo:80kOlNDhuUFnLpJ3_country-cn@geo.iproyal.com:11201 | conc: 1 | delay: 3000 ms (+0) | latency: 1278 ms | size: 27617 bytes
2025-03-05 21:59:20 [douban2] INFO: 成功解析电影: 闻香识女人 (排名: 51)
2025-03-05 21:59:20 [douban2] INFO: Redis存储状态 - 节点movies_douban3: 25条, 全局: 69条
2025-03-05 21:59:20 [Douban2.pipelines] INFO: 当前总采集数量: 69
2025-03-05 21:59:20 [douban2] INFO: 采集进度 - 排名: 51, 当前节点: 17, 总进度: 69/250
2025-03-05 21:59:24 [scrapy.extensions.throttle] INFO: slot: http://wvR6upmH4hiV9OSo:80kOlNDhuUFnLpJ3_country-cn@geo.iproyal.com:11201 | conc: 1 | delay: 3000 ms (+0) | latency: 2112 ms | size: 26274 bytes
2025-03-05 21:59:25 [douban2] INFO: 成功解析电影: 天堂电影院 (排名: 59)
2025-03-05 21:59:25 [douban2] INFO: Redis存储状态 - 节点movies_douban3: 26条, 全局: 72条
2025-03-05 21:59:25 [Douban2.pipelines] INFO: 当前总采集数量: 72
2025-03-05 21:59:25 [douban2] INFO: 采集进度 - 排名: 59, 当前节点: 18, 总进度: 72/250
2025-03-05 21:59:27 [scrapy.extensions.throttle] INFO: slot: http://wvR6upmH4hiV9OSo:80kOlNDhuUFnLpJ3_country-cn@geo.iproyal.com:11201 | conc: 1 | delay: 3000 ms (+0) | latency: 2052 ms | size: 26528 bytes
2025-03-05 21:59:29 [douban2] INFO: 成功解析电影: 窃听风暴 (排名: 67)
2025-03-05 21:59:29 [douban2] INFO: Redis存储状态 - 节点movies_douban3: 27条, 全局: 75条
2025-03-05 21:59:29 [Douban2.pipelines] INFO: 当前总采集数量: 75
2025-03-05 21:59:29 [douban2] INFO: 采集进度 - 排名: 67, 当前节点: 19, 总进度: 75/250
2025-03-05 21:59:31 [scrapy.extensions.throttle] INFO: slot: http://wvR6upmH4hiV9OSo:80kOlNDhuUFnLpJ3_country-cn@geo.iproyal.com:11201 | conc: 1 | delay: 3000 ms (+0) | latency: 2135 ms | size: 28892 bytes
2025-03-05 21:59:32 [douban2] INFO: 成功解析电影: 拯救大兵瑞恩 (排名: 76)
2025-03-05 21:59:32 [douban2] INFO: Redis存储状态 - 节点movies_douban3: 28条, 全局: 78条
2025-03-05 21:59:32 [Douban2.pipelines] INFO: 当前总采集数量: 78
2025-03-05 21:59:32 [douban2] INFO: 采集进度 - 排名: 76, 当前节点: 20, 总进度: 78/250
2025-03-05 21:59:35 [scrapy.extensions.throttle] INFO: slot: http://wvR6upmH4hiV9OSo:80kOlNDhuUFnLpJ3_country-cn@geo.iproyal.com:11201 | conc: 1 | delay: 3000 ms (+0) | latency: 2481 ms | size: 28378 bytes
2025-03-05 21:59:36 [douban2] INFO: 成功解析电影: 哈利·波特与密室 (排名: 88)
2025-03-05 21:59:36 [douban2] INFO: Redis存储状态 - 节点movies_douban3: 29条, 全局: 81条
2025-03-05 21:59:36 [Douban2.pipelines] INFO: 当前总采集数量: 81
2025-03-05 21:59:36 [douban2] INFO: 采集进度 - 排名: 88, 当前节点: 21, 总进度: 81/250
2025-03-05 21:59:38 [scrapy.extensions.throttle] INFO: slot: http://wvR6upmH4hiV9OSo:80kOlNDhuUFnLpJ3_country-cn@geo.iproyal.com:11201 | conc: 1 | delay: 3000 ms (+0) | latency: 1867 ms | size: 26900 bytes
2025-03-05 21:59:40 [douban2] INFO: 成功解析电影: 看不见的客人 (排名: 74)
2025-03-05 21:59:40 [douban2] INFO: Redis存储状态 - 节点movies_douban3: 30条, 全局: 86条
2025-03-05 21:59:40 [Douban2.pipelines] INFO: 当前总采集数量: 86
2025-03-05 21:59:40 [douban2] INFO: 采集进度 - 排名: 74, 当前节点: 22, 总进度: 86/250
2025-03-05 21:59:42 [scrapy.extensions.throttle] INFO: slot: http://wvR6upmH4hiV9OSo:80kOlNDhuUFnLpJ3_country-cn@geo.iproyal.com:11201 | conc: 1 | delay: 3000 ms (+0) | latency: 1927 ms | size: 29381 bytes
2025-03-05 21:59:43 [douban2] INFO: 成功解析电影: 指环王1：护戒使者 (排名: 56)
2025-03-05 21:59:43 [douban2] INFO: Redis存储状态 - 节点movies_douban3: 31条, 全局: 88条
2025-03-05 21:59:43 [Douban2.pipelines] INFO: 当前总采集数量: 88
2025-03-05 21:59:43 [douban2] INFO: 采集进度 - 排名: 56, 当前节点: 23, 总进度: 88/250
2025-03-05 21:59:46 [scrapy.extensions.throttle] INFO: slot: http://wvR6upmH4hiV9OSo:80kOlNDhuUFnLpJ3_country-cn@geo.iproyal.com:11201 | conc: 1 | delay: 3000 ms (+0) | latency: 2540 ms | size: 28790 bytes
2025-03-05 21:59:48 [douban2] INFO: 成功解析电影: 蝙蝠侠：黑暗骑士 (排名: 31)
2025-03-05 21:59:48 [douban2] INFO: Redis存储状态 - 节点movies_douban3: 32条, 全局: 91条
2025-03-05 21:59:48 [Douban2.pipelines] INFO: 当前总采集数量: 91
2025-03-05 21:59:48 [douban2] INFO: 采集进度 - 排名: 31, 当前节点: 24, 总进度: 91/250
2025-03-05 21:59:50 [scrapy.extensions.throttle] INFO: slot: http://wvR6upmH4hiV9OSo:80kOlNDhuUFnLpJ3_country-cn@geo.iproyal.com:11201 | conc: 1 | delay: 3000 ms (+0) | latency: 2228 ms | size: 28406 bytes
2025-03-05 21:59:51 [douban2] INFO: 成功解析电影: 哈利·波特与阿兹卡班的囚徒 (排名: 75)
2025-03-05 21:59:51 [douban2] INFO: Redis存储状态 - 节点movies_douban3: 33条, 全局: 94条
2025-03-05 21:59:51 [Douban2.pipelines] INFO: 当前总采集数量: 94
2025-03-05 21:59:51 [douban2] INFO: 采集进度 - 排名: 75, 当前节点: 25, 总进度: 94/250
2025-03-05 21:59:53 [scrapy.extensions.throttle] INFO: slot: http://wvR6upmH4hiV9OSo:80kOlNDhuUFnLpJ3_country-cn@geo.iproyal.com:11201 | conc: 1 | delay: 3000 ms (+0) | latency: 1970 ms | size: 26750 bytes
2025-03-05 21:59:55 [douban2] INFO: 成功解析电影: 风之谷 (排名: 179)
2025-03-05 21:59:55 [douban2] INFO: Redis存储状态 - 节点movies_douban3: 34条, 全局: 97条
2025-03-05 21:59:55 [Douban2.pipelines] INFO: 当前总采集数量: 97
2025-03-05 21:59:55 [douban2] INFO: 采集进度 - 排名: 179, 当前节点: 26, 总进度: 97/250
2025-03-05 21:59:58 [scrapy.extensions.throttle] INFO: slot: http://wvR6upmH4hiV9OSo:80kOlNDhuUFnLpJ3_country-cn@geo.iproyal.com:11201 | conc: 1 | delay: 3000 ms (+0) | latency: 2068 ms | size: 26227 bytes
2025-03-05 21:59:59 [douban2] INFO: 成功解析电影: 英雄本色 (排名: 178)
2025-03-05 21:59:59 [douban2] INFO: Redis存储状态 - 节点movies_douban3: 35条, 全局: 101条
2025-03-05 21:59:59 [Douban2.pipelines] INFO: 当前总采集数量: 101
2025-03-05 21:59:59 [douban2] INFO: 采集进度 - 排名: 178, 当前节点: 27, 总进度: 101/250
2025-03-05 22:00:02 [scrapy.extensions.throttle] INFO: slot: http://wvR6upmH4hiV9OSo:80kOlNDhuUFnLpJ3_country-cn@geo.iproyal.com:11201 | conc: 1 | delay: 3000 ms (+0) | latency: 2397 ms | size: 26678 bytes
2025-03-05 22:00:03 [douban2] INFO: 成功解析电影: 记忆碎片 (排名: 185)
2025-03-05 22:00:03 [douban2] INFO: Redis存储状态 - 节点movies_douban3: 36条, 全局: 104条
2025-03-05 22:00:03 [Douban2.pipelines] INFO: 当前总采集数量: 104
2025-03-05 22:00:03 [douban2] INFO: 采集进度 - 排名: 185, 当前节点: 28, 总进度: 104/250
2025-03-05 22:00:05 [scrapy.extensions.throttle] INFO: slot: http://wvR6upmH4hiV9OSo:80kOlNDhuUFnLpJ3_country-cn@geo.iproyal.com:11201 | conc: 1 | delay: 3000 ms (+0) | latency: 1908 ms | size: 27258 bytes
2025-03-05 22:00:07 [douban2] INFO: 成功解析电影: 遗愿清单 (排名: 199)
2025-03-05 22:00:07 [douban2] INFO: Redis存储状态 - 节点movies_douban3: 37条, 全局: 107条
2025-03-05 22:00:07 [Douban2.pipelines] INFO: 当前总采集数量: 107
2025-03-05 22:00:07 [douban2] INFO: 采集进度 - 排名: 199, 当前节点: 29, 总进度: 107/250
2025-03-05 22:00:09 [scrapy.extensions.throttle] INFO: slot: http://wvR6upmH4hiV9OSo:80kOlNDhuUFnLpJ3_country-cn@geo.iproyal.com:11201 | conc: 1 | delay: 3000 ms (+0) | latency: 2643 ms | size: 28176 bytes
2025-03-05 22:00:11 [douban2] INFO: 成功解析电影: 小偷家族 (排名: 189)
2025-03-05 22:00:11 [douban2] INFO: Redis存储状态 - 节点movies_douban3: 38条, 全局: 109条
2025-03-05 22:00:11 [Douban2.pipelines] INFO: 当前总采集数量: 109
2025-03-05 22:00:11 [douban2] INFO: 采集进度 - 排名: 189, 当前节点: 30, 总进度: 109/250
2025-03-05 22:00:12 [scrapy.extensions.throttle] INFO: slot: http://wvR6upmH4hiV9OSo:80kOlNDhuUFnLpJ3_country-cn@geo.iproyal.com:11201 | conc: 1 | delay: 3000 ms (+0) | latency: 1760 ms | size: 25677 bytes
2025-03-05 22:00:14 [douban2] INFO: 成功解析电影: 恐怖游轮 (排名: 192)
2025-03-05 22:00:14 [douban2] INFO: Redis存储状态 - 节点movies_douban3: 39条, 全局: 112条
2025-03-05 22:00:14 [Douban2.pipelines] INFO: 当前总采集数量: 112
2025-03-05 22:00:14 [douban2] INFO: 采集进度 - 排名: 192, 当前节点: 31, 总进度: 112/250
2025-03-05 22:00:16 [scrapy.extensions.throttle] INFO: slot: http://wvR6upmH4hiV9OSo:80kOlNDhuUFnLpJ3_country-cn@geo.iproyal.com:11201 | conc: 1 | delay: 3000 ms (+0) | latency: 1836 ms | size: 25592 bytes
2025-03-05 22:00:16 [douban2] INFO: 创建请求: https://movie.douban.com/top250?start=25&filter=
2025-03-05 22:00:18 [douban2] INFO: 成功解析电影: 上帝之城 (排名: 176)
2025-03-05 22:00:18 [douban2] INFO: Redis存储状态 - 节点movies_douban3: 40条, 全局: 115条
2025-03-05 22:00:18 [Douban2.pipelines] INFO: 当前总采集数量: 115
2025-03-05 22:00:18 [douban2] INFO: 采集进度 - 排名: 176, 当前节点: 32, 总进度: 115/250
2025-03-05 22:00:19 [scrapy.extensions.logstats] INFO: Crawled 32 pages (at 16 pages/min), scraped 32 items (at 16 items/min)
2025-03-05 22:00:20 [scrapy.extensions.throttle] INFO: slot: http://wvR6upmH4hiV9OSo:80kOlNDhuUFnLpJ3_country-cn@geo.iproyal.com:11201 | conc: 1 | delay: 3000 ms (+0) | latency: 1558 ms | size: 25314 bytes
2025-03-05 22:00:20 [douban2] INFO: 创建请求: https://movie.douban.com/top250
2025-03-05 22:00:22 [douban2] INFO: 成功解析电影: 荒蛮故事 (排名: 198)
2025-03-05 22:00:22 [douban2] INFO: Redis存储状态 - 节点movies_douban3: 41条, 全局: 119条
2025-03-05 22:00:22 [Douban2.pipelines] INFO: 当前总采集数量: 119
2025-03-05 22:00:22 [douban2] INFO: 采集进度 - 排名: 198, 当前节点: 33, 总进度: 119/250
2025-03-05 22:00:25 [scrapy.extensions.throttle] INFO: slot: http://wvR6upmH4hiV9OSo:80kOlNDhuUFnLpJ3_country-cn@geo.iproyal.com:11201 | conc: 1 | delay: 3000 ms (+0) | latency: 2675 ms | size: 11635 bytes
2025-03-05 22:00:26 [douban2] INFO: 开始解析页面: https://movie.douban.com/top250?start=25&filter=
2025-03-05 22:00:26 [douban2] INFO: 找到 25 个电影条目
2025-03-05 22:00:27 [scrapy.extensions.throttle] INFO: slot: http://wvR6upmH4hiV9OSo:80kOlNDhuUFnLpJ3_country-cn@geo.iproyal.com:11201 | conc: 1 | delay: 3000 ms (+0) | latency:  539 ms | size: 11473 bytes
2025-03-05 22:00:28 [douban2] INFO: 开始解析页面: https://movie.douban.com/top250
2025-03-05 22:00:28 [douban2] INFO: 找到 25 个电影条目
2025-03-05 22:00:35 [scrapy.extensions.throttle] INFO: slot: http://wvR6upmH4hiV9OSo:80kOlNDhuUFnLpJ3_country-cn@geo.iproyal.com:11201 | conc: 2 | delay: 3000 ms (+0) | latency: 3910 ms | size: 25968 bytes
2025-03-05 22:00:36 [douban2] INFO: 成功解析电影: 一一 (排名: 95)
2025-03-05 22:00:36 [douban2] INFO: Redis存储状态 - 节点movies_douban3: 42条, 全局: 119条
2025-03-05 22:00:36 [Douban2.pipelines] INFO: 当前总采集数量: 121
2025-03-05 22:00:36 [douban2] INFO: 采集进度 - 排名: 95, 当前节点: 34, 总进度: 121/250
2025-03-05 22:00:36 [scrapy.extensions.throttle] INFO: slot: http://wvR6upmH4hiV9OSo:80kOlNDhuUFnLpJ3_country-cn@geo.iproyal.com:11201 | conc: 1 | delay: 3000 ms (+0) | latency: 1812 ms | size: 27103 bytes
2025-03-05 22:00:38 [douban2] INFO: 成功解析电影: 功夫 (排名: 73)
2025-03-05 22:00:38 [douban2] INFO: Redis存储状态 - 节点movies_douban3: 43条, 全局: 119条
2025-03-05 22:00:38 [Douban2.pipelines] INFO: 当前总采集数量: 122
2025-03-05 22:00:38 [douban2] INFO: 采集进度 - 排名: 73, 当前节点: 35, 总进度: 122/250
2025-03-05 22:00:42 [scrapy.extensions.throttle] INFO: slot: http://wvR6upmH4hiV9OSo:80kOlNDhuUFnLpJ3_country-cn@geo.iproyal.com:11201 | conc: 1 | delay: 3000 ms (+0) | latency: 3442 ms | size: 26695 bytes
2025-03-05 22:00:43 [douban2] INFO: 成功解析电影: 无间道 (排名: 18)
2025-03-05 22:00:43 [douban2] INFO: Redis存储状态 - 节点movies_douban3: 44条, 全局: 119条
2025-03-05 22:00:43 [Douban2.pipelines] INFO: 当前总采集数量: 125
2025-03-05 22:00:43 [douban2] INFO: 采集进度 - 排名: 18, 当前节点: 36, 总进度: 125/250
2025-03-05 22:00:45 [scrapy.extensions.throttle] INFO: slot: http://wvR6upmH4hiV9OSo:80kOlNDhuUFnLpJ3_country-cn@geo.iproyal.com:11201 | conc: 1 | delay: 3000 ms (+0) | latency: 1507 ms | size: 27890 bytes
2025-03-05 22:00:46 [douban2] INFO: 成功解析电影: 控方证人 (排名: 19)
2025-03-05 22:00:46 [douban2] INFO: Redis存储状态 - 节点movies_douban3: 45条, 全局: 119条
2025-03-05 22:00:46 [Douban2.pipelines] INFO: 当前总采集数量: 126
2025-03-05 22:00:46 [douban2] INFO: 采集进度 - 排名: 19, 当前节点: 37, 总进度: 126/250
2025-03-05 22:00:50 [scrapy.extensions.throttle] INFO: slot: http://wvR6upmH4hiV9OSo:80kOlNDhuUFnLpJ3_country-cn@geo.iproyal.com:11201 | conc: 1 | delay: 3000 ms (+0) | latency: 2748 ms | size: 26628 bytes
2025-03-05 22:00:51 [douban2] INFO: 成功解析电影: 海上钢琴师 (排名: 13)
2025-03-05 22:00:51 [douban2] INFO: Redis存储状态 - 节点movies_douban3: 46条, 全局: 119条
2025-03-05 22:00:51 [Douban2.pipelines] INFO: 当前总采集数量: 130
2025-03-05 22:00:51 [douban2] INFO: 采集进度 - 排名: 13, 当前节点: 38, 总进度: 130/250
2025-03-05 22:00:53 [scrapy.extensions.throttle] INFO: slot: http://wvR6upmH4hiV9OSo:80kOlNDhuUFnLpJ3_country-cn@geo.iproyal.com:11201 | conc: 1 | delay: 3000 ms (+0) | latency: 1590 ms | size: 26153 bytes
2025-03-05 22:00:54 [douban2] INFO: 成功解析电影: 楚门的世界 (排名: 10)
2025-03-05 22:00:54 [douban2] INFO: Redis存储状态 - 节点movies_douban3: 47条, 全局: 119条
2025-03-05 22:00:54 [Douban2.pipelines] INFO: 当前总采集数量: 131
2025-03-05 22:00:54 [douban2] INFO: 采集进度 - 排名: 10, 当前节点: 39, 总进度: 131/250
2025-03-05 22:00:58 [scrapy.extensions.throttle] INFO: slot: http://wvR6upmH4hiV9OSo:80kOlNDhuUFnLpJ3_country-cn@geo.iproyal.com:11201 | conc: 1 | delay: 3000 ms (+0) | latency: 3058 ms | size: 28480 bytes
2025-03-05 22:01:00 [douban2] INFO: 成功解析电影: 泰坦尼克号 (排名: 3)
2025-03-05 22:01:00 [douban2] INFO: Redis存储状态 - 节点movies_douban3: 48条, 全局: 119条
2025-03-05 22:01:00 [Douban2.pipelines] INFO: 当前总采集数量: 135
2025-03-05 22:01:00 [douban2] INFO: 采集进度 - 排名: 3, 当前节点: 40, 总进度: 135/250
2025-03-05 22:01:01 [scrapy.extensions.throttle] INFO: slot: http://wvR6upmH4hiV9OSo:80kOlNDhuUFnLpJ3_country-cn@geo.iproyal.com:11201 | conc: 1 | delay: 3000 ms (+0) | latency: 1322 ms | size: 26621 bytes
2025-03-05 22:01:03 [douban2] INFO: 成功解析电影: 机器人总动员 (排名: 16)
2025-03-05 22:01:03 [douban2] INFO: Redis存储状态 - 节点movies_douban3: 49条, 全局: 121条
2025-03-05 22:01:03 [Douban2.pipelines] INFO: 当前总采集数量: 138
2025-03-05 22:01:03 [douban2] INFO: 采集进度 - 排名: 16, 当前节点: 41, 总进度: 138/250
2025-03-05 22:01:05 [scrapy.extensions.throttle] INFO: slot: http://wvR6upmH4hiV9OSo:80kOlNDhuUFnLpJ3_country-cn@geo.iproyal.com:11201 | conc: 1 | delay: 3000 ms (+0) | latency: 2313 ms | size: 26627 bytes
2025-03-05 22:01:07 [douban2] INFO: 成功解析电影: 放牛班的春天 (排名: 15)
2025-03-05 22:01:07 [douban2] INFO: Redis存储状态 - 节点movies_douban3: 50条, 全局: 124条
2025-03-05 22:01:07 [Douban2.pipelines] INFO: 当前总采集数量: 141
2025-03-05 22:01:07 [douban2] INFO: 采集进度 - 排名: 15, 当前节点: 42, 总进度: 141/250
2025-03-05 22:01:09 [scrapy.extensions.throttle] INFO: slot: http://wvR6upmH4hiV9OSo:80kOlNDhuUFnLpJ3_country-cn@geo.iproyal.com:11201 | conc: 1 | delay: 3000 ms (+0) | latency: 2211 ms | size: 25926 bytes
2025-03-05 22:01:11 [douban2] INFO: 成功解析电影: 龙猫 (排名: 27)
2025-03-05 22:01:11 [douban2] INFO: Redis存储状态 - 节点movies_douban3: 51条, 全局: 125条
2025-03-05 22:01:11 [Douban2.pipelines] INFO: 当前总采集数量: 143
2025-03-05 22:01:11 [douban2] INFO: 采集进度 - 排名: 27, 当前节点: 43, 总进度: 143/250
2025-03-05 22:01:14 [scrapy.extensions.throttle] INFO: slot: http://wvR6upmH4hiV9OSo:80kOlNDhuUFnLpJ3_country-cn@geo.iproyal.com:11201 | conc: 2 | delay: 3000 ms (+0) | latency: 3037 ms | size: 24969 bytes
2025-03-05 22:01:16 [douban2] INFO: 成功解析电影: 饮食男女 (排名: 61)
2025-03-05 22:01:16 [douban2] INFO: Redis存储状态 - 节点movies_douban3: 51条, 全局: 125条
2025-03-05 22:01:16 [Douban2.pipelines] INFO: 当前总采集数量: 145
2025-03-05 22:01:16 [douban2] INFO: 采集进度 - 排名: 61, 当前节点: 44, 总进度: 145/250
2025-03-05 22:01:16 [scrapy.extensions.throttle] INFO: slot: http://wvR6upmH4hiV9OSo:80kOlNDhuUFnLpJ3_country-cn@geo.iproyal.com:11201 | conc: 1 | delay: 3000 ms (+0) | latency: 2200 ms | size: 26710 bytes
2025-03-05 22:01:17 [douban2] INFO: 成功解析电影: 七宗罪 (排名: 98)
2025-03-05 22:01:17 [douban2] INFO: Redis存储状态 - 节点movies_douban3: 52条, 全局: 125条
2025-03-05 22:01:17 [Douban2.pipelines] INFO: 当前总采集数量: 147
2025-03-05 22:01:17 [douban2] INFO: 采集进度 - 排名: 98, 当前节点: 45, 总进度: 147/250
2025-03-05 22:01:19 [scrapy.extensions.logstats] INFO: Crawled 47 pages (at 15 pages/min), scraped 45 items (at 13 items/min)
2025-03-05 22:01:20 [scrapy.extensions.throttle] INFO: slot: http://wvR6upmH4hiV9OSo:80kOlNDhuUFnLpJ3_country-cn@geo.iproyal.com:11201 | conc: 1 | delay: 3000 ms (+0) | latency: 1777 ms | size: 26125 bytes
2025-03-05 22:01:21 [douban2] INFO: 成功解析电影: 致命ID (排名: 90)
2025-03-05 22:01:21 [douban2] INFO: Redis存储状态 - 节点movies_douban3: 53条, 全局: 125条
2025-03-05 22:01:21 [Douban2.pipelines] INFO: 当前总采集数量: 148
2025-03-05 22:01:21 [douban2] INFO: 采集进度 - 排名: 90, 当前节点: 46, 总进度: 148/250
2025-03-05 22:01:23 [scrapy.extensions.throttle] INFO: slot: http://wvR6upmH4hiV9OSo:80kOlNDhuUFnLpJ3_country-cn@geo.iproyal.com:11201 | conc: 1 | delay: 3000 ms (+0) | latency: 1648 ms | size: 24081 bytes
2025-03-05 22:01:24 [douban2] INFO: 成功解析电影: 春光乍泄 (排名: 91)
2025-03-05 22:01:24 [douban2] INFO: Redis存储状态 - 节点movies_douban3: 53条, 全局: 125条
2025-03-05 22:01:24 [Douban2.pipelines] INFO: 当前总采集数量: 150
2025-03-05 22:01:24 [douban2] INFO: 采集进度 - 排名: 91, 当前节点: 47, 总进度: 150/250
2025-03-05 22:01:28 [scrapy.extensions.throttle] INFO: slot: http://wvR6upmH4hiV9OSo:80kOlNDhuUFnLpJ3_country-cn@geo.iproyal.com:11201 | conc: 1 | delay: 3000 ms (+0) | latency: 2196 ms | size: 29371 bytes
2025-03-05 22:01:30 [douban2] INFO: 成功解析电影: 教父2 (排名: 57)
2025-03-05 22:01:30 [douban2] INFO: Redis存储状态 - 节点movies_douban3: 54条, 全局: 125条
2025-03-05 22:01:30 [Douban2.pipelines] INFO: 当前总采集数量: 152
2025-03-05 22:01:30 [douban2] INFO: 采集进度 - 排名: 57, 当前节点: 48, 总进度: 152/250
2025-03-05 22:01:32 [scrapy.extensions.throttle] INFO: slot: http://wvR6upmH4hiV9OSo:80kOlNDhuUFnLpJ3_country-cn@geo.iproyal.com:11201 | conc: 1 | delay: 3000 ms (+0) | latency: 2226 ms | size: 28414 bytes
2025-03-05 22:01:33 [douban2] INFO: 成功解析电影: 阿凡达 (排名: 72)
2025-03-05 22:01:33 [douban2] INFO: Redis存储状态 - 节点movies_douban3: 55条, 全局: 125条
2025-03-05 22:01:33 [Douban2.pipelines] INFO: 当前总采集数量: 154
2025-03-05 22:01:33 [douban2] INFO: 采集进度 - 排名: 72, 当前节点: 49, 总进度: 154/250
2025-03-05 22:01:36 [scrapy.extensions.throttle] INFO: slot: http://wvR6upmH4hiV9OSo:80kOlNDhuUFnLpJ3_country-cn@geo.iproyal.com:11201 | conc: 2 | delay: 3000 ms (+0) | latency: 2021 ms | size: 26876 bytes
2025-03-05 22:01:37 [douban2] INFO: 成功解析电影: 蝴蝶效应 (排名: 81)
2025-03-05 22:01:37 [douban2] INFO: Redis存储状态 - 节点movies_douban3: 56条, 全局: 125条
2025-03-05 22:01:37 [Douban2.pipelines] INFO: 当前总采集数量: 157
2025-03-05 22:01:37 [douban2] INFO: 采集进度 - 排名: 81, 当前节点: 50, 总进度: 157/250
2025-03-05 22:01:37 [scrapy.extensions.throttle] INFO: slot: http://wvR6upmH4hiV9OSo:80kOlNDhuUFnLpJ3_country-cn@geo.iproyal.com:11201 | conc: 1 | delay: 3000 ms (+0) | latency: 1607 ms | size: 27091 bytes
2025-03-05 22:01:39 [douban2] INFO: 成功解析电影: 钢琴家 (排名: 46)
2025-03-05 22:01:39 [douban2] INFO: Redis存储状态 - 节点movies_douban3: 56条, 全局: 125条
2025-03-05 22:01:39 [Douban2.pipelines] INFO: 当前总采集数量: 157
2025-03-05 22:01:39 [douban2] INFO: 采集进度 - 排名: 46, 当前节点: 51, 总进度: 157/250
2025-03-05 22:01:42 [scrapy.extensions.throttle] INFO: slot: http://wvR6upmH4hiV9OSo:80kOlNDhuUFnLpJ3_country-cn@geo.iproyal.com:11201 | conc: 1 | delay: 3000 ms (+0) | latency: 2079 ms | size: 26257 bytes
2025-03-05 22:01:43 [douban2] INFO: 成功解析电影: 让子弹飞 (排名: 36)
2025-03-05 22:01:43 [douban2] INFO: Redis存储状态 - 节点movies_douban3: 57条, 全局: 125条
2025-03-05 22:01:43 [Douban2.pipelines] INFO: 当前总采集数量: 160
2025-03-05 22:01:43 [douban2] INFO: 采集进度 - 排名: 36, 当前节点: 52, 总进度: 160/250
2025-03-05 22:01:45 [scrapy.extensions.throttle] INFO: slot: http://wvR6upmH4hiV9OSo:80kOlNDhuUFnLpJ3_country-cn@geo.iproyal.com:11201 | conc: 1 | delay: 3000 ms (+0) | latency: 1430 ms | size: 26023 bytes
2025-03-05 22:01:47 [douban2] INFO: 成功解析电影: 天空之城 (排名: 42)
2025-03-05 22:01:47 [douban2] INFO: Redis存储状态 - 节点movies_douban3: 58条, 全局: 125条
2025-03-05 22:01:47 [Douban2.pipelines] INFO: 当前总采集数量: 161
2025-03-05 22:01:47 [douban2] INFO: 采集进度 - 排名: 42, 当前节点: 53, 总进度: 161/250
2025-03-05 22:01:50 [scrapy.extensions.throttle] INFO: slot: http://wvR6upmH4hiV9OSo:80kOlNDhuUFnLpJ3_country-cn@geo.iproyal.com:11201 | conc: 1 | delay: 3000 ms (+0) | latency: 2411 ms | size: 27264 bytes
2025-03-05 22:01:52 [douban2] INFO: 成功解析电影: 末代皇帝 (排名: 26)
2025-03-05 22:01:52 [douban2] INFO: Redis存储状态 - 节点movies_douban3: 59条, 全局: 125条
2025-03-05 22:01:52 [Douban2.pipelines] INFO: 当前总采集数量: 163
2025-03-05 22:01:52 [douban2] INFO: 采集进度 - 排名: 26, 当前节点: 54, 总进度: 163/250
2025-03-05 22:01:54 [scrapy.extensions.throttle] INFO: slot: http://wvR6upmH4hiV9OSo:80kOlNDhuUFnLpJ3_country-cn@geo.iproyal.com:11201 | conc: 1 | delay: 3000 ms (+0) | latency: 1671 ms | size: 27087 bytes
2025-03-05 22:01:55 [douban2] INFO: 成功解析电影: 乱世佳人 (排名: 34)
2025-03-05 22:01:55 [douban2] INFO: Redis存储状态 - 节点movies_douban3: 59条, 全局: 125条
2025-03-05 22:01:55 [Douban2.pipelines] INFO: 当前总采集数量: 166
2025-03-05 22:01:55 [douban2] INFO: 采集进度 - 排名: 34, 当前节点: 55, 总进度: 166/250
2025-03-05 22:01:57 [scrapy.extensions.throttle] INFO: slot: http://wvR6upmH4hiV9OSo:80kOlNDhuUFnLpJ3_country-cn@geo.iproyal.com:11201 | conc: 1 | delay: 3000 ms (+0) | latency: 2141 ms | size: 26839 bytes
2025-03-05 22:01:59 [douban2] INFO: 成功解析电影: 音乐之声 (排名: 70)
2025-03-05 22:01:59 [douban2] INFO: Redis存储状态 - 节点movies_douban3: 60条, 全局: 125条
2025-03-05 22:01:59 [Douban2.pipelines] INFO: 当前总采集数量: 168
2025-03-05 22:01:59 [douban2] INFO: 采集进度 - 排名: 70, 当前节点: 56, 总进度: 168/250
2025-03-05 22:02:01 [scrapy.extensions.throttle] INFO: slot: http://wvR6upmH4hiV9OSo:80kOlNDhuUFnLpJ3_country-cn@geo.iproyal.com:11201 | conc: 1 | delay: 3000 ms (+0) | latency: 1733 ms | size: 25834 bytes
2025-03-05 22:02:03 [dns_cache] INFO: DNS解析成功: movie.douban.com -> 120.53.130.158 (TTL: 96s)
2025-03-05 22:02:03 [douban2] INFO: 成功解析电影: 飞越疯人院 (排名: 79)
2025-03-05 22:02:03 [douban2] INFO: Redis存储状态 - 节点movies_douban3: 60条, 全局: 125条
2025-03-05 22:02:03 [Douban2.pipelines] INFO: 当前总采集数量: 169
2025-03-05 22:02:03 [douban2] INFO: 采集进度 - 排名: 79, 当前节点: 57, 总进度: 169/250
2025-03-05 22:02:05 [scrapy.extensions.throttle] INFO: slot: http://wvR6upmH4hiV9OSo:80kOlNDhuUFnLpJ3_country-cn@geo.iproyal.com:11201 | conc: 1 | delay: 3000 ms (+0) | latency: 2391 ms | size: 26696 bytes
2025-03-05 22:02:07 [douban2] INFO: 成功解析电影: 搏击俱乐部 (排名: 62)
2025-03-05 22:02:07 [douban2] INFO: Redis存储状态 - 节点movies_douban3: 61条, 全局: 125条
2025-03-05 22:02:07 [Douban2.pipelines] INFO: 当前总采集数量: 171
2025-03-05 22:02:07 [douban2] INFO: 采集进度 - 排名: 62, 当前节点: 58, 总进度: 171/250
2025-03-05 22:02:08 [scrapy.extensions.throttle] INFO: slot: http://wvR6upmH4hiV9OSo:80kOlNDhuUFnLpJ3_country-cn@geo.iproyal.com:11201 | conc: 1 | delay: 3000 ms (+0) | latency: 1544 ms | size: 27455 bytes
2025-03-05 22:02:10 [douban2] INFO: 成功解析电影: 哈利·波特与魔法石 (排名: 28)
2025-03-05 22:02:10 [douban2] INFO: Redis存储状态 - 节点movies_douban3: 62条, 全局: 125条
2025-03-05 22:02:10 [Douban2.pipelines] INFO: 当前总采集数量: 173
2025-03-05 22:02:10 [douban2] INFO: 采集进度 - 排名: 28, 当前节点: 59, 总进度: 173/250
2025-03-05 22:02:13 [scrapy.extensions.throttle] INFO: slot: http://wvR6upmH4hiV9OSo:80kOlNDhuUFnLpJ3_country-cn@geo.iproyal.com:11201 | conc: 1 | delay: 3000 ms (+0) | latency: 1859 ms | size: 26260 bytes
2025-03-05 22:02:15 [douban2] INFO: 成功解析电影: 天堂电影院 (排名: 59)
2025-03-05 22:02:15 [douban2] INFO: Redis存储状态 - 节点movies_douban3: 62条, 全局: 125条
2025-03-05 22:02:15 [Douban2.pipelines] INFO: 当前总采集数量: 174
2025-03-05 22:02:15 [douban2] INFO: 采集进度 - 排名: 59, 当前节点: 60, 总进度: 174/250
2025-03-05 22:02:16 [scrapy.extensions.throttle] INFO: slot: http://wvR6upmH4hiV9OSo:80kOlNDhuUFnLpJ3_country-cn@geo.iproyal.com:11201 | conc: 1 | delay: 3000 ms (+0) | latency: 1618 ms | size: 26562 bytes
2025-03-05 22:02:18 [douban2] INFO: 成功解析电影: 窃听风暴 (排名: 67)
2025-03-05 22:02:18 [douban2] INFO: Redis存储状态 - 节点movies_douban3: 62条, 全局: 125条
2025-03-05 22:02:18 [Douban2.pipelines] INFO: 当前总采集数量: 174
2025-03-05 22:02:18 [douban2] INFO: 采集进度 - 排名: 67, 当前节点: 61, 总进度: 174/250
2025-03-05 22:02:19 [scrapy.extensions.logstats] INFO: Crawled 63 pages (at 16 pages/min), scraped 61 items (at 16 items/min)
2025-03-05 22:02:20 [scrapy.extensions.throttle] INFO: slot: http://wvR6upmH4hiV9OSo:80kOlNDhuUFnLpJ3_country-cn@geo.iproyal.com:11201 | conc: 1 | delay: 3000 ms (+0) | latency: 2150 ms | size: 27982 bytes
2025-03-05 22:02:22 [douban2] INFO: 成功解析电影: 哈尔的移动城堡 (排名: 37)
2025-03-05 22:02:22 [douban2] INFO: Redis存储状态 - 节点movies_douban3: 63条, 全局: 125条
2025-03-05 22:02:22 [Douban2.pipelines] INFO: 当前总采集数量: 175
2025-03-05 22:02:22 [douban2] INFO: 采集进度 - 排名: 37, 当前节点: 62, 总进度: 175/250
2025-03-05 22:02:23 [scrapy.extensions.throttle] INFO: slot: http://wvR6upmH4hiV9OSo:80kOlNDhuUFnLpJ3_country-cn@geo.iproyal.com:11201 | conc: 1 | delay: 3000 ms (+0) | latency: 1622 ms | size: 28398 bytes
2025-03-05 22:02:25 [douban2] INFO: 成功解析电影: 哈利·波特与密室 (排名: 88)
2025-03-05 22:02:25 [douban2] INFO: Redis存储状态 - 节点movies_douban3: 63条, 全局: 125条
2025-03-05 22:02:25 [Douban2.pipelines] INFO: 当前总采集数量: 177
2025-03-05 22:02:25 [douban2] INFO: 采集进度 - 排名: 88, 当前节点: 63, 总进度: 177/250
2025-03-05 22:02:28 [scrapy.extensions.throttle] INFO: slot: http://wvR6upmH4hiV9OSo:80kOlNDhuUFnLpJ3_country-cn@geo.iproyal.com:11201 | conc: 2 | delay: 3000 ms (+0) | latency: 2134 ms | size: 28296 bytes
2025-03-05 22:02:30 [douban2] INFO: 成功解析电影: 布达佩斯大饭店 (排名: 80)
2025-03-05 22:02:30 [douban2] INFO: Redis存储状态 - 节点movies_douban3: 64条, 全局: 125条
2025-03-05 22:02:30 [Douban2.pipelines] INFO: 当前总采集数量: 180
2025-03-05 22:02:30 [douban2] INFO: 采集进度 - 排名: 80, 当前节点: 64, 总进度: 180/250
2025-03-05 22:02:30 [scrapy.extensions.throttle] INFO: slot: http://wvR6upmH4hiV9OSo:80kOlNDhuUFnLpJ3_country-cn@geo.iproyal.com:11201 | conc: 1 | delay: 3000 ms (+0) | latency: 1919 ms | size: 29896 bytes
2025-03-05 22:02:32 [douban2] INFO: 成功解析电影: 指环王3：王者无敌 (排名: 32)
2025-03-05 22:02:32 [douban2] INFO: Redis存储状态 - 节点movies_douban3: 65条, 全局: 125条
2025-03-05 22:02:32 [Douban2.pipelines] INFO: 当前总采集数量: 181
2025-03-05 22:02:32 [douban2] INFO: 采集进度 - 排名: 32, 当前节点: 65, 总进度: 181/250
2025-03-05 22:02:34 [scrapy.extensions.throttle] INFO: slot: http://wvR6upmH4hiV9OSo:80kOlNDhuUFnLpJ3_country-cn@geo.iproyal.com:11201 | conc: 1 | delay: 3000 ms (+0) | latency: 2274 ms | size: 30232 bytes
2025-03-05 22:02:35 [douban2] INFO: 成功解析电影: 西西里的美丽传说 (排名: 71)
2025-03-05 22:02:35 [douban2] INFO: Redis存储状态 - 节点movies_douban3: 66条, 全局: 125条
2025-03-05 22:02:35 [Douban2.pipelines] INFO: 当前总采集数量: 183
2025-03-05 22:02:35 [douban2] INFO: 采集进度 - 排名: 71, 当前节点: 66, 总进度: 183/250
2025-03-05 22:02:37 [scrapy.extensions.throttle] INFO: slot: http://wvR6upmH4hiV9OSo:80kOlNDhuUFnLpJ3_country-cn@geo.iproyal.com:11201 | conc: 1 | delay: 3000 ms (+0) | latency: 1742 ms | size: 28765 bytes
2025-03-05 22:02:39 [douban2] INFO: 成功解析电影: 蝙蝠侠：黑暗骑士 (排名: 31)
2025-03-05 22:02:39 [douban2] INFO: Redis存储状态 - 节点movies_douban3: 66条, 全局: 125条
2025-03-05 22:02:39 [Douban2.pipelines] INFO: 当前总采集数量: 185
2025-03-05 22:02:39 [douban2] INFO: 采集进度 - 排名: 31, 当前节点: 67, 总进度: 185/250
2025-03-05 22:02:42 [scrapy.extensions.throttle] INFO: slot: http://wvR6upmH4hiV9OSo:80kOlNDhuUFnLpJ3_country-cn@geo.iproyal.com:11201 | conc: 1 | delay: 3000 ms (+0) | latency: 1825 ms | size: 25387 bytes
2025-03-05 22:02:43 [douban2] INFO: 成功解析电影: 喜宴 (排名: 151)
2025-03-05 22:02:43 [douban2] INFO: Redis存储状态 - 节点movies_douban3: 67条, 全局: 126条
2025-03-05 22:02:43 [Douban2.pipelines] INFO: 当前总采集数量: 187
2025-03-05 22:02:43 [douban2] INFO: 采集进度 - 排名: 151, 当前节点: 68, 总进度: 187/250
2025-03-05 22:02:44 [scrapy.extensions.throttle] INFO: slot: http://wvR6upmH4hiV9OSo:80kOlNDhuUFnLpJ3_country-cn@geo.iproyal.com:11201 | conc: 1 | delay: 3000 ms (+0) | latency: 1430 ms | size: 25731 bytes
2025-03-05 22:02:46 [douban2] INFO: 成功解析电影: 我是山姆 (排名: 159)
2025-03-05 22:02:46 [douban2] INFO: Redis存储状态 - 节点movies_douban3: 68条, 全局: 127条
2025-03-05 22:02:46 [Douban2.pipelines] INFO: 当前总采集数量: 188
2025-03-05 22:02:46 [douban2] INFO: 采集进度 - 排名: 159, 当前节点: 69, 总进度: 188/250
2025-03-05 22:02:50 [scrapy.extensions.throttle] INFO: slot: http://wvR6upmH4hiV9OSo:80kOlNDhuUFnLpJ3_country-cn@geo.iproyal.com:11201 | conc: 1 | delay: 3000 ms (+0) | latency: 2200 ms | size: 27143 bytes
2025-03-05 22:02:51 [douban2] INFO: 成功解析电影: 心迷宫 (排名: 181)
2025-03-05 22:02:51 [douban2] INFO: Redis存储状态 - 节点movies_douban3: 69条, 全局: 130条
2025-03-05 22:02:51 [Douban2.pipelines] INFO: 当前总采集数量: 192
2025-03-05 22:02:51 [douban2] INFO: 采集进度 - 排名: 181, 当前节点: 70, 总进度: 192/250
2025-03-05 22:02:54 [scrapy.extensions.throttle] INFO: slot: http://wvR6upmH4hiV9OSo:80kOlNDhuUFnLpJ3_country-cn@geo.iproyal.com:11201 | conc: 1 | delay: 3000 ms (+0) | latency: 1966 ms | size: 26745 bytes
2025-03-05 22:02:55 [douban2] INFO: 成功解析电影: 风之谷 (排名: 179)
2025-03-05 22:02:55 [douban2] INFO: Redis存储状态 - 节点movies_douban3: 69条, 全局: 131条
2025-03-05 22:02:55 [Douban2.pipelines] INFO: 当前总采集数量: 194
2025-03-05 22:02:55 [douban2] INFO: 采集进度 - 排名: 179, 当前节点: 71, 总进度: 194/250
2025-03-05 22:02:57 [scrapy.extensions.throttle] INFO: slot: http://wvR6upmH4hiV9OSo:80kOlNDhuUFnLpJ3_country-cn@geo.iproyal.com:11201 | conc: 1 | delay: 3000 ms (+0) | latency: 1593 ms | size: 27012 bytes
2025-03-05 22:02:59 [douban2] INFO: 成功解析电影: 东京教父 (排名: 194)
2025-03-05 22:02:59 [douban2] INFO: Redis存储状态 - 节点movies_douban3: 70条, 全局: 131条
2025-03-05 22:02:59 [Douban2.pipelines] INFO: 当前总采集数量: 196
2025-03-05 22:02:59 [douban2] INFO: 采集进度 - 排名: 194, 当前节点: 72, 总进度: 196/250
2025-03-05 22:03:00 [scrapy.extensions.throttle] INFO: slot: http://wvR6upmH4hiV9OSo:80kOlNDhuUFnLpJ3_country-cn@geo.iproyal.com:11201 | conc: 1 | delay: 3000 ms (+0) | latency: 1692 ms | size: 26649 bytes
2025-03-05 22:03:02 [douban2] INFO: 成功解析电影: 绿里奇迹 (排名: 173)
2025-03-05 22:03:02 [douban2] INFO: Redis存储状态 - 节点movies_douban3: 71条, 全局: 134条
2025-03-05 22:03:02 [Douban2.pipelines] INFO: 当前总采集数量: 199
2025-03-05 22:03:02 [douban2] INFO: 采集进度 - 排名: 173, 当前节点: 73, 总进度: 199/250
2025-03-05 22:03:06 [scrapy.extensions.throttle] INFO: slot: http://wvR6upmH4hiV9OSo:80kOlNDhuUFnLpJ3_country-cn@geo.iproyal.com:11201 | conc: 1 | delay: 3000 ms (+0) | latency: 2430 ms | size: 26955 bytes
2025-03-05 22:03:07 [douban2] INFO: 成功解析电影: 谍影重重3 (排名: 171)
2025-03-05 22:03:07 [douban2] INFO: Redis存储状态 - 节点movies_douban3: 72条, 全局: 135条
2025-03-05 22:03:07 [Douban2.pipelines] INFO: 当前总采集数量: 201
2025-03-05 22:03:07 [douban2] INFO: 采集进度 - 排名: 171, 当前节点: 74, 总进度: 201/250
2025-03-05 22:03:10 [scrapy.extensions.throttle] INFO: slot: http://wvR6upmH4hiV9OSo:80kOlNDhuUFnLpJ3_country-cn@geo.iproyal.com:11201 | conc: 1 | delay: 3000 ms (+0) | latency: 3008 ms | size: 27324 bytes
2025-03-05 22:03:12 [douban2] INFO: 成功解析电影: 你的名字。 (排名: 161)
2025-03-05 22:03:12 [douban2] INFO: Redis存储状态 - 节点movies_douban3: 73条, 全局: 136条
2025-03-05 22:03:12 [Douban2.pipelines] INFO: 当前总采集数量: 203
2025-03-05 22:03:12 [douban2] INFO: 采集进度 - 排名: 161, 当前节点: 75, 总进度: 203/250
2025-03-05 22:03:14 [scrapy.extensions.throttle] INFO: slot: http://wvR6upmH4hiV9OSo:80kOlNDhuUFnLpJ3_country-cn@geo.iproyal.com:11201 | conc: 1 | delay: 3000 ms (+0) | latency: 2277 ms | size: 28610 bytes
2025-03-05 22:03:15 [douban2] INFO: 成功解析电影: 无敌破坏王 (排名: 187)
2025-03-05 22:03:15 [douban2] INFO: Redis存储状态 - 节点movies_douban3: 74条, 全局: 138条
2025-03-05 22:03:15 [Douban2.pipelines] INFO: 当前总采集数量: 207
2025-03-05 22:03:15 [douban2] INFO: 采集进度 - 排名: 187, 当前节点: 76, 总进度: 207/250
2025-03-05 22:03:18 [scrapy.extensions.throttle] INFO: slot: http://wvR6upmH4hiV9OSo:80kOlNDhuUFnLpJ3_country-cn@geo.iproyal.com:11201 | conc: 1 | delay: 3000 ms (+0) | latency: 2309 ms | size: 28240 bytes
2025-03-05 22:03:19 [scrapy.extensions.logstats] INFO: Crawled 79 pages (at 16 pages/min), scraped 76 items (at 15 items/min)
2025-03-05 22:03:19 [douban2] INFO: 成功解析电影: 小偷家族 (排名: 189)
2025-03-05 22:03:19 [douban2] INFO: Redis存储状态 - 节点movies_douban3: 74条, 全局: 138条
2025-03-05 22:03:19 [Douban2.pipelines] INFO: 当前总采集数量: 209
2025-03-05 22:03:19 [douban2] INFO: 采集进度 - 排名: 189, 当前节点: 77, 总进度: 209/250
2025-03-05 22:03:21 [scrapy.extensions.throttle] INFO: slot: http://wvR6upmH4hiV9OSo:80kOlNDhuUFnLpJ3_country-cn@geo.iproyal.com:11201 | conc: 1 | delay: 3000 ms (+0) | latency: 2012 ms | size: 25276 bytes
2025-03-05 22:03:23 [douban2] INFO: 成功解析电影: 大佛普拉斯 (排名: 200)
2025-03-05 22:03:23 [douban2] INFO: Redis存储状态 - 节点movies_douban3: 75条, 全局: 138条
2025-03-05 22:03:23 [Douban2.pipelines] INFO: 当前总采集数量: 212
2025-03-05 22:03:23 [douban2] INFO: 采集进度 - 排名: 200, 当前节点: 78, 总进度: 212/250
2025-03-05 22:03:25 [scrapy.extensions.throttle] INFO: slot: http://wvR6upmH4hiV9OSo:80kOlNDhuUFnLpJ3_country-cn@geo.iproyal.com:11201 | conc: 1 | delay: 3000 ms (+0) | latency: 1804 ms | size: 27649 bytes
2025-03-05 22:03:27 [douban2] INFO: 成功解析电影: 心灵奇旅 (排名: 170)
2025-03-05 22:03:27 [douban2] INFO: Redis存储状态 - 节点movies_douban3: 76条, 全局: 140条
2025-03-05 22:03:27 [Douban2.pipelines] INFO: 当前总采集数量: 214
2025-03-05 22:03:27 [douban2] INFO: 采集进度 - 排名: 170, 当前节点: 79, 总进度: 214/250
2025-03-05 22:03:29 [scrapy.extensions.throttle] INFO: slot: http://wvR6upmH4hiV9OSo:80kOlNDhuUFnLpJ3_country-cn@geo.iproyal.com:11201 | conc: 1 | delay: 3000 ms (+0) | latency: 2065 ms | size: 25861 bytes
2025-03-05 22:03:30 [douban2] INFO: 成功解析电影: 高山下的花环 (排名: 196)
2025-03-05 22:03:30 [douban2] INFO: Redis存储状态 - 节点movies_douban3: 77条, 全局: 141条
2025-03-05 22:03:30 [Douban2.pipelines] INFO: 当前总采集数量: 216
2025-03-05 22:03:30 [douban2] INFO: 采集进度 - 排名: 196, 当前节点: 80, 总进度: 216/250
2025-03-05 22:03:33 [scrapy.extensions.throttle] INFO: slot: http://wvR6upmH4hiV9OSo:80kOlNDhuUFnLpJ3_country-cn@geo.iproyal.com:11201 | conc: 1 | delay: 3000 ms (+0) | latency: 1439 ms | size: 25298 bytes
2025-03-05 22:03:34 [douban2] INFO: 成功解析电影: 荒蛮故事 (排名: 198)
2025-03-05 22:03:34 [douban2] INFO: Redis存储状态 - 节点movies_douban3: 77条, 全局: 143条
2025-03-05 22:03:34 [Douban2.pipelines] INFO: 当前总采集数量: 220
2025-03-05 22:03:34 [douban2] INFO: 采集进度 - 排名: 198, 当前节点: 81, 总进度: 220/250
2025-03-05 22:03:36 [scrapy.extensions.throttle] INFO: slot: http://wvR6upmH4hiV9OSo:80kOlNDhuUFnLpJ3_country-cn@geo.iproyal.com:11201 | conc: 1 | delay: 3000 ms (+0) | latency: 1725 ms | size: 27413 bytes
2025-03-05 22:03:38 [douban2] INFO: 成功解析电影: 背靠背，脸对脸 (排名: 165)
2025-03-05 22:03:38 [douban2] INFO: Redis存储状态 - 节点movies_douban3: 78条, 全局: 144条
2025-03-05 22:03:38 [Douban2.pipelines] INFO: 当前总采集数量: 221
2025-03-05 22:03:38 [douban2] INFO: 采集进度 - 排名: 165, 当前节点: 82, 总进度: 221/250
2025-03-05 22:03:41 [scrapy.extensions.throttle] INFO: slot: http://wvR6upmH4hiV9OSo:80kOlNDhuUFnLpJ3_country-cn@geo.iproyal.com:11201 | conc: 1 | delay: 3000 ms (+0) | latency: 1877 ms | size: 26123 bytes
2025-03-05 22:03:41 [douban2] INFO: 成功解析电影: 牯岭街少年杀人事件 (排名: 191)
2025-03-05 22:03:41 [douban2] INFO: Redis存储状态 - 节点movies_douban3: 79条, 全局: 148条
2025-03-05 22:03:41 [Douban2.pipelines] INFO: 当前总采集数量: 226
2025-03-05 22:03:41 [douban2] INFO: 采集进度 - 排名: 191, 当前节点: 83, 总进度: 226/250
2025-03-05 22:03:45 [scrapy.extensions.throttle] INFO: slot: http://wvR6upmH4hiV9OSo:80kOlNDhuUFnLpJ3_country-cn@geo.iproyal.com:11201 | conc: 1 | delay: 3000 ms (+0) | latency: 2838 ms | size: 27002 bytes
2025-03-05 22:03:47 [douban2] INFO: 成功解析电影: 黑客帝国3：矩阵革命 (排名: 164)
2025-03-05 22:03:47 [douban2] INFO: Redis存储状态 - 节点movies_douban3: 80条, 全局: 150条
2025-03-05 22:03:47 [Douban2.pipelines] INFO: 当前总采集数量: 228
2025-03-05 22:03:47 [douban2] INFO: 采集进度 - 排名: 164, 当前节点: 84, 总进度: 228/250
2025-03-05 22:03:48 [scrapy.extensions.throttle] INFO: slot: http://wvR6upmH4hiV9OSo:80kOlNDhuUFnLpJ3_country-cn@geo.iproyal.com:11201 | conc: 1 | delay: 3000 ms (+0) | latency: 1731 ms | size: 25289 bytes
2025-03-05 22:03:50 [douban2] INFO: 成功解析电影: 阳光灿烂的日子 (排名: 127)
2025-03-05 22:03:50 [douban2] INFO: Redis存储状态 - 节点movies_douban3: 81条, 全局: 152条
2025-03-05 22:03:50 [Douban2.pipelines] INFO: 当前总采集数量: 230
2025-03-05 22:03:50 [douban2] INFO: 采集进度 - 排名: 127, 当前节点: 85, 总进度: 230/250
2025-03-05 22:03:52 [scrapy.extensions.throttle] INFO: slot: http://wvR6upmH4hiV9OSo:80kOlNDhuUFnLpJ3_country-cn@geo.iproyal.com:11201 | conc: 1 | delay: 3000 ms (+0) | latency: 1911 ms | size: 24804 bytes
2025-03-05 22:03:53 [douban2] INFO: 成功解析电影: 花样年华 (排名: 135)
2025-03-05 22:03:53 [douban2] INFO: Redis存储状态 - 节点movies_douban3: 82条, 全局: 154条
2025-03-05 22:03:53 [Douban2.pipelines] INFO: 当前总采集数量: 232
2025-03-05 22:03:53 [douban2] INFO: 采集进度 - 排名: 135, 当前节点: 86, 总进度: 232/250
2025-03-05 22:03:56 [scrapy.extensions.throttle] INFO: slot: http://wvR6upmH4hiV9OSo:80kOlNDhuUFnLpJ3_country-cn@geo.iproyal.com:11201 | conc: 1 | delay: 3000 ms (+0) | latency: 2482 ms | size: 26025 bytes
2025-03-05 22:03:57 [douban2] INFO: 成功解析电影: 甜蜜蜜 (排名: 102)
2025-03-05 22:03:57 [douban2] INFO: Redis存储状态 - 节点movies_douban3: 83条, 全局: 157条
2025-03-05 22:03:57 [Douban2.pipelines] INFO: 当前总采集数量: 235
2025-03-05 22:03:57 [douban2] INFO: 采集进度 - 排名: 102, 当前节点: 87, 总进度: 235/250
2025-03-05 22:04:00 [scrapy.extensions.throttle] INFO: slot: http://wvR6upmH4hiV9OSo:80kOlNDhuUFnLpJ3_country-cn@geo.iproyal.com:11201 | conc: 2 | delay: 3000 ms (+0) | latency: 1262 ms | size: 25989 bytes
2025-03-05 22:04:01 [scrapy.extensions.throttle] INFO: slot: http://wvR6upmH4hiV9OSo:80kOlNDhuUFnLpJ3_country-cn@geo.iproyal.com:11201 | conc: 1 | delay: 3000 ms (+0) | latency: 4340 ms | size: 26261 bytes
2025-03-05 22:04:03 [douban2] INFO: 成功解析电影: 第六感 (排名: 109)
2025-03-05 22:04:03 [douban2] INFO: Redis存储状态 - 节点movies_douban3: 84条, 全局: 162条
2025-03-05 22:04:03 [Douban2.pipelines] INFO: 当前总采集数量: 240
2025-03-05 22:04:03 [douban2] INFO: 采集进度 - 排名: 109, 当前节点: 88, 总进度: 240/250
2025-03-05 22:04:03 [douban2] INFO: 成功解析电影: 色，戒 (排名: 142)
2025-03-05 22:04:03 [douban2] INFO: Redis存储状态 - 节点movies_douban3: 85条, 全局: 163条
2025-03-05 22:04:03 [Douban2.pipelines] INFO: 当前总采集数量: 241
2025-03-05 22:04:03 [douban2] INFO: 采集进度 - 排名: 142, 当前节点: 89, 总进度: 241/250
2025-03-05 22:04:04 [scrapy.extensions.throttle] INFO: slot: http://wvR6upmH4hiV9OSo:80kOlNDhuUFnLpJ3_country-cn@geo.iproyal.com:11201 | conc: 1 | delay: 3000 ms (+0) | latency: 1616 ms | size: 24328 bytes
2025-03-05 22:04:06 [douban2] INFO: 成功解析电影: 重庆森林 (排名: 110)
2025-03-05 22:04:06 [douban2] INFO: Redis存储状态 - 节点movies_douban3: 86条, 全局: 165条
2025-03-05 22:04:06 [Douban2.pipelines] INFO: 当前总采集数量: 243
2025-03-05 22:04:06 [douban2] INFO: 采集进度 - 排名: 110, 当前节点: 90, 总进度: 243/250
2025-03-05 22:04:10 [scrapy.extensions.throttle] INFO: slot: http://wvR6upmH4hiV9OSo:80kOlNDhuUFnLpJ3_country-cn@geo.iproyal.com:11201 | conc: 1 | delay: 3000 ms (+0) | latency: 1734 ms | size: 27091 bytes
2025-03-05 22:04:11 [douban2] INFO: 成功解析电影: 哪吒闹海 (排名: 144)
2025-03-05 22:04:11 [douban2] INFO: Redis存储状态 - 节点movies_douban3: 87条, 全局: 169条
2025-03-05 22:04:11 [Douban2.pipelines] INFO: 当前总采集数量: 247
2025-03-05 22:04:11 [douban2] INFO: 采集进度 - 排名: 144, 当前节点: 91, 总进度: 247/250
2025-03-05 22:04:12 [scrapy.extensions.throttle] INFO: slot: http://wvR6upmH4hiV9OSo:80kOlNDhuUFnLpJ3_country-cn@geo.iproyal.com:11201 | conc: 1 | delay: 3000 ms (+0) | latency: 1372 ms | size: 24646 bytes
2025-03-05 22:04:14 [douban2] INFO: 成功解析电影: 天书奇谭 (排名: 108)
2025-03-05 22:04:14 [douban2] INFO: Redis存储状态 - 节点movies_douban3: 88条, 全局: 172条
2025-03-05 22:04:14 [Douban2.pipelines] INFO: 当前总采集数量: 250
2025-03-05 22:04:14 [douban2] INFO: 采集进度 - 排名: 108, 当前节点: 92, 总进度: 250/250
2025-03-05 22:04:17 [scrapy.extensions.throttle] INFO: slot: http://wvR6upmH4hiV9OSo:80kOlNDhuUFnLpJ3_country-cn@geo.iproyal.com:11201 | conc: 1 | delay: 3000 ms (+0) | latency: 2561 ms | size: 26408 bytes
2025-03-05 22:04:18 [douban2] INFO: 成功解析电影: 驯龙高手 (排名: 131)
2025-03-05 22:04:18 [douban2] INFO: Redis存储状态 - 节点movies_douban3: 89条, 全局: 175条
2025-03-05 22:04:18 [Douban2.pipelines] INFO: 当前总采集数量: 253
2025-03-05 22:04:18 [douban2] INFO: 采集进度 - 排名: 131, 当前节点: 93, 总进度: 253/250
2025-03-05 22:04:19 [scrapy.extensions.logstats] INFO: Crawled 95 pages (at 16 pages/min), scraped 93 items (at 17 items/min)
2025-03-05 22:04:20 [scrapy.extensions.throttle] INFO: slot: http://wvR6upmH4hiV9OSo:80kOlNDhuUFnLpJ3_country-cn@geo.iproyal.com:11201 | conc: 1 | delay: 3000 ms (+0) | latency: 1745 ms | size: 25827 bytes
2025-03-05 22:04:22 [douban2] INFO: 成功解析电影: 未麻的部屋 (排名: 118)
2025-03-05 22:04:22 [douban2] INFO: Redis存储状态 - 节点movies_douban3: 90条, 全局: 178条
2025-03-05 22:04:22 [Douban2.pipelines] INFO: 当前总采集数量: 256
2025-03-05 22:04:22 [douban2] INFO: 采集进度 - 排名: 118, 当前节点: 94, 总进度: 256/250
2025-03-05 22:04:24 [scrapy.extensions.throttle] INFO: slot: http://wvR6upmH4hiV9OSo:80kOlNDhuUFnLpJ3_country-cn@geo.iproyal.com:11201 | conc: 1 | delay: 3000 ms (+0) | latency: 2235 ms | size: 28560 bytes
2025-03-05 22:04:26 [douban2] INFO: 成功解析电影: 幸福终点站 (排名: 141)
2025-03-05 22:04:26 [douban2] INFO: Redis存储状态 - 节点movies_douban3: 91条, 全局: 180条
2025-03-05 22:04:26 [Douban2.pipelines] INFO: 当前总采集数量: 258
2025-03-05 22:04:26 [douban2] INFO: 采集进度 - 排名: 141, 当前节点: 95, 总进度: 258/250
2025-03-05 22:04:29 [scrapy.extensions.throttle] INFO: slot: http://wvR6upmH4hiV9OSo:80kOlNDhuUFnLpJ3_country-cn@geo.iproyal.com:11201 | conc: 1 | delay: 3000 ms (+0) | latency: 2221 ms | size: 27456 bytes
2025-03-05 22:04:30 [douban2] INFO: 成功解析电影: 玩具总动员3 (排名: 140)
2025-03-05 22:04:30 [douban2] INFO: Redis存储状态 - 节点movies_douban3: 92条, 全局: 182条
2025-03-05 22:04:30 [Douban2.pipelines] INFO: 当前总采集数量: 260
2025-03-05 22:04:30 [douban2] INFO: 采集进度 - 排名: 140, 当前节点: 96, 总进度: 260/250
2025-03-05 22:04:33 [scrapy.extensions.throttle] INFO: slot: http://wvR6upmH4hiV9OSo:80kOlNDhuUFnLpJ3_country-cn@geo.iproyal.com:11201 | conc: 1 | delay: 3000 ms (+0) | latency: 2691 ms | size: 28171 bytes
2025-03-05 22:04:34 [douban2] INFO: 成功解析电影: 时空恋旅人 (排名: 123)
2025-03-05 22:04:34 [douban2] INFO: Redis存储状态 - 节点movies_douban3: 93条, 全局: 185条
2025-03-05 22:04:34 [Douban2.pipelines] INFO: 当前总采集数量: 263
2025-03-05 22:04:34 [douban2] INFO: 采集进度 - 排名: 123, 当前节点: 97, 总进度: 263/250
2025-03-05 22:04:36 [scrapy.extensions.throttle] INFO: slot: http://wvR6upmH4hiV9OSo:80kOlNDhuUFnLpJ3_country-cn@geo.iproyal.com:11201 | conc: 1 | delay: 3000 ms (+0) | latency: 1599 ms | size: 26393 bytes
2025-03-05 22:04:37 [douban2] INFO: 成功解析电影: 剪刀手爱德华 (排名: 114)
2025-03-05 22:04:37 [douban2] INFO: Redis存储状态 - 节点movies_douban3: 94条, 全局: 188条
2025-03-05 22:04:37 [Douban2.pipelines] INFO: 当前总采集数量: 266
2025-03-05 22:04:37 [douban2] INFO: 采集进度 - 排名: 114, 当前节点: 98, 总进度: 266/250
2025-03-05 22:04:41 [scrapy.extensions.throttle] INFO: slot: http://wvR6upmH4hiV9OSo:80kOlNDhuUFnLpJ3_country-cn@geo.iproyal.com:11201 | conc: 1 | delay: 3000 ms (+0) | latency: 2083 ms | size: 25637 bytes
2025-03-05 22:04:42 [douban2] INFO: 成功解析电影: 小森林 冬春篇 (排名: 143)
2025-03-05 22:04:42 [douban2] INFO: Redis存储状态 - 节点movies_douban3: 95条, 全局: 191条
2025-03-05 22:04:42 [Douban2.pipelines] INFO: 当前总采集数量: 269
2025-03-05 22:04:42 [douban2] INFO: 采集进度 - 排名: 143, 当前节点: 99, 总进度: 269/250
2025-03-05 22:04:44 [scrapy.extensions.throttle] INFO: slot: http://wvR6upmH4hiV9OSo:80kOlNDhuUFnLpJ3_country-cn@geo.iproyal.com:11201 | conc: 1 | delay: 3000 ms (+0) | latency: 1659 ms | size: 26745 bytes
2025-03-05 22:04:46 [douban2] INFO: 成功解析电影: 爱在黎明破晓前 (排名: 107)
2025-03-05 22:04:46 [douban2] INFO: Redis存储状态 - 节点movies_douban3: 96条, 全局: 195条
2025-03-05 22:04:46 [Douban2.pipelines] INFO: 当前总采集数量: 273
2025-03-05 22:04:46 [douban2] INFO: 采集进度 - 排名: 107, 当前节点: 100, 总进度: 273/250
2025-03-05 22:04:50 [scrapy.extensions.throttle] INFO: slot: http://wvR6upmH4hiV9OSo:80kOlNDhuUFnLpJ3_country-cn@geo.iproyal.com:11201 | conc: 1 | delay: 3000 ms (+0) | latency: 2491 ms | size: 30493 bytes
2025-03-05 22:04:51 [douban2] INFO: 成功解析电影: 哈利·波特与火焰杯 (排名: 120)
2025-03-05 22:04:51 [douban2] INFO: Redis存储状态 - 节点movies_douban3: 97条, 全局: 199条
2025-03-05 22:04:51 [Douban2.pipelines] INFO: 当前总采集数量: 277
2025-03-05 22:04:51 [douban2] INFO: 采集进度 - 排名: 120, 当前节点: 101, 总进度: 277/250
2025-03-05 22:04:53 [scrapy.extensions.throttle] INFO: slot: http://wvR6upmH4hiV9OSo:80kOlNDhuUFnLpJ3_country-cn@geo.iproyal.com:11201 | conc: 1 | delay: 3000 ms (+0) | latency: 1710 ms | size: 26405 bytes
2025-03-05 22:04:54 [douban2] INFO: 成功解析电影: 一个叫欧维的男人决定去死 (排名: 138)
2025-03-05 22:04:55 [douban2] INFO: Redis存储状态 - 节点movies_douban3: 98条, 全局: 200条
2025-03-05 22:04:55 [Douban2.pipelines] INFO: 当前总采集数量: 278
2025-03-05 22:04:55 [douban2] INFO: 采集进度 - 排名: 138, 当前节点: 102, 总进度: 278/250
2025-03-05 22:04:56 [scrapy.extensions.throttle] INFO: slot: http://wvR6upmH4hiV9OSo:80kOlNDhuUFnLpJ3_country-cn@geo.iproyal.com:11201 | conc: 1 | delay: 3000 ms (+0) | latency: 1091 ms | size: 11338 bytes
2025-03-05 22:04:56 [douban2] INFO: 开始解析页面: https://movie.douban.com/top250?start=200&filter=
2025-03-05 22:04:56 [douban2] INFO: 找到 25 个电影条目
2025-03-05 22:05:00 [scrapy.extensions.throttle] INFO: slot: http://wvR6upmH4hiV9OSo:80kOlNDhuUFnLpJ3_country-cn@geo.iproyal.com:11201 | conc: 1 | delay: 3000 ms (+0) | latency:  609 ms | size: 11160 bytes
2025-03-05 22:05:01 [douban2] INFO: 开始解析页面: https://movie.douban.com/top250?start=225&filter=
2025-03-05 22:05:01 [douban2] INFO: 找到 25 个电影条目
2025-03-05 22:05:05 [scrapy.extensions.throttle] INFO: slot: http://wvR6upmH4hiV9OSo:80kOlNDhuUFnLpJ3_country-cn@geo.iproyal.com:11201 | conc: 2 | delay: 3000 ms (+0) | latency: 2130 ms | size: 25775 bytes
2025-03-05 22:05:06 [scrapy.extensions.throttle] INFO: slot: http://wvR6upmH4hiV9OSo:80kOlNDhuUFnLpJ3_country-cn@geo.iproyal.com:11201 | conc: 1 | delay: 3000 ms (+0) | latency: 1718 ms | size: 24322 bytes
2025-03-05 22:05:07 [douban2] INFO: 成功解析电影: 源代码 (排名: 204)
2025-03-05 22:05:07 [douban2] INFO: Redis存储状态 - 节点movies_douban3: 99条, 全局: 201条
2025-03-05 22:05:07 [Douban2.pipelines] INFO: 当前总采集数量: 279
2025-03-05 22:05:07 [douban2] INFO: 采集进度 - 排名: 204, 当前节点: 103, 总进度: 279/250
2025-03-05 22:05:07 [douban2] INFO: 成功解析电影: 青蛇 (排名: 213)
2025-03-05 22:05:07 [douban2] INFO: Redis存储状态 - 节点movies_douban3: 100条, 全局: 202条
2025-03-05 22:05:07 [Douban2.pipelines] INFO: 当前总采集数量: 280
2025-03-05 22:05:07 [douban2] INFO: 采集进度 - 排名: 213, 当前节点: 104, 总进度: 280/250
2025-03-05 22:05:10 [scrapy.extensions.throttle] INFO: slot: http://wvR6upmH4hiV9OSo:80kOlNDhuUFnLpJ3_country-cn@geo.iproyal.com:11201 | conc: 1 | delay: 3000 ms (+0) | latency: 2872 ms | size: 25735 bytes
2025-03-05 22:05:12 [douban2] INFO: 成功解析电影: 雨人 (排名: 219)
2025-03-05 22:05:12 [douban2] INFO: Redis存储状态 - 节点movies_douban3: 101条, 全局: 203条
2025-03-05 22:05:12 [Douban2.pipelines] INFO: 当前总采集数量: 281
2025-03-05 22:05:12 [douban2] INFO: 采集进度 - 排名: 219, 当前节点: 105, 总进度: 281/250
2025-03-05 22:05:13 [scrapy.extensions.throttle] INFO: slot: http://wvR6upmH4hiV9OSo:80kOlNDhuUFnLpJ3_country-cn@geo.iproyal.com:11201 | conc: 1 | delay: 3000 ms (+0) | latency: 1561 ms | size: 26115 bytes
2025-03-05 22:05:15 [douban2] INFO: 成功解析电影: 罗生门 (排名: 227)
2025-03-05 22:05:15 [douban2] INFO: Redis存储状态 - 节点movies_douban3: 102条, 全局: 204条
2025-03-05 22:05:15 [Douban2.pipelines] INFO: 当前总采集数量: 282
2025-03-05 22:05:15 [douban2] INFO: 采集进度 - 排名: 227, 当前节点: 106, 总进度: 282/250
2025-03-05 22:05:19 [scrapy.extensions.logstats] INFO: Crawled 110 pages (at 15 pages/min), scraped 106 items (at 13 items/min)
2025-03-05 22:05:22 [scrapy.extensions.throttle] INFO: slot: http://wvR6upmH4hiV9OSo:80kOlNDhuUFnLpJ3_country-cn@geo.iproyal.com:11201 | conc: 2 | delay: 3000 ms (+0) | latency: 1772 ms | size: 26012 bytes
2025-03-05 22:05:24 [scrapy.extensions.throttle] INFO: slot: http://wvR6upmH4hiV9OSo:80kOlNDhuUFnLpJ3_country-cn@geo.iproyal.com:11201 | conc: 1 | delay: 3813 ms (+813) | latency: 7626 ms | size: 28297 bytes
2025-03-05 22:05:25 [douban2] INFO: 成功解析电影: 芙蓉镇 (排名: 208)
2025-03-05 22:05:25 [douban2] INFO: Redis存储状态 - 节点movies_douban3: 103条, 全局: 205条
2025-03-05 22:05:25 [Douban2.pipelines] INFO: 当前总采集数量: 283
2025-03-05 22:05:25 [douban2] INFO: 采集进度 - 排名: 208, 当前节点: 107, 总进度: 283/250
2025-03-05 22:05:25 [douban2] INFO: 成功解析电影: 弱点 (排名: 247)
2025-03-05 22:05:25 [douban2] INFO: Redis存储状态 - 节点movies_douban3: 104条, 全局: 206条
2025-03-05 22:05:25 [Douban2.pipelines] INFO: 当前总采集数量: 284
2025-03-05 22:05:25 [douban2] INFO: 采集进度 - 排名: 247, 当前节点: 108, 总进度: 284/250
2025-03-05 22:05:28 [scrapy.extensions.throttle] INFO: slot: http://wvR6upmH4hiV9OSo:80kOlNDhuUFnLpJ3_country-cn@geo.iproyal.com:11201 | conc: 1 | delay: 3000 ms (-813) | latency: 1722 ms | size: 27109 bytes
2025-03-05 22:05:29 [douban2] INFO: 成功解析电影: 房间 (排名: 244)
2025-03-05 22:05:29 [douban2] INFO: Redis存储状态 - 节点movies_douban3: 105条, 全局: 207条
2025-03-05 22:05:29 [Douban2.pipelines] INFO: 当前总采集数量: 285
2025-03-05 22:05:29 [douban2] INFO: 采集进度 - 排名: 244, 当前节点: 109, 总进度: 285/250
2025-03-05 22:05:34 [scrapy.extensions.throttle] INFO: slot: http://wvR6upmH4hiV9OSo:80kOlNDhuUFnLpJ3_country-cn@geo.iproyal.com:11201 | conc: 2 | delay: 3000 ms (+0) | latency: 3531 ms | size: 24538 bytes
2025-03-05 22:05:35 [scrapy.extensions.throttle] INFO: slot: http://wvR6upmH4hiV9OSo:80kOlNDhuUFnLpJ3_country-cn@geo.iproyal.com:11201 | conc: 1 | delay: 3000 ms (+0) | latency: 2339 ms | size: 26513 bytes
2025-03-05 22:05:36 [douban2] INFO: 成功解析电影: 萤火虫之墓 (排名: 235)
2025-03-05 22:05:36 [douban2] INFO: Redis存储状态 - 节点movies_douban3: 106条, 全局: 208条
2025-03-05 22:05:36 [Douban2.pipelines] INFO: 当前总采集数量: 286
2025-03-05 22:05:36 [douban2] INFO: 采集进度 - 排名: 235, 当前节点: 110, 总进度: 286/250
2025-03-05 22:05:36 [douban2] INFO: 成功解析电影: 东邪西毒 (排名: 202)
2025-03-05 22:05:36 [douban2] INFO: Redis存储状态 - 节点movies_douban3: 107条, 全局: 209条
2025-03-05 22:05:36 [Douban2.pipelines] INFO: 当前总采集数量: 287
2025-03-05 22:05:36 [douban2] INFO: 采集进度 - 排名: 202, 当前节点: 111, 总进度: 287/250
2025-03-05 22:05:40 [scrapy.extensions.throttle] INFO: slot: http://wvR6upmH4hiV9OSo:80kOlNDhuUFnLpJ3_country-cn@geo.iproyal.com:11201 | conc: 2 | delay: 3000 ms (+0) | latency: 2998 ms | size: 27728 bytes
2025-03-05 22:05:42 [douban2] INFO: 成功解析电影: 千年女优 (排名: 238)
2025-03-05 22:05:42 [douban2] INFO: Redis存储状态 - 节点movies_douban3: 108条, 全局: 210条
2025-03-05 22:05:42 [Douban2.pipelines] INFO: 当前总采集数量: 288
2025-03-05 22:05:42 [douban2] INFO: 采集进度 - 排名: 238, 当前节点: 112, 总进度: 288/250
2025-03-05 22:05:42 [scrapy.extensions.throttle] INFO: slot: http://wvR6upmH4hiV9OSo:80kOlNDhuUFnLpJ3_country-cn@geo.iproyal.com:11201 | conc: 1 | delay: 3000 ms (+0) | latency: 1938 ms | size: 25781 bytes
2025-03-05 22:05:43 [douban2] INFO: 成功解析电影: 可可西里 (排名: 206)
2025-03-05 22:05:43 [douban2] INFO: Redis存储状态 - 节点movies_douban3: 109条, 全局: 211条
2025-03-05 22:05:43 [Douban2.pipelines] INFO: 当前总采集数量: 289
2025-03-05 22:05:43 [douban2] INFO: 采集进度 - 排名: 206, 当前节点: 113, 总进度: 289/250
2025-03-05 22:05:47 [scrapy.extensions.throttle] INFO: slot: http://wvR6upmH4hiV9OSo:80kOlNDhuUFnLpJ3_country-cn@geo.iproyal.com:11201 | conc: 1 | delay: 3000 ms (+0) | latency: 2670 ms | size: 26512 bytes
2025-03-05 22:05:48 [douban2] INFO: 成功解析电影: 血钻 (排名: 240)
2025-03-05 22:05:48 [douban2] INFO: Redis存储状态 - 节点movies_douban3: 110条, 全局: 212条
2025-03-05 22:05:48 [Douban2.pipelines] INFO: 当前总采集数量: 290
2025-03-05 22:05:48 [douban2] INFO: 采集进度 - 排名: 240, 当前节点: 114, 总进度: 290/250
2025-03-05 22:05:50 [scrapy.extensions.throttle] INFO: slot: http://wvR6upmH4hiV9OSo:80kOlNDhuUFnLpJ3_country-cn@geo.iproyal.com:11201 | conc: 1 | delay: 3000 ms (+0) | latency: 1649 ms | size: 25746 bytes
2025-03-05 22:05:51 [douban2] INFO: 成功解析电影: 城市之光 (排名: 209)
2025-03-05 22:05:51 [douban2] INFO: Redis存储状态 - 节点movies_douban3: 111条, 全局: 213条
2025-03-05 22:05:51 [Douban2.pipelines] INFO: 当前总采集数量: 291
2025-03-05 22:05:51 [douban2] INFO: 采集进度 - 排名: 209, 当前节点: 115, 总进度: 291/250
2025-03-05 22:05:54 [scrapy.extensions.throttle] INFO: slot: http://wvR6upmH4hiV9OSo:80kOlNDhuUFnLpJ3_country-cn@geo.iproyal.com:11201 | conc: 1 | delay: 3000 ms (+0) | latency: 2424 ms | size: 28022 bytes
2025-03-05 22:05:55 [douban2] INFO: 成功解析电影: 魂断蓝桥 (排名: 243)
2025-03-05 22:05:55 [douban2] INFO: Redis存储状态 - 节点movies_douban3: 112条, 全局: 214条
2025-03-05 22:05:55 [Douban2.pipelines] INFO: 当前总采集数量: 292
2025-03-05 22:05:55 [douban2] INFO: 采集进度 - 排名: 243, 当前节点: 116, 总进度: 292/250
2025-03-05 22:05:58 [scrapy.extensions.throttle] INFO: slot: http://wvR6upmH4hiV9OSo:80kOlNDhuUFnLpJ3_country-cn@geo.iproyal.com:11201 | conc: 1 | delay: 3000 ms (+0) | latency: 2904 ms | size: 27076 bytes
2025-03-05 22:06:00 [douban2] INFO: 成功解析电影: 虎口脱险 (排名: 224)
2025-03-05 22:06:00 [douban2] INFO: Redis存储状态 - 节点movies_douban3: 113条, 全局: 215条
2025-03-05 22:06:00 [Douban2.pipelines] INFO: 当前总采集数量: 293
2025-03-05 22:06:00 [douban2] INFO: 采集进度 - 排名: 224, 当前节点: 117, 总进度: 293/250
2025-03-05 22:06:03 [scrapy.extensions.throttle] INFO: slot: http://wvR6upmH4hiV9OSo:80kOlNDhuUFnLpJ3_country-cn@geo.iproyal.com:11201 | conc: 2 | delay: 3000 ms (+0) | latency: 2503 ms | size: 27541 bytes
2025-03-05 22:06:05 [douban2] INFO: 成功解析电影: 谍影重重2 (排名: 241)
2025-03-05 22:06:05 [douban2] INFO: Redis存储状态 - 节点movies_douban3: 114条, 全局: 216条
2025-03-05 22:06:05 [Douban2.pipelines] INFO: 当前总采集数量: 294
2025-03-05 22:06:05 [douban2] INFO: 采集进度 - 排名: 241, 当前节点: 118, 总进度: 294/250
2025-03-05 22:06:06 [scrapy.extensions.throttle] INFO: slot: http://wvR6upmH4hiV9OSo:80kOlNDhuUFnLpJ3_country-cn@geo.iproyal.com:11201 | conc: 1 | delay: 3000 ms (+0) | latency: 2930 ms | size: 29069 bytes
2025-03-05 22:06:07 [douban2] INFO: 成功解析电影: 无耻混蛋 (排名: 222)
2025-03-05 22:06:07 [douban2] INFO: Redis存储状态 - 节点movies_douban3: 115条, 全局: 217条
2025-03-05 22:06:08 [Douban2.pipelines] INFO: 当前总采集数量: 295
2025-03-05 22:06:08 [douban2] INFO: 采集进度 - 排名: 222, 当前节点: 119, 总进度: 295/250
2025-03-05 22:06:11 [scrapy.extensions.throttle] INFO: slot: http://wvR6upmH4hiV9OSo:80kOlNDhuUFnLpJ3_country-cn@geo.iproyal.com:11201 | conc: 2 | delay: 3000 ms (+0) | latency: 3066 ms | size: 27436 bytes
2025-03-05 22:06:12 [douban2] INFO: 成功解析电影: 黑天鹅 (排名: 211)
2025-03-05 22:06:12 [douban2] INFO: Redis存储状态 - 节点movies_douban3: 116条, 全局: 218条
2025-03-05 22:06:12 [Douban2.pipelines] INFO: 当前总采集数量: 296
2025-03-05 22:06:12 [douban2] INFO: 采集进度 - 排名: 211, 当前节点: 120, 总进度: 296/250
2025-03-05 22:06:12 [scrapy.extensions.throttle] INFO: slot: http://wvR6upmH4hiV9OSo:80kOlNDhuUFnLpJ3_country-cn@geo.iproyal.com:11201 | conc: 1 | delay: 3000 ms (+0) | latency: 2600 ms | size: 25781 bytes
2025-03-05 22:06:14 [douban2] INFO: 成功解析电影: 步履不停 (排名: 239)
2025-03-05 22:06:14 [douban2] INFO: Redis存储状态 - 节点movies_douban3: 117条, 全局: 219条
2025-03-05 22:06:14 [Douban2.pipelines] INFO: 当前总采集数量: 297
2025-03-05 22:06:14 [douban2] INFO: 采集进度 - 排名: 239, 当前节点: 121, 总进度: 297/250
2025-03-05 22:06:16 [scrapy.extensions.throttle] INFO: slot: http://wvR6upmH4hiV9OSo:80kOlNDhuUFnLpJ3_country-cn@geo.iproyal.com:11201 | conc: 1 | delay: 3000 ms (+0) | latency: 2348 ms | size: 26703 bytes
2025-03-05 22:06:17 [douban2] INFO: 成功解析电影: 新龙门客栈 (排名: 221)
2025-03-05 22:06:17 [douban2] INFO: Redis存储状态 - 节点movies_douban3: 118条, 全局: 220条
2025-03-05 22:06:17 [Douban2.pipelines] INFO: 当前总采集数量: 298
2025-03-05 22:06:17 [douban2] INFO: 采集进度 - 排名: 221, 当前节点: 122, 总进度: 298/250
2025-03-05 22:06:19 [scrapy.extensions.logstats] INFO: Crawled 126 pages (at 16 pages/min), scraped 122 items (at 16 items/min)
2025-03-05 22:06:21 [scrapy.extensions.throttle] INFO: slot: http://wvR6upmH4hiV9OSo:80kOlNDhuUFnLpJ3_country-cn@geo.iproyal.com:11201 | conc: 1 | delay: 3000 ms (+0) | latency: 2691 ms | size: 27676 bytes
2025-03-05 22:06:22 [douban2] INFO: 成功解析电影: 真爱至上 (排名: 223)
2025-03-05 22:06:22 [douban2] INFO: Redis存储状态 - 节点movies_douban3: 119条, 全局: 221条
2025-03-05 22:06:22 [Douban2.pipelines] INFO: 当前总采集数量: 299
2025-03-05 22:06:22 [douban2] INFO: 采集进度 - 排名: 223, 当前节点: 123, 总进度: 299/250
2025-03-05 22:06:25 [scrapy.extensions.throttle] INFO: slot: http://wvR6upmH4hiV9OSo:80kOlNDhuUFnLpJ3_country-cn@geo.iproyal.com:11201 | conc: 1 | delay: 3000 ms (+0) | latency: 3267 ms | size: 26863 bytes
2025-03-05 22:06:27 [douban2] INFO: 成功解析电影: 千钧一发 (排名: 228)
2025-03-05 22:06:27 [douban2] INFO: Redis存储状态 - 节点movies_douban3: 120条, 全局: 222条
2025-03-05 22:06:27 [Douban2.pipelines] INFO: 当前总采集数量: 300
2025-03-05 22:06:27 [douban2] INFO: 采集进度 - 排名: 228, 当前节点: 124, 总进度: 300/250
2025-03-05 22:06:29 [scrapy.extensions.throttle] INFO: slot: http://wvR6upmH4hiV9OSo:80kOlNDhuUFnLpJ3_country-cn@geo.iproyal.com:11201 | conc: 1 | delay: 3000 ms (+0) | latency: 1887 ms | size: 25703 bytes
2025-03-05 22:06:30 [douban2] INFO: 成功解析电影: 战争之王 (排名: 237)
2025-03-05 22:06:30 [douban2] INFO: Redis存储状态 - 节点movies_douban3: 121条, 全局: 223条
2025-03-05 22:06:30 [Douban2.pipelines] INFO: 当前总采集数量: 301
2025-03-05 22:06:30 [douban2] INFO: 采集进度 - 排名: 237, 当前节点: 125, 总进度: 301/250
2025-03-05 22:06:32 [scrapy.extensions.throttle] INFO: slot: http://wvR6upmH4hiV9OSo:80kOlNDhuUFnLpJ3_country-cn@geo.iproyal.com:11201 | conc: 1 | delay: 3000 ms (+0) | latency: 2111 ms | size: 27878 bytes
2025-03-05 22:06:34 [douban2] INFO: 成功解析电影: 爆裂鼓手 (排名: 207)
2025-03-05 22:06:34 [douban2] INFO: Redis存储状态 - 节点movies_douban3: 122条, 全局: 224条
2025-03-05 22:06:34 [Douban2.pipelines] INFO: 当前总采集数量: 302
2025-03-05 22:06:34 [douban2] INFO: 采集进度 - 排名: 207, 当前节点: 126, 总进度: 302/250
2025-03-05 22:06:36 [scrapy.extensions.throttle] INFO: slot: http://wvR6upmH4hiV9OSo:80kOlNDhuUFnLpJ3_country-cn@geo.iproyal.com:11201 | conc: 1 | delay: 3000 ms (+0) | latency: 1899 ms | size: 27182 bytes
2025-03-05 22:06:37 [douban2] INFO: 成功解析电影: 谍影重重 (排名: 246)
2025-03-05 22:06:37 [douban2] INFO: Redis存储状态 - 节点movies_douban3: 123条, 全局: 225条
2025-03-05 22:06:37 [Douban2.pipelines] INFO: 当前总采集数量: 303
2025-03-05 22:06:37 [douban2] INFO: 采集进度 - 排名: 246, 当前节点: 127, 总进度: 303/250
2025-03-05 22:06:40 [scrapy.extensions.throttle] INFO: slot: http://wvR6upmH4hiV9OSo:80kOlNDhuUFnLpJ3_country-cn@geo.iproyal.com:11201 | conc: 1 | delay: 3000 ms (+0) | latency: 2180 ms | size: 28336 bytes
2025-03-05 22:06:41 [douban2] INFO: 成功解析电影: 冰雪奇缘 (排名: 245)
2025-03-05 22:06:41 [douban2] INFO: Redis存储状态 - 节点movies_douban3: 124条, 全局: 226条
2025-03-05 22:06:41 [Douban2.pipelines] INFO: 当前总采集数量: 304
2025-03-05 22:06:41 [douban2] INFO: 采集进度 - 排名: 245, 当前节点: 128, 总进度: 304/250
2025-03-05 22:06:46 [scrapy.extensions.throttle] INFO: slot: http://wvR6upmH4hiV9OSo:80kOlNDhuUFnLpJ3_country-cn@geo.iproyal.com:11201 | conc: 2 | delay: 3000 ms (+0) | latency: 3450 ms | size: 29083 bytes
2025-03-05 22:06:47 [douban2] INFO: 成功解析电影: 爱乐之城 (排名: 214)
2025-03-05 22:06:47 [douban2] INFO: Redis存储状态 - 节点movies_douban3: 125条, 全局: 227条
2025-03-05 22:06:47 [Douban2.pipelines] INFO: 当前总采集数量: 305
2025-03-05 22:06:47 [douban2] INFO: 采集进度 - 排名: 214, 当前节点: 129, 总进度: 305/250
2025-03-05 22:06:49 [scrapy.extensions.throttle] INFO: slot: http://wvR6upmH4hiV9OSo:80kOlNDhuUFnLpJ3_country-cn@geo.iproyal.com:11201 | conc: 1 | delay: 3000 ms (+0) | latency: 3627 ms | size: 26539 bytes
2025-03-05 22:06:50 [douban2] INFO: 成功解析电影: 隐藏人物 (排名: 248)
2025-03-05 22:06:50 [douban2] INFO: Redis存储状态 - 节点movies_douban3: 126条, 全局: 228条
2025-03-05 22:06:50 [Douban2.pipelines] INFO: 当前总采集数量: 306
2025-03-05 22:06:50 [douban2] INFO: 采集进度 - 排名: 248, 当前节点: 130, 总进度: 306/250
2025-03-05 22:06:53 [scrapy.extensions.throttle] INFO: slot: http://wvR6upmH4hiV9OSo:80kOlNDhuUFnLpJ3_country-cn@geo.iproyal.com:11201 | conc: 1 | delay: 3000 ms (+0) | latency: 2206 ms | size: 28819 bytes
2025-03-05 22:06:54 [douban2] INFO: 成功解析电影: 人工智能 (排名: 220)
2025-03-05 22:06:54 [douban2] INFO: Redis存储状态 - 节点movies_douban3: 127条, 全局: 229条
2025-03-05 22:06:54 [Douban2.pipelines] INFO: 当前总采集数量: 307
2025-03-05 22:06:54 [douban2] INFO: 采集进度 - 排名: 220, 当前节点: 131, 总进度: 307/250
2025-03-05 22:06:56 [scrapy.extensions.throttle] INFO: slot: http://wvR6upmH4hiV9OSo:80kOlNDhuUFnLpJ3_country-cn@geo.iproyal.com:11201 | conc: 1 | delay: 3000 ms (+0) | latency: 2105 ms | size: 27003 bytes
2025-03-05 22:06:58 [douban2] INFO: 成功解析电影: 恋恋笔记本 (排名: 226)
2025-03-05 22:06:58 [douban2] INFO: Redis存储状态 - 节点movies_douban3: 128条, 全局: 230条
2025-03-05 22:06:58 [Douban2.pipelines] INFO: 当前总采集数量: 308
2025-03-05 22:06:58 [douban2] INFO: 采集进度 - 排名: 226, 当前节点: 132, 总进度: 308/250
2025-03-05 22:07:01 [scrapy.extensions.throttle] INFO: slot: http://wvR6upmH4hiV9OSo:80kOlNDhuUFnLpJ3_country-cn@geo.iproyal.com:11201 | conc: 1 | delay: 3000 ms (+0) | latency: 1919 ms | size: 28013 bytes
2025-03-05 22:07:02 [douban2] INFO: 成功解析电影: 火星救援 (排名: 234)
2025-03-05 22:07:02 [douban2] INFO: Redis存储状态 - 节点movies_douban3: 129条, 全局: 231条
2025-03-05 22:07:02 [Douban2.pipelines] INFO: 当前总采集数量: 309
2025-03-05 22:07:02 [douban2] INFO: 采集进度 - 排名: 234, 当前节点: 133, 总进度: 309/250
2025-03-05 22:07:05 [scrapy.extensions.throttle] INFO: slot: http://wvR6upmH4hiV9OSo:80kOlNDhuUFnLpJ3_country-cn@geo.iproyal.com:11201 | conc: 1 | delay: 3000 ms (+0) | latency: 2247 ms | size: 26679 bytes
2025-03-05 22:07:06 [douban2] INFO: 成功解析电影: 崖上的波妞 (排名: 225)
2025-03-05 22:07:06 [douban2] INFO: Redis存储状态 - 节点movies_douban3: 130条, 全局: 232条
2025-03-05 22:07:06 [Douban2.pipelines] INFO: 当前总采集数量: 310
2025-03-05 22:07:06 [douban2] INFO: 采集进度 - 排名: 225, 当前节点: 134, 总进度: 310/250
2025-03-05 22:07:08 [scrapy.extensions.throttle] INFO: slot: http://wvR6upmH4hiV9OSo:80kOlNDhuUFnLpJ3_country-cn@geo.iproyal.com:11201 | conc: 1 | delay: 3000 ms (+0) | latency: 2231 ms | size: 27971 bytes
2025-03-05 22:07:10 [douban2] INFO: 成功解析电影: 白日梦想家 (排名: 218)
2025-03-05 22:07:10 [douban2] INFO: Redis存储状态 - 节点movies_douban3: 131条, 全局: 233条
2025-03-05 22:07:10 [Douban2.pipelines] INFO: 当前总采集数量: 311
2025-03-05 22:07:10 [douban2] INFO: 采集进度 - 排名: 218, 当前节点: 135, 总进度: 311/250
2025-03-05 22:07:12 [scrapy.extensions.throttle] INFO: slot: http://wvR6upmH4hiV9OSo:80kOlNDhuUFnLpJ3_country-cn@geo.iproyal.com:11201 | conc: 1 | delay: 3000 ms (+0) | latency: 2283 ms | size: 28149 bytes
2025-03-05 22:07:13 [douban2] INFO: 成功解析电影: 奇迹男孩 (排名: 236)
2025-03-05 22:07:13 [douban2] INFO: Redis存储状态 - 节点movies_douban3: 132条, 全局: 234条
2025-03-05 22:07:13 [Douban2.pipelines] INFO: 当前总采集数量: 312
2025-03-05 22:07:13 [douban2] INFO: 采集进度 - 排名: 236, 当前节点: 136, 总进度: 312/250
2025-03-05 22:07:15 [scrapy.extensions.throttle] INFO: slot: http://wvR6upmH4hiV9OSo:80kOlNDhuUFnLpJ3_country-cn@geo.iproyal.com:11201 | conc: 1 | delay: 3000 ms (+0) | latency: 1783 ms | size: 26045 bytes
2025-03-05 22:07:17 [douban2] INFO: 成功解析电影: 机器人之梦 (排名: 250)
2025-03-05 22:07:17 [douban2] INFO: Redis存储状态 - 节点movies_douban3: 133条, 全局: 235条
2025-03-05 22:07:17 [Douban2.pipelines] INFO: 当前总采集数量: 313
2025-03-05 22:07:17 [douban2] INFO: 采集进度 - 排名: 250, 当前节点: 137, 总进度: 313/250
2025-03-05 22:07:19 [scrapy.extensions.logstats] INFO: Crawled 141 pages (at 15 pages/min), scraped 137 items (at 15 items/min)
2025-03-05 22:07:19 [scrapy.extensions.throttle] INFO: slot: http://wvR6upmH4hiV9OSo:80kOlNDhuUFnLpJ3_country-cn@geo.iproyal.com:11201 | conc: 1 | delay: 3000 ms (+0) | latency: 1960 ms | size: 24757 bytes
2025-03-05 22:07:20 [douban2] INFO: 成功解析电影: 大红灯笼高高挂 (排名: 229)
2025-03-05 22:07:20 [douban2] INFO: Redis存储状态 - 节点movies_douban3: 134条, 全局: 236条
2025-03-05 22:07:20 [Douban2.pipelines] INFO: 当前总采集数量: 314
2025-03-05 22:07:20 [douban2] INFO: 采集进度 - 排名: 229, 当前节点: 138, 总进度: 314/250
2025-03-05 22:07:23 [scrapy.extensions.throttle] INFO: slot: http://wvR6upmH4hiV9OSo:80kOlNDhuUFnLpJ3_country-cn@geo.iproyal.com:11201 | conc: 1 | delay: 3000 ms (+0) | latency: 1948 ms | size: 27918 bytes
2025-03-05 22:07:24 [douban2] INFO: 成功解析电影: 花束般的恋爱 (排名: 212)
2025-03-05 22:07:24 [douban2] INFO: Redis存储状态 - 节点movies_douban3: 135条, 全局: 237条
2025-03-05 22:07:24 [Douban2.pipelines] INFO: 当前总采集数量: 315
2025-03-05 22:07:24 [douban2] INFO: 采集进度 - 排名: 212, 当前节点: 139, 总进度: 315/250
2025-03-05 22:07:28 [scrapy.extensions.throttle] INFO: slot: http://wvR6upmH4hiV9OSo:80kOlNDhuUFnLpJ3_country-cn@geo.iproyal.com:11201 | conc: 1 | delay: 3000 ms (+0) | latency: 2953 ms | size: 28643 bytes
2025-03-05 22:07:29 [douban2] INFO: 成功解析电影: 波西米亚狂想曲 (排名: 210)
2025-03-05 22:07:29 [douban2] INFO: Redis存储状态 - 节点movies_douban3: 136条, 全局: 238条
2025-03-05 22:07:29 [Douban2.pipelines] INFO: 当前总采集数量: 316
2025-03-05 22:07:29 [douban2] INFO: 采集进度 - 排名: 210, 当前节点: 140, 总进度: 316/250
2025-03-05 22:07:31 [scrapy.extensions.throttle] INFO: slot: http://wvR6upmH4hiV9OSo:80kOlNDhuUFnLpJ3_country-cn@geo.iproyal.com:11201 | conc: 1 | delay: 3000 ms (+0) | latency: 2048 ms | size: 26452 bytes
2025-03-05 22:07:33 [douban2] INFO: 成功解析电影: 终结者2：审判日 (排名: 215)
2025-03-05 22:07:33 [douban2] INFO: Redis存储状态 - 节点movies_douban3: 137条, 全局: 239条
2025-03-05 22:07:33 [Douban2.pipelines] INFO: 当前总采集数量: 317
2025-03-05 22:07:33 [douban2] INFO: 采集进度 - 排名: 215, 当前节点: 141, 总进度: 317/250
2025-03-05 22:07:37 [scrapy.extensions.throttle] INFO: slot: http://wvR6upmH4hiV9OSo:80kOlNDhuUFnLpJ3_country-cn@geo.iproyal.com:11201 | conc: 2 | delay: 3000 ms (+0) | latency: 3725 ms | size: 27563 bytes
2025-03-05 22:07:39 [douban2] INFO: 成功解析电影: 海边的曼彻斯特 (排名: 231)
2025-03-05 22:07:39 [douban2] INFO: Redis存储状态 - 节点movies_douban3: 138条, 全局: 240条
2025-03-05 22:07:39 [Douban2.pipelines] INFO: 当前总采集数量: 318
2025-03-05 22:07:39 [douban2] INFO: 采集进度 - 排名: 231, 当前节点: 142, 总进度: 318/250
2025-03-05 22:07:39 [scrapy.extensions.throttle] INFO: slot: http://wvR6upmH4hiV9OSo:80kOlNDhuUFnLpJ3_country-cn@geo.iproyal.com:11201 | conc: 1 | delay: 3000 ms (+0) | latency: 1962 ms | size: 28281 bytes
2025-03-05 22:07:41 [douban2] INFO: 成功解析电影: 哪吒之魔童降世 (排名: 249)
2025-03-05 22:07:41 [douban2] INFO: Redis存储状态 - 节点movies_douban3: 139条, 全局: 241条
2025-03-05 22:07:41 [Douban2.pipelines] INFO: 当前总采集数量: 319
2025-03-05 22:07:41 [douban2] INFO: 采集进度 - 排名: 249, 当前节点: 143, 总进度: 319/250
2025-03-05 22:07:44 [scrapy.extensions.throttle] INFO: slot: http://wvR6upmH4hiV9OSo:80kOlNDhuUFnLpJ3_country-cn@geo.iproyal.com:11201 | conc: 1 | delay: 3000 ms (+0) | latency: 2913 ms | size: 27477 bytes
2025-03-05 22:07:45 [douban2] INFO: 成功解析电影: 贫民窟的百万富翁 (排名: 201)
2025-03-05 22:07:45 [douban2] INFO: Redis存储状态 - 节点movies_douban3: 140条, 全局: 242条
2025-03-05 22:07:45 [Douban2.pipelines] INFO: 当前总采集数量: 320
2025-03-05 22:07:45 [douban2] INFO: 采集进度 - 排名: 201, 当前节点: 144, 总进度: 320/250
2025-03-05 22:07:48 [scrapy.extensions.throttle] INFO: slot: http://wvR6upmH4hiV9OSo:80kOlNDhuUFnLpJ3_country-cn@geo.iproyal.com:11201 | conc: 1 | delay: 3000 ms (+0) | latency: 2441 ms | size: 30114 bytes
2025-03-05 22:07:49 [douban2] INFO: 成功解析电影: 蜘蛛侠：平行宇宙 (排名: 242)
2025-03-05 22:07:49 [douban2] INFO: Redis存储状态 - 节点movies_douban3: 141条, 全局: 243条
2025-03-05 22:07:49 [Douban2.pipelines] INFO: 当前总采集数量: 321
2025-03-05 22:07:49 [douban2] INFO: 采集进度 - 排名: 242, 当前节点: 145, 总进度: 321/250
2025-03-05 22:07:52 [scrapy.extensions.throttle] INFO: slot: http://wvR6upmH4hiV9OSo:80kOlNDhuUFnLpJ3_country-cn@geo.iproyal.com:11201 | conc: 1 | delay: 3000 ms (+0) | latency: 2411 ms | size: 24860 bytes
2025-03-05 22:07:53 [douban2] INFO: 成功解析电影: 你看起来好像很好吃 (排名: 203)
2025-03-05 22:07:53 [douban2] INFO: Redis存储状态 - 节点movies_douban3: 142条, 全局: 244条
2025-03-05 22:07:53 [Douban2.pipelines] INFO: 当前总采集数量: 322
2025-03-05 22:07:53 [douban2] INFO: 采集进度 - 排名: 203, 当前节点: 146, 总进度: 322/250
2025-03-05 22:07:56 [scrapy.extensions.throttle] INFO: slot: http://wvR6upmH4hiV9OSo:80kOlNDhuUFnLpJ3_country-cn@geo.iproyal.com:11201 | conc: 1 | delay: 3000 ms (+0) | latency: 2412 ms | size: 27547 bytes
2025-03-05 22:07:57 [douban2] INFO: 成功解析电影: 黑客帝国2：重装上阵 (排名: 233)
2025-03-05 22:07:57 [douban2] INFO: Redis存储状态 - 节点movies_douban3: 143条, 全局: 245条
2025-03-05 22:07:57 [Douban2.pipelines] INFO: 当前总采集数量: 323
2025-03-05 22:07:57 [douban2] INFO: 采集进度 - 排名: 233, 当前节点: 147, 总进度: 323/250
2025-03-05 22:08:01 [scrapy.extensions.throttle] INFO: slot: http://wvR6upmH4hiV9OSo:80kOlNDhuUFnLpJ3_country-cn@geo.iproyal.com:11201 | conc: 1 | delay: 3000 ms (+0) | latency: 2769 ms | size: 26126 bytes
2025-03-05 22:08:02 [douban2] INFO: 成功解析电影: 彗星来的那一夜 (排名: 230)
2025-03-05 22:08:02 [douban2] INFO: Redis存储状态 - 节点movies_douban3: 144条, 全局: 246条
2025-03-05 22:08:02 [Douban2.pipelines] INFO: 当前总采集数量: 324
2025-03-05 22:08:02 [douban2] INFO: 采集进度 - 排名: 230, 当前节点: 148, 总进度: 324/250
2025-03-05 22:08:04 [scrapy.extensions.throttle] INFO: slot: http://wvR6upmH4hiV9OSo:80kOlNDhuUFnLpJ3_country-cn@geo.iproyal.com:11201 | conc: 1 | delay: 3000 ms (+0) | latency: 1925 ms | size: 28679 bytes
2025-03-05 22:08:05 [douban2] INFO: 成功解析电影: 哈利·波特与凤凰社 (排名: 232)
2025-03-05 22:08:05 [douban2] INFO: Redis存储状态 - 节点movies_douban3: 145条, 全局: 247条
2025-03-05 22:08:05 [Douban2.pipelines] INFO: 当前总采集数量: 325
2025-03-05 22:08:05 [douban2] INFO: 采集进度 - 排名: 232, 当前节点: 149, 总进度: 325/250
2025-03-05 22:08:07 [scrapy.extensions.throttle] INFO: slot: http://wvR6upmH4hiV9OSo:80kOlNDhuUFnLpJ3_country-cn@geo.iproyal.com:11201 | conc: 1 | delay: 3000 ms (+0) | latency: 2097 ms | size: 28783 bytes
2025-03-05 22:08:09 [douban2] INFO: 成功解析电影: 哈利·波特与死亡圣器(上) (排名: 217)
2025-03-05 22:08:09 [douban2] INFO: Redis存储状态 - 节点movies_douban3: 146条, 全局: 248条
2025-03-05 22:08:09 [Douban2.pipelines] INFO: 当前总采集数量: 326
2025-03-05 22:08:09 [douban2] INFO: 采集进度 - 排名: 217, 当前节点: 150, 总进度: 326/250
2025-03-05 22:08:11 [scrapy.extensions.throttle] INFO: slot: http://wvR6upmH4hiV9OSo:80kOlNDhuUFnLpJ3_country-cn@geo.iproyal.com:11201 | conc: 1 | delay: 3000 ms (+0) | latency: 1780 ms | size: 27554 bytes
2025-03-05 22:08:12 [douban2] INFO: 成功解析电影: 疯狂的麦克斯4：狂暴之路 (排名: 205)
2025-03-05 22:08:12 [douban2] INFO: Redis存储状态 - 节点movies_douban3: 147条, 全局: 249条
2025-03-05 22:08:12 [Douban2.pipelines] INFO: 当前总采集数量: 327
2025-03-05 22:08:12 [douban2] INFO: 采集进度 - 排名: 205, 当前节点: 151, 总进度: 327/250
2025-03-05 22:08:16 [scrapy.extensions.throttle] INFO: slot: http://wvR6upmH4hiV9OSo:80kOlNDhuUFnLpJ3_country-cn@geo.iproyal.com:11201 | conc: 1 | delay: 3000 ms (+0) | latency: 2048 ms | size: 25974 bytes
2025-03-05 22:08:16 [douban2] INFO: 成功解析电影: 初恋这件小事 (排名: 216)
2025-03-05 22:08:16 [douban2] INFO: Redis存储状态 - 节点movies_douban3: 148条, 全局: 250条
2025-03-05 22:08:16 [Douban2.pipelines] INFO: 当前总采集数量: 328
2025-03-05 22:08:16 [douban2] INFO: 采集进度 - 排名: 216, 当前节点: 152, 总进度: 328/250
2025-03-05 22:08:16 [douban2] INFO: 爬虫空闲次数: 1
2025-03-05 22:08:16 [douban2] INFO: Redis中剩余请求数: 0
2025-03-05 22:08:16 [douban2] INFO: 当前活跃节点数: 3
2025-03-05 22:08:16 [douban2] INFO: 当前节点已采集数据量: 152
2025-03-05 22:08:16 [douban2] INFO: 当前节点配额: 83
2025-03-05 22:08:16 [douban2] INFO: 准备关闭爬虫，原因: 达到节点配额
2025-03-05 22:08:16 [douban2] INFO: 开始保存数据...
2025-03-05 22:08:16 [Douban2.pipelines] INFO: 开始保存数据 - 节点: douban3, 当前节点数据量: 152
2025-03-05 22:08:16 [Douban2.pipelines] INFO: 已保存节点数据到SQLite表: movies_douban3
2025-03-05 22:08:16 [Douban2.pipelines] INFO: 节点数据统计: {'movies_douban1': 89, 'movies_douban2': 91, 'movies_douban3': 148}, 总数据量: 328
2025-03-05 22:08:16 [Douban2.pipelines] INFO: 所有节点数据采集完成，开始生成汇总
2025-03-05 22:08:16 [Douban2.pipelines] INFO: 已删除旧的movies_summary视图
2025-03-05 22:08:16 [Douban2.pipelines] INFO: 已删除旧的movies_all表
2025-03-05 22:08:16 [Douban2.pipelines] INFO: 成功读取表 movies_douban1，数据量: 97
2025-03-05 22:08:16 [Douban2.pipelines] INFO: 成功读取表 movies_douban2，数据量: 96
2025-03-05 22:08:16 [Douban2.pipelines] INFO: 成功读取表 movies_douban3，数据量: 152
2025-03-05 22:08:16 [Douban2.pipelines] INFO: 合并后的总数据量: 250
2025-03-05 22:08:16 [Douban2.pipelines] INFO: 已保存汇总Excel文件: output/豆瓣Top250_汇总_20250305_220816.xlsx
2025-03-05 22:08:16 [Douban2.pipelines] INFO: 已保存汇总数据到SQLite表: movies_all
2025-03-05 22:08:16 [Douban2.pipelines] INFO: 已创建SQLite视图: movies_summary
2025-03-05 22:08:16 [Douban2.pipelines] INFO: 已保存汇总Parquet文件: output/parquet/movies_all_20250305_220816.parquet
2025-03-05 22:08:16 [Douban2.pipelines] INFO: 已更新汇总统计信息: output/crawl_summary.txt
2025-03-05 22:08:16 [scrapy.core.engine] INFO: Closing spider (数据保存完成，关闭爬虫)
2025-03-05 22:08:16 [douban2] INFO: 爬虫已关闭
2025-03-05 22:08:16 [douban2] INFO: 爬虫已关闭
2025-03-05 22:08:16 [Douban2.middlewares] INFO: 
代理使用统计:
2025-03-05 22:08:16 [Douban2.middlewares] INFO: 总请求数: 156
2025-03-05 22:08:16 [Douban2.middlewares] INFO: 成功请求: 156
2025-03-05 22:08:16 [Douban2.middlewares] INFO: 失败请求: 0
2025-03-05 22:08:16 [Douban2.middlewares] INFO: 重试次数: 0
2025-03-05 22:08:16 [Douban2.middlewares] INFO: 成功率: 100.00%
2025-03-05 22:08:16 [Douban2.middlewares] INFO: 
代理池统计:
2025-03-05 22:08:16 [Douban2.middlewares] INFO: 可用代理数: 1
2025-03-05 22:08:16 [Douban2.middlewares] INFO: 失败代理数: 0
2025-03-05 22:08:16 [Douban2.middlewares] INFO: 总请求数: 395
2025-03-05 22:08:16 [scrapy.statscollectors] INFO: Dumping Scrapy stats:
{'downloader/request_bytes': 190386,
 'downloader/request_count': 156,
 'downloader/request_method_count/GET': 156,
 'downloader/response_bytes': 4204783,
 'downloader/response_count': 156,
 'downloader/response_status_count/200': 156,
 'elapsed_time_seconds': 597.516043,
 'finish_reason': '数据保存完成，关闭爬虫',
 'finish_time': datetime.datetime(2025, 3, 5, 14, 8, 16, 696606, tzinfo=datetime.timezone.utc),
 'httpcompression/response_bytes': 18746725,
 'httpcompression/response_count': 156,
 'item_scraped_count': 152,
 'items_per_minute': None,
 'log_count/INFO': 836,
 'request_depth_max': 1,
 'response_received_count': 156,
 'responses_per_minute': None,
 'scheduler/dequeued/redis': 156,
 'scheduler/enqueued/redis': 102,
 'start_time': datetime.datetime(2025, 3, 5, 13, 58, 19, 180563, tzinfo=datetime.timezone.utc)}
2025-03-05 22:08:16 [scrapy.core.engine] INFO: Spider closed (数据保存完成，关闭爬虫)
