=== 日志开始于 2025-03-05 21:58:19 ===
2025-03-05 21:58:24 [scrapy.extensions.throttle] INFO: slot: http://wvR6upmH4hiV9OSo:80kOlNDhuUFnLpJ3_country-cn@geo.iproyal.com:11201 | conc: 2 | delay: 3000 ms (+0) | latency: 4771 ms | size: 25906 bytes
2025-03-05 21:58:26 [scrapy.extensions.throttle] INFO: slot: http://wvR6upmH4hiV9OSo:80kOlNDhuUFnLpJ3_country-cn@geo.iproyal.com:11201 | conc: 2 | delay: 4900 ms (+1900) | latency: 9801 ms | size: 25354 bytes
2025-03-05 21:58:27 [douban2] INFO: 成功解析电影: 龙猫 (排名: 27)
2025-03-05 21:58:27 [douban2] INFO: Redis存储状态 - 节点movies_douban1: 9条, 全局: 25条
2025-03-05 21:58:27 [Douban2.pipelines] INFO: 当前总采集数量: 25
2025-03-05 21:58:27 [douban2] INFO: 采集进度 - 排名: 27, 当前节点: 1, 总进度: 25/250
2025-03-05 21:58:27 [douban2] INFO: 成功解析电影: 这个杀手不太冷 (排名: 7)
2025-03-05 21:58:27 [douban2] INFO: Redis存储状态 - 节点movies_douban1: 10条, 全局: 26条
2025-03-05 21:58:27 [Douban2.pipelines] INFO: 当前总采集数量: 26
2025-03-05 21:58:27 [douban2] INFO: 采集进度 - 排名: 7, 当前节点: 2, 总进度: 26/250
2025-03-05 21:58:30 [scrapy.extensions.throttle] INFO: slot: http://wvR6upmH4hiV9OSo:80kOlNDhuUFnLpJ3_country-cn@geo.iproyal.com:11201 | conc: 1 | delay: 3400 ms (-1500) | latency: 3799 ms | size: 26763 bytes
2025-03-05 21:58:31 [douban2] INFO: 成功解析电影: 七宗罪 (排名: 98)
2025-03-05 21:58:31 [douban2] INFO: Redis存储状态 - 节点movies_douban1: 11条, 全局: 29条
2025-03-05 21:58:31 [Douban2.pipelines] INFO: 当前总采集数量: 29
2025-03-05 21:58:31 [douban2] INFO: 采集进度 - 排名: 98, 当前节点: 3, 总进度: 29/250
2025-03-05 21:58:34 [scrapy.extensions.throttle] INFO: slot: http://wvR6upmH4hiV9OSo:80kOlNDhuUFnLpJ3_country-cn@geo.iproyal.com:11201 | conc: 1 | delay: 3000 ms (-400) | latency: 2655 ms | size: 26417 bytes
2025-03-05 21:58:35 [douban2] INFO: 成功解析电影: 辩护人 (排名: 60)
2025-03-05 21:58:35 [douban2] INFO: Redis存储状态 - 节点movies_douban1: 12条, 全局: 34条
2025-03-05 21:58:35 [Douban2.pipelines] INFO: 当前总采集数量: 34
2025-03-05 21:58:35 [douban2] INFO: 采集进度 - 排名: 60, 当前节点: 4, 总进度: 34/250
2025-03-05 21:58:38 [scrapy.extensions.throttle] INFO: slot: http://wvR6upmH4hiV9OSo:80kOlNDhuUFnLpJ3_country-cn@geo.iproyal.com:11201 | conc: 1 | delay: 3000 ms (+0) | latency: 2209 ms | size: 26581 bytes
2025-03-05 21:58:39 [douban2] INFO: 成功解析电影: 狩猎 (排名: 100)
2025-03-05 21:58:39 [douban2] INFO: Redis存储状态 - 节点movies_douban1: 13条, 全局: 36条
2025-03-05 21:58:39 [Douban2.pipelines] INFO: 当前总采集数量: 36
2025-03-05 21:58:39 [douban2] INFO: 采集进度 - 排名: 100, 当前节点: 5, 总进度: 36/250
2025-03-05 21:58:41 [scrapy.extensions.throttle] INFO: slot: http://wvR6upmH4hiV9OSo:80kOlNDhuUFnLpJ3_country-cn@geo.iproyal.com:11201 | conc: 1 | delay: 3000 ms (+0) | latency: 2060 ms | size: 26745 bytes
2025-03-05 21:58:43 [douban2] INFO: 成功解析电影: 狮子王 (排名: 58)
2025-03-05 21:58:43 [douban2] INFO: Redis存储状态 - 节点movies_douban1: 14条, 全局: 39条
2025-03-05 21:58:43 [Douban2.pipelines] INFO: 当前总采集数量: 39
2025-03-05 21:58:43 [douban2] INFO: 采集进度 - 排名: 58, 当前节点: 6, 总进度: 39/250
2025-03-05 21:58:45 [scrapy.extensions.throttle] INFO: slot: http://wvR6upmH4hiV9OSo:80kOlNDhuUFnLpJ3_country-cn@geo.iproyal.com:11201 | conc: 1 | delay: 3000 ms (+0) | latency: 2113 ms | size: 28606 bytes
2025-03-05 21:58:46 [douban2] INFO: 成功解析电影: 阿凡达 (排名: 72)
2025-03-05 21:58:46 [douban2] INFO: Redis存储状态 - 节点movies_douban1: 15条, 全局: 42条
2025-03-05 21:58:46 [Douban2.pipelines] INFO: 当前总采集数量: 42
2025-03-05 21:58:46 [douban2] INFO: 采集进度 - 排名: 72, 当前节点: 7, 总进度: 42/250
2025-03-05 21:58:49 [scrapy.extensions.throttle] INFO: slot: http://wvR6upmH4hiV9OSo:80kOlNDhuUFnLpJ3_country-cn@geo.iproyal.com:11201 | conc: 1 | delay: 3000 ms (+0) | latency: 2029 ms | size: 26846 bytes
2025-03-05 21:58:51 [douban2] INFO: 成功解析电影: 蝴蝶效应 (排名: 81)
2025-03-05 21:58:51 [douban2] INFO: Redis存储状态 - 节点movies_douban1: 16条, 全局: 46条
2025-03-05 21:58:51 [Douban2.pipelines] INFO: 当前总采集数量: 46
2025-03-05 21:58:51 [douban2] INFO: 采集进度 - 排名: 81, 当前节点: 8, 总进度: 46/250
2025-03-05 21:58:53 [scrapy.extensions.throttle] INFO: slot: http://wvR6upmH4hiV9OSo:80kOlNDhuUFnLpJ3_country-cn@geo.iproyal.com:11201 | conc: 1 | delay: 3000 ms (+0) | latency: 1954 ms | size: 26997 bytes
2025-03-05 21:58:54 [douban2] INFO: 成功解析电影: 摩登时代 (排名: 87)
2025-03-05 21:58:54 [douban2] INFO: Redis存储状态 - 节点movies_douban1: 17条, 全局: 49条
2025-03-05 21:58:54 [Douban2.pipelines] INFO: 当前总采集数量: 49
2025-03-05 21:58:54 [douban2] INFO: 采集进度 - 排名: 87, 当前节点: 9, 总进度: 49/250
2025-03-05 21:58:57 [scrapy.extensions.throttle] INFO: slot: http://wvR6upmH4hiV9OSo:80kOlNDhuUFnLpJ3_country-cn@geo.iproyal.com:11201 | conc: 1 | delay: 3000 ms (+0) | latency: 2153 ms | size: 26274 bytes
2025-03-05 21:58:58 [douban2] INFO: 成功解析电影: 让子弹飞 (排名: 36)
2025-03-05 21:58:58 [douban2] INFO: Redis存储状态 - 节点movies_douban1: 18条, 全局: 52条
2025-03-05 21:58:58 [Douban2.pipelines] INFO: 当前总采集数量: 52
2025-03-05 21:58:58 [douban2] INFO: 采集进度 - 排名: 36, 当前节点: 10, 总进度: 52/250
2025-03-05 21:59:01 [scrapy.extensions.throttle] INFO: slot: http://wvR6upmH4hiV9OSo:80kOlNDhuUFnLpJ3_country-cn@geo.iproyal.com:11201 | conc: 1 | delay: 3000 ms (+0) | latency: 1675 ms | size: 27173 bytes
2025-03-05 21:59:02 [douban2] INFO: 成功解析电影: 心灵捕手 (排名: 84)
2025-03-05 21:59:02 [douban2] INFO: Redis存储状态 - 节点movies_douban1: 19条, 全局: 55条
2025-03-05 21:59:02 [Douban2.pipelines] INFO: 当前总采集数量: 55
2025-03-05 21:59:02 [douban2] INFO: 采集进度 - 排名: 84, 当前节点: 11, 总进度: 55/250
2025-03-05 21:59:05 [scrapy.extensions.throttle] INFO: slot: http://wvR6upmH4hiV9OSo:80kOlNDhuUFnLpJ3_country-cn@geo.iproyal.com:11201 | conc: 1 | delay: 3000 ms (+0) | latency: 2453 ms | size: 26770 bytes
2025-03-05 21:59:06 [douban2] INFO: 成功解析电影: 致命魔术 (排名: 83)
2025-03-05 21:59:06 [douban2] INFO: Redis存储状态 - 节点movies_douban1: 20条, 全局: 58条
2025-03-05 21:59:06 [Douban2.pipelines] INFO: 当前总采集数量: 58
2025-03-05 21:59:06 [douban2] INFO: 采集进度 - 排名: 83, 当前节点: 12, 总进度: 58/250
2025-03-05 21:59:09 [scrapy.extensions.throttle] INFO: slot: http://wvR6upmH4hiV9OSo:80kOlNDhuUFnLpJ3_country-cn@geo.iproyal.com:11201 | conc: 1 | delay: 3000 ms (+0) | latency: 2051 ms | size: 27294 bytes
2025-03-05 21:59:10 [douban2] INFO: 成功解析电影: 美国往事 (排名: 94)
2025-03-05 21:59:10 [douban2] INFO: Redis存储状态 - 节点movies_douban1: 21条, 全局: 61条
2025-03-05 21:59:10 [Douban2.pipelines] INFO: 当前总采集数量: 61
2025-03-05 21:59:10 [douban2] INFO: 采集进度 - 排名: 94, 当前节点: 13, 总进度: 61/250
2025-03-05 21:59:12 [scrapy.extensions.throttle] INFO: slot: http://wvR6upmH4hiV9OSo:80kOlNDhuUFnLpJ3_country-cn@geo.iproyal.com:11201 | conc: 1 | delay: 3000 ms (+0) | latency: 1963 ms | size: 27289 bytes
2025-03-05 21:59:14 [douban2] INFO: 成功解析电影: 低俗小说 (排名: 85)
2025-03-05 21:59:14 [douban2] INFO: Redis存储状态 - 节点movies_douban1: 22条, 全局: 63条
2025-03-05 21:59:14 [Douban2.pipelines] INFO: 当前总采集数量: 63
2025-03-05 21:59:14 [douban2] INFO: 采集进度 - 排名: 85, 当前节点: 14, 总进度: 63/250
2025-03-05 21:59:15 [scrapy.extensions.logstats] INFO: Crawled 14 pages (at 14 pages/min), scraped 14 items (at 14 items/min)
2025-03-05 21:59:15 [scrapy.extensions.throttle] INFO: slot: http://wvR6upmH4hiV9OSo:80kOlNDhuUFnLpJ3_country-cn@geo.iproyal.com:11201 | conc: 1 | delay: 3000 ms (+0) | latency: 1782 ms | size: 26694 bytes
2025-03-05 21:59:17 [douban2] INFO: 成功解析电影: 搏击俱乐部 (排名: 62)
2025-03-05 21:59:17 [douban2] INFO: Redis存储状态 - 节点movies_douban1: 23条, 全局: 66条
2025-03-05 21:59:17 [Douban2.pipelines] INFO: 当前总采集数量: 66
2025-03-05 21:59:17 [douban2] INFO: 采集进度 - 排名: 62, 当前节点: 15, 总进度: 66/250
2025-03-05 21:59:19 [scrapy.extensions.throttle] INFO: slot: http://wvR6upmH4hiV9OSo:80kOlNDhuUFnLpJ3_country-cn@geo.iproyal.com:11201 | conc: 1 | delay: 3000 ms (+0) | latency: 1821 ms | size: 26857 bytes
2025-03-05 21:59:21 [douban2] INFO: 成功解析电影: 两杆大烟枪 (排名: 68)
2025-03-05 21:59:21 [douban2] INFO: Redis存储状态 - 节点movies_douban1: 24条, 全局: 70条
2025-03-05 21:59:21 [Douban2.pipelines] INFO: 当前总采集数量: 70
2025-03-05 21:59:21 [douban2] INFO: 采集进度 - 排名: 68, 当前节点: 16, 总进度: 70/250
2025-03-05 21:59:24 [scrapy.extensions.throttle] INFO: slot: http://wvR6upmH4hiV9OSo:80kOlNDhuUFnLpJ3_country-cn@geo.iproyal.com:11201 | conc: 1 | delay: 3000 ms (+0) | latency: 2422 ms | size: 27180 bytes
2025-03-05 21:59:26 [douban2] INFO: 成功解析电影: 飞屋环游记 (排名: 35)
2025-03-05 21:59:26 [douban2] INFO: Redis存储状态 - 节点movies_douban1: 25条, 全局: 73条
2025-03-05 21:59:26 [Douban2.pipelines] INFO: 当前总采集数量: 73
2025-03-05 21:59:26 [douban2] INFO: 采集进度 - 排名: 35, 当前节点: 17, 总进度: 73/250
2025-03-05 21:59:28 [scrapy.extensions.throttle] INFO: slot: http://wvR6upmH4hiV9OSo:80kOlNDhuUFnLpJ3_country-cn@geo.iproyal.com:11201 | conc: 1 | delay: 3000 ms (+0) | latency: 2170 ms | size: 27067 bytes
2025-03-05 21:59:29 [douban2] INFO: 成功解析电影: 海蒂和爷爷 (排名: 40)
2025-03-05 21:59:29 [douban2] INFO: Redis存储状态 - 节点movies_douban1: 26条, 全局: 76条
2025-03-05 21:59:29 [Douban2.pipelines] INFO: 当前总采集数量: 76
2025-03-05 21:59:29 [douban2] INFO: 采集进度 - 排名: 40, 当前节点: 18, 总进度: 76/250
2025-03-05 21:59:31 [scrapy.extensions.throttle] INFO: slot: http://wvR6upmH4hiV9OSo:80kOlNDhuUFnLpJ3_country-cn@geo.iproyal.com:11201 | conc: 1 | delay: 3000 ms (+0) | latency: 1412 ms | size: 27945 bytes
2025-03-05 21:59:33 [douban2] INFO: 成功解析电影: 哈尔的移动城堡 (排名: 37)
2025-03-05 21:59:33 [douban2] INFO: Redis存储状态 - 节点movies_douban1: 27条, 全局: 80条
2025-03-05 21:59:33 [Douban2.pipelines] INFO: 当前总采集数量: 80
2025-03-05 21:59:33 [douban2] INFO: 采集进度 - 排名: 37, 当前节点: 19, 总进度: 80/250
2025-03-05 21:59:35 [scrapy.extensions.throttle] INFO: slot: http://wvR6upmH4hiV9OSo:80kOlNDhuUFnLpJ3_country-cn@geo.iproyal.com:11201 | conc: 1 | delay: 3000 ms (+0) | latency: 1933 ms | size: 27389 bytes
2025-03-05 21:59:36 [douban2] INFO: 成功解析电影: 本杰明·巴顿奇事 (排名: 63)
2025-03-05 21:59:36 [douban2] INFO: Redis存储状态 - 节点movies_douban1: 28条, 全局: 82条
2025-03-05 21:59:36 [Douban2.pipelines] INFO: 当前总采集数量: 82
2025-03-05 21:59:36 [douban2] INFO: 采集进度 - 排名: 63, 当前节点: 20, 总进度: 82/250
2025-03-05 21:59:38 [scrapy.extensions.throttle] INFO: slot: http://wvR6upmH4hiV9OSo:80kOlNDhuUFnLpJ3_country-cn@geo.iproyal.com:11201 | conc: 1 | delay: 3000 ms (+0) | latency: 1717 ms | size: 26814 bytes
2025-03-05 21:59:40 [douban2] INFO: 成功解析电影: 穿条纹睡衣的男孩 (排名: 65)
2025-03-05 21:59:40 [douban2] INFO: Redis存储状态 - 节点movies_douban1: 29条, 全局: 85条
2025-03-05 21:59:40 [Douban2.pipelines] INFO: 当前总采集数量: 85
2025-03-05 21:59:40 [douban2] INFO: 采集进度 - 排名: 65, 当前节点: 21, 总进度: 85/250
2025-03-05 21:59:43 [scrapy.extensions.throttle] INFO: slot: http://wvR6upmH4hiV9OSo:80kOlNDhuUFnLpJ3_country-cn@geo.iproyal.com:11201 | conc: 1 | delay: 3000 ms (+0) | latency: 2799 ms | size: 30016 bytes
2025-03-05 21:59:44 [douban2] INFO: 成功解析电影: 指环王2：双塔奇兵 (排名: 47)
2025-03-05 21:59:44 [douban2] INFO: Redis存储状态 - 节点movies_douban1: 30条, 全局: 90条
2025-03-05 21:59:44 [Douban2.pipelines] INFO: 当前总采集数量: 90
2025-03-05 21:59:44 [douban2] INFO: 采集进度 - 排名: 47, 当前节点: 22, 总进度: 90/250
2025-03-05 21:59:47 [scrapy.extensions.throttle] INFO: slot: http://wvR6upmH4hiV9OSo:80kOlNDhuUFnLpJ3_country-cn@geo.iproyal.com:11201 | conc: 1 | delay: 3000 ms (+0) | latency: 2829 ms | size: 27510 bytes
2025-03-05 21:59:49 [douban2] INFO: 成功解析电影: 西西里的美丽传说 (排名: 71)
2025-03-05 21:59:49 [douban2] INFO: Redis存储状态 - 节点movies_douban1: 31条, 全局: 92条
2025-03-05 21:59:49 [Douban2.pipelines] INFO: 当前总采集数量: 92
2025-03-05 21:59:49 [douban2] INFO: 采集进度 - 排名: 71, 当前节点: 23, 总进度: 92/250
2025-03-05 21:59:51 [scrapy.extensions.throttle] INFO: slot: http://wvR6upmH4hiV9OSo:80kOlNDhuUFnLpJ3_country-cn@geo.iproyal.com:11201 | conc: 1 | delay: 3000 ms (+0) | latency: 2134 ms | size: 27070 bytes
2025-03-05 21:59:52 [douban2] INFO: 成功解析电影: 心迷宫 (排名: 181)
2025-03-05 21:59:52 [douban2] INFO: Redis存储状态 - 节点movies_douban1: 32条, 全局: 96条
2025-03-05 21:59:52 [Douban2.pipelines] INFO: 当前总采集数量: 96
2025-03-05 21:59:52 [douban2] INFO: 采集进度 - 排名: 181, 当前节点: 24, 总进度: 96/250
2025-03-05 21:59:54 [scrapy.extensions.throttle] INFO: slot: http://wvR6upmH4hiV9OSo:80kOlNDhuUFnLpJ3_country-cn@geo.iproyal.com:11201 | conc: 1 | delay: 3000 ms (+0) | latency: 1846 ms | size: 25895 bytes
2025-03-05 21:59:56 [douban2] INFO: 成功解析电影: 疯狂的石头 (排名: 180)
2025-03-05 21:59:56 [douban2] INFO: Redis存储状态 - 节点movies_douban1: 33条, 全局: 98条
2025-03-05 21:59:56 [Douban2.pipelines] INFO: 当前总采集数量: 98
2025-03-05 21:59:56 [douban2] INFO: 采集进度 - 排名: 180, 当前节点: 25, 总进度: 98/250
2025-03-05 21:59:58 [scrapy.extensions.throttle] INFO: slot: http://wvR6upmH4hiV9OSo:80kOlNDhuUFnLpJ3_country-cn@geo.iproyal.com:11201 | conc: 1 | delay: 3000 ms (+0) | latency: 1864 ms | size: 25863 bytes
2025-03-05 22:00:00 [douban2] INFO: 成功解析电影: 末路狂花 (排名: 188)
2025-03-05 22:00:00 [douban2] INFO: Redis存储状态 - 节点movies_douban1: 34条, 全局: 102条
2025-03-05 22:00:00 [Douban2.pipelines] INFO: 当前总采集数量: 102
2025-03-05 22:00:00 [douban2] INFO: 采集进度 - 排名: 188, 当前节点: 26, 总进度: 102/250
2025-03-05 22:00:02 [scrapy.extensions.throttle] INFO: slot: http://wvR6upmH4hiV9OSo:80kOlNDhuUFnLpJ3_country-cn@geo.iproyal.com:11201 | conc: 1 | delay: 3000 ms (+0) | latency: 1866 ms | size: 27675 bytes
2025-03-05 22:00:04 [douban2] INFO: 成功解析电影: 忠犬八公物语 (排名: 195)
2025-03-05 22:00:04 [douban2] INFO: Redis存储状态 - 节点movies_douban1: 35条, 全局: 105条
2025-03-05 22:00:04 [Douban2.pipelines] INFO: 当前总采集数量: 105
2025-03-05 22:00:04 [douban2] INFO: 采集进度 - 排名: 195, 当前节点: 27, 总进度: 105/250
2025-03-05 22:00:08 [scrapy.extensions.throttle] INFO: slot: http://wvR6upmH4hiV9OSo:80kOlNDhuUFnLpJ3_country-cn@geo.iproyal.com:11201 | conc: 1 | delay: 3000 ms (+0) | latency: 3593 ms | size: 28642 bytes
2025-03-05 22:00:09 [douban2] INFO: 成功解析电影: 无敌破坏王 (排名: 187)
2025-03-05 22:00:09 [douban2] INFO: Redis存储状态 - 节点movies_douban1: 36条, 全局: 108条
2025-03-05 22:00:09 [Douban2.pipelines] INFO: 当前总采集数量: 108
2025-03-05 22:00:09 [douban2] INFO: 采集进度 - 排名: 187, 当前节点: 28, 总进度: 108/250
2025-03-05 22:00:11 [scrapy.extensions.throttle] INFO: slot: http://wvR6upmH4hiV9OSo:80kOlNDhuUFnLpJ3_country-cn@geo.iproyal.com:11201 | conc: 1 | delay: 3000 ms (+0) | latency: 2019 ms | size: 26075 bytes
2025-03-05 22:00:13 [douban2] INFO: 成功解析电影: 卢旺达饭店 (排名: 186)
2025-03-05 22:00:13 [douban2] INFO: Redis存储状态 - 节点movies_douban1: 37条, 全局: 111条
2025-03-05 22:00:13 [Douban2.pipelines] INFO: 当前总采集数量: 111
2025-03-05 22:00:13 [douban2] INFO: 采集进度 - 排名: 186, 当前节点: 29, 总进度: 111/250
2025-03-05 22:00:15 [scrapy.extensions.logstats] INFO: Crawled 29 pages (at 15 pages/min), scraped 29 items (at 15 items/min)
2025-03-05 22:00:15 [scrapy.extensions.throttle] INFO: slot: http://wvR6upmH4hiV9OSo:80kOlNDhuUFnLpJ3_country-cn@geo.iproyal.com:11201 | conc: 1 | delay: 3000 ms (+0) | latency: 2304 ms | size: 24990 bytes
2025-03-05 22:00:15 [douban2] INFO: 创建请求: https://movie.douban.com/top250?start=75&filter=
2025-03-05 22:00:17 [douban2] INFO: 成功解析电影: 大佛普拉斯 (排名: 200)
2025-03-05 22:00:17 [douban2] INFO: Redis存储状态 - 节点movies_douban1: 38条, 全局: 114条
2025-03-05 22:00:17 [Douban2.pipelines] INFO: 当前总采集数量: 114
2025-03-05 22:00:17 [douban2] INFO: 采集进度 - 排名: 200, 当前节点: 30, 总进度: 114/250
2025-03-05 22:00:18 [scrapy.extensions.throttle] INFO: slot: http://wvR6upmH4hiV9OSo:80kOlNDhuUFnLpJ3_country-cn@geo.iproyal.com:11201 | conc: 1 | delay: 3000 ms (+0) | latency: 1870 ms | size: 25859 bytes
2025-03-05 22:00:18 [douban2] INFO: 创建请求: https://movie.douban.com/top250?start=50&filter=
2025-03-05 22:00:20 [douban2] INFO: 成功解析电影: 高山下的花环 (排名: 196)
2025-03-05 22:00:20 [douban2] INFO: Redis存储状态 - 节点movies_douban1: 39条, 全局: 117条
2025-03-05 22:00:20 [Douban2.pipelines] INFO: 当前总采集数量: 117
2025-03-05 22:00:20 [douban2] INFO: 采集进度 - 排名: 196, 当前节点: 31, 总进度: 117/250
2025-03-05 22:00:21 [scrapy.extensions.throttle] INFO: slot: http://wvR6upmH4hiV9OSo:80kOlNDhuUFnLpJ3_country-cn@geo.iproyal.com:11201 | conc: 1 | delay: 3000 ms (+0) | latency:  805 ms | size: 10863 bytes
2025-03-05 22:00:21 [douban2] INFO: 开始解析页面: https://movie.douban.com/top250?start=75&filter=
2025-03-05 22:00:21 [douban2] INFO: 找到 25 个电影条目
2025-03-05 22:00:25 [scrapy.extensions.throttle] INFO: slot: http://wvR6upmH4hiV9OSo:80kOlNDhuUFnLpJ3_country-cn@geo.iproyal.com:11201 | conc: 1 | delay: 3000 ms (+0) | latency: 1146 ms | size: 10936 bytes
2025-03-05 22:00:26 [douban2] INFO: 开始解析页面: https://movie.douban.com/top250?start=50&filter=
2025-03-05 22:00:26 [douban2] INFO: 找到 25 个电影条目
2025-03-05 22:00:30 [scrapy.extensions.throttle] INFO: slot: http://wvR6upmH4hiV9OSo:80kOlNDhuUFnLpJ3_country-cn@geo.iproyal.com:11201 | conc: 1 | delay: 3000 ms (+0) | latency: 2201 ms | size: 26003 bytes
2025-03-05 22:00:31 [douban2] INFO: 成功解析电影: 小鞋子 (排名: 77)
2025-03-05 22:00:31 [douban2] INFO: Redis存储状态 - 节点movies_douban1: 39条, 全局: 119条
2025-03-05 22:00:31 [Douban2.pipelines] INFO: 当前总采集数量: 119
2025-03-05 22:00:31 [douban2] INFO: 采集进度 - 排名: 77, 当前节点: 32, 总进度: 119/250
2025-03-05 22:00:34 [scrapy.extensions.throttle] INFO: slot: http://wvR6upmH4hiV9OSo:80kOlNDhuUFnLpJ3_country-cn@geo.iproyal.com:11201 | conc: 1 | delay: 3000 ms (+0) | latency: 2031 ms | size: 26967 bytes
2025-03-05 22:00:35 [douban2] INFO: 成功解析电影: 红辣椒 (排名: 97)
2025-03-05 22:00:35 [douban2] INFO: Redis存储状态 - 节点movies_douban1: 39条, 全局: 119条
2025-03-05 22:00:35 [Douban2.pipelines] INFO: 当前总采集数量: 120
2025-03-05 22:00:35 [douban2] INFO: 采集进度 - 排名: 97, 当前节点: 33, 总进度: 120/250
2025-03-05 22:00:37 [scrapy.extensions.throttle] INFO: slot: http://wvR6upmH4hiV9OSo:80kOlNDhuUFnLpJ3_country-cn@geo.iproyal.com:11201 | conc: 1 | delay: 3000 ms (+0) | latency: 1553 ms | size: 24965 bytes
2025-03-05 22:00:39 [douban2] INFO: 成功解析电影: 熔炉 (排名: 21)
2025-03-05 22:00:39 [douban2] INFO: Redis存储状态 - 节点movies_douban1: 39条, 全局: 119条
2025-03-05 22:00:39 [Douban2.pipelines] INFO: 当前总采集数量: 122
2025-03-05 22:00:39 [douban2] INFO: 采集进度 - 排名: 21, 当前节点: 34, 总进度: 122/250
2025-03-05 22:00:41 [scrapy.extensions.throttle] INFO: slot: http://wvR6upmH4hiV9OSo:80kOlNDhuUFnLpJ3_country-cn@geo.iproyal.com:11201 | conc: 1 | delay: 3000 ms (+0) | latency: 1519 ms | size: 27005 bytes
2025-03-05 22:00:43 [douban2] INFO: 成功解析电影: 教父 (排名: 23)
2025-03-05 22:00:43 [douban2] INFO: Redis存储状态 - 节点movies_douban1: 40条, 全局: 119条
2025-03-05 22:00:43 [Douban2.pipelines] INFO: 当前总采集数量: 124
2025-03-05 22:00:43 [douban2] INFO: 采集进度 - 排名: 23, 当前节点: 35, 总进度: 124/250
2025-03-05 22:00:46 [scrapy.extensions.throttle] INFO: slot: http://wvR6upmH4hiV9OSo:80kOlNDhuUFnLpJ3_country-cn@geo.iproyal.com:11201 | conc: 1 | delay: 3000 ms (+0) | latency: 3293 ms | size: 28485 bytes
2025-03-05 22:00:47 [douban2] INFO: 成功解析电影: 阿甘正传 (排名: 4)
2025-03-05 22:00:47 [douban2] INFO: Redis存储状态 - 节点movies_douban1: 40条, 全局: 119条
2025-03-05 22:00:47 [Douban2.pipelines] INFO: 当前总采集数量: 127
2025-03-05 22:00:47 [douban2] INFO: 采集进度 - 排名: 4, 当前节点: 36, 总进度: 127/250
2025-03-05 22:00:49 [scrapy.extensions.throttle] INFO: slot: http://wvR6upmH4hiV9OSo:80kOlNDhuUFnLpJ3_country-cn@geo.iproyal.com:11201 | conc: 1 | delay: 3000 ms (+0) | latency: 1813 ms | size: 27734 bytes
2025-03-05 22:00:51 [douban2] INFO: 成功解析电影: 触不可及 (排名: 22)
2025-03-05 22:00:51 [douban2] INFO: Redis存储状态 - 节点movies_douban1: 41条, 全局: 119条
2025-03-05 22:00:51 [Douban2.pipelines] INFO: 当前总采集数量: 129
2025-03-05 22:00:51 [douban2] INFO: 采集进度 - 排名: 22, 当前节点: 37, 总进度: 129/250
2025-03-05 22:00:56 [scrapy.extensions.throttle] INFO: slot: http://wvR6upmH4hiV9OSo:80kOlNDhuUFnLpJ3_country-cn@geo.iproyal.com:11201 | conc: 2 | delay: 3000 ms (+0) | latency: 2540 ms | size: 27462 bytes
2025-03-05 22:00:57 [scrapy.extensions.throttle] INFO: slot: http://wvR6upmH4hiV9OSo:80kOlNDhuUFnLpJ3_country-cn@geo.iproyal.com:11201 | conc: 1 | delay: 3000 ms (+0) | latency: 4484 ms | size: 28031 bytes
2025-03-05 22:00:59 [douban2] INFO: 成功解析电影: 肖申克的救赎 (排名: 1)
2025-03-05 22:00:59 [douban2] INFO: Redis存储状态 - 节点movies_douban1: 42条, 全局: 119条
2025-03-05 22:00:59 [Douban2.pipelines] INFO: 当前总采集数量: 132
2025-03-05 22:00:59 [douban2] INFO: 采集进度 - 排名: 1, 当前节点: 38, 总进度: 132/250
2025-03-05 22:00:59 [douban2] INFO: 成功解析电影: 寻梦环游记 (排名: 24)
2025-03-05 22:00:59 [douban2] INFO: Redis存储状态 - 节点movies_douban1: 43条, 全局: 119条
2025-03-05 22:00:59 [Douban2.pipelines] INFO: 当前总采集数量: 133
2025-03-05 22:00:59 [douban2] INFO: 采集进度 - 排名: 24, 当前节点: 39, 总进度: 133/250
2025-03-05 22:01:01 [scrapy.extensions.throttle] INFO: slot: http://wvR6upmH4hiV9OSo:80kOlNDhuUFnLpJ3_country-cn@geo.iproyal.com:11201 | conc: 1 | delay: 3000 ms (+0) | latency: 1840 ms | size: 28634 bytes
2025-03-05 22:01:02 [douban2] INFO: 成功解析电影: 辛德勒的名单 (排名: 11)
2025-03-05 22:01:02 [douban2] INFO: Redis存储状态 - 节点movies_douban1: 44条, 全局: 120条
2025-03-05 22:01:02 [Douban2.pipelines] INFO: 当前总采集数量: 136
2025-03-05 22:01:02 [douban2] INFO: 采集进度 - 排名: 11, 当前节点: 40, 总进度: 136/250
2025-03-05 22:01:04 [scrapy.extensions.throttle] INFO: slot: http://wvR6upmH4hiV9OSo:80kOlNDhuUFnLpJ3_country-cn@geo.iproyal.com:11201 | conc: 1 | delay: 3000 ms (+0) | latency: 1726 ms | size: 24434 bytes
2025-03-05 22:01:05 [douban2] INFO: 成功解析电影: 忠犬八公的故事 (排名: 12)
2025-03-05 22:01:05 [douban2] INFO: Redis存储状态 - 节点movies_douban1: 45条, 全局: 122条
2025-03-05 22:01:05 [Douban2.pipelines] INFO: 当前总采集数量: 139
2025-03-05 22:01:05 [douban2] INFO: 采集进度 - 排名: 12, 当前节点: 41, 总进度: 139/250
2025-03-05 22:01:09 [scrapy.extensions.throttle] INFO: slot: http://wvR6upmH4hiV9OSo:80kOlNDhuUFnLpJ3_country-cn@geo.iproyal.com:11201 | conc: 2 | delay: 3000 ms (+0) | latency: 2704 ms | size: 24769 bytes
2025-03-05 22:01:10 [douban2] INFO: 成功解析电影: 素媛 (排名: 38)
2025-03-05 22:01:10 [douban2] INFO: Redis存储状态 - 节点movies_douban1: 46条, 全局: 125条
2025-03-05 22:01:10 [Douban2.pipelines] INFO: 当前总采集数量: 142
2025-03-05 22:01:10 [douban2] INFO: 采集进度 - 排名: 38, 当前节点: 42, 总进度: 142/250
2025-03-05 22:01:11 [scrapy.extensions.throttle] INFO: slot: http://wvR6upmH4hiV9OSo:80kOlNDhuUFnLpJ3_country-cn@geo.iproyal.com:11201 | conc: 1 | delay: 3000 ms (+0) | latency: 2025 ms | size: 27123 bytes
2025-03-05 22:01:12 [douban2] INFO: 成功解析电影: 禁闭岛 (排名: 82)
2025-03-05 22:01:12 [douban2] INFO: Redis存储状态 - 节点movies_douban1: 47条, 全局: 125条
2025-03-05 22:01:12 [Douban2.pipelines] INFO: 当前总采集数量: 145
2025-03-05 22:01:12 [douban2] INFO: 采集进度 - 排名: 82, 当前节点: 43, 总进度: 145/250
2025-03-05 22:01:15 [scrapy.extensions.logstats] INFO: Crawled 45 pages (at 16 pages/min), scraped 43 items (at 14 items/min)
2025-03-05 22:01:15 [scrapy.extensions.throttle] INFO: slot: http://wvR6upmH4hiV9OSo:80kOlNDhuUFnLpJ3_country-cn@geo.iproyal.com:11201 | conc: 1 | delay: 3000 ms (+0) | latency: 2397 ms | size: 26252 bytes
2025-03-05 22:01:16 [douban2] INFO: 成功解析电影: 情书 (排名: 66)
2025-03-05 22:01:16 [douban2] INFO: Redis存储状态 - 节点movies_douban1: 48条, 全局: 125条
2025-03-05 22:01:16 [Douban2.pipelines] INFO: 当前总采集数量: 146
2025-03-05 22:01:16 [douban2] INFO: 采集进度 - 排名: 66, 当前节点: 44, 总进度: 146/250
2025-03-05 22:01:21 [scrapy.extensions.throttle] INFO: slot: http://wvR6upmH4hiV9OSo:80kOlNDhuUFnLpJ3_country-cn@geo.iproyal.com:11201 | conc: 2 | delay: 3000 ms (+0) | latency: 4486 ms | size: 24134 bytes
2025-03-05 22:01:23 [scrapy.extensions.throttle] INFO: slot: http://wvR6upmH4hiV9OSo:80kOlNDhuUFnLpJ3_country-cn@geo.iproyal.com:11201 | conc: 1 | delay: 3000 ms (+0) | latency: 2956 ms | size: 26591 bytes
2025-03-05 22:01:24 [douban2] INFO: 成功解析电影: 鬼子来了 (排名: 44)
2025-03-05 22:01:24 [douban2] INFO: Redis存储状态 - 节点movies_douban1: 49条, 全局: 125条
2025-03-05 22:01:24 [Douban2.pipelines] INFO: 当前总采集数量: 150
2025-03-05 22:01:24 [douban2] INFO: 采集进度 - 排名: 44, 当前节点: 45, 总进度: 150/250
2025-03-05 22:01:24 [douban2] INFO: 成功解析电影: 狩猎 (排名: 100)
2025-03-05 22:01:24 [douban2] INFO: Redis存储状态 - 节点movies_douban1: 49条, 全局: 125条
2025-03-05 22:01:24 [Douban2.pipelines] INFO: 当前总采集数量: 150
2025-03-05 22:01:24 [douban2] INFO: 采集进度 - 排名: 100, 当前节点: 46, 总进度: 150/250
2025-03-05 22:01:27 [scrapy.extensions.throttle] INFO: slot: http://wvR6upmH4hiV9OSo:80kOlNDhuUFnLpJ3_country-cn@geo.iproyal.com:11201 | conc: 1 | delay: 3000 ms (+0) | latency: 3873 ms | size: 26790 bytes
2025-03-05 22:01:28 [douban2] INFO: 成功解析电影: 狮子王 (排名: 58)
2025-03-05 22:01:28 [douban2] INFO: Redis存储状态 - 节点movies_douban1: 49条, 全局: 125条
2025-03-05 22:01:28 [Douban2.pipelines] INFO: 当前总采集数量: 151
2025-03-05 22:01:28 [douban2] INFO: 采集进度 - 排名: 58, 当前节点: 47, 总进度: 151/250
2025-03-05 22:01:30 [scrapy.extensions.throttle] INFO: slot: http://wvR6upmH4hiV9OSo:80kOlNDhuUFnLpJ3_country-cn@geo.iproyal.com:11201 | conc: 1 | delay: 3000 ms (+0) | latency: 1903 ms | size: 25436 bytes
2025-03-05 22:01:31 [douban2] INFO: 成功解析电影: 大闹天宫 (排名: 53)
2025-03-05 22:01:31 [douban2] INFO: Redis存储状态 - 节点movies_douban1: 50条, 全局: 125条
2025-03-05 22:01:31 [Douban2.pipelines] INFO: 当前总采集数量: 153
2025-03-05 22:01:31 [douban2] INFO: 采集进度 - 排名: 53, 当前节点: 48, 总进度: 153/250
2025-03-05 22:01:36 [scrapy.extensions.throttle] INFO: slot: http://wvR6upmH4hiV9OSo:80kOlNDhuUFnLpJ3_country-cn@geo.iproyal.com:11201 | conc: 1 | delay: 3000 ms (+0) | latency: 4227 ms | size: 29874 bytes
2025-03-05 22:01:37 [douban2] INFO: 成功解析电影: 绿皮书 (排名: 52)
2025-03-05 22:01:37 [douban2] INFO: Redis存储状态 - 节点movies_douban1: 51条, 全局: 125条
2025-03-05 22:01:37 [Douban2.pipelines] INFO: 当前总采集数量: 156
2025-03-05 22:01:37 [douban2] INFO: 采集进度 - 排名: 52, 当前节点: 49, 总进度: 156/250
2025-03-05 22:01:39 [scrapy.extensions.throttle] INFO: slot: http://wvR6upmH4hiV9OSo:80kOlNDhuUFnLpJ3_country-cn@geo.iproyal.com:11201 | conc: 1 | delay: 3000 ms (+0) | latency: 1644 ms | size: 26727 bytes
2025-03-05 22:01:40 [douban2] INFO: 成功解析电影: 罗马假日 (排名: 55)
2025-03-05 22:01:40 [douban2] INFO: Redis存储状态 - 节点movies_douban1: 52条, 全局: 125条
2025-03-05 22:01:40 [Douban2.pipelines] INFO: 当前总采集数量: 159
2025-03-05 22:01:40 [douban2] INFO: 采集进度 - 排名: 55, 当前节点: 50, 总进度: 159/250
2025-03-05 22:01:47 [scrapy.extensions.throttle] INFO: slot: http://wvR6upmH4hiV9OSo:80kOlNDhuUFnLpJ3_country-cn@geo.iproyal.com:11201 | conc: 2 | delay: 3000 ms (+0) | latency: 2097 ms | size: 26901 bytes
2025-03-05 22:01:48 [douban2] INFO: 成功解析电影: 心灵捕手 (排名: 84)
2025-03-05 22:01:48 [douban2] INFO: Redis存储状态 - 节点movies_douban1: 52条, 全局: 125条
2025-03-05 22:01:48 [Douban2.pipelines] INFO: 当前总采集数量: 162
2025-03-05 22:01:48 [douban2] INFO: 采集进度 - 排名: 84, 当前节点: 51, 总进度: 162/250
2025-03-05 22:01:50 [scrapy.extensions.throttle] INFO: slot: http://wvR6upmH4hiV9OSo:80kOlNDhuUFnLpJ3_country-cn@geo.iproyal.com:11201 | conc: 2 | delay: 3000 ms (+0) | latency: 1881 ms | size: 27035 bytes
2025-03-05 22:01:51 [scrapy.extensions.throttle] INFO: slot: http://wvR6upmH4hiV9OSo:80kOlNDhuUFnLpJ3_country-cn@geo.iproyal.com:11201 | conc: 1 | delay: 5429 ms (+2429) | latency:10859 ms | size: 28117 bytes
2025-03-05 22:01:53 [douban2] INFO: 成功解析电影: 何以为家 (排名: 50)
2025-03-05 22:01:53 [douban2] INFO: Redis存储状态 - 节点movies_douban1: 53条, 全局: 125条
2025-03-05 22:01:53 [Douban2.pipelines] INFO: 当前总采集数量: 165
2025-03-05 22:01:53 [douban2] INFO: 采集进度 - 排名: 50, 当前节点: 52, 总进度: 165/250
2025-03-05 22:01:53 [douban2] INFO: 成功解析电影: 美丽心灵 (排名: 64)
2025-03-05 22:01:53 [douban2] INFO: Redis存储状态 - 节点movies_douban1: 54条, 全局: 125条
2025-03-05 22:01:53 [Douban2.pipelines] INFO: 当前总采集数量: 166
2025-03-05 22:01:53 [douban2] INFO: 采集进度 - 排名: 64, 当前节点: 53, 总进度: 166/250
2025-03-05 22:01:55 [scrapy.extensions.throttle] INFO: slot: http://wvR6upmH4hiV9OSo:80kOlNDhuUFnLpJ3_country-cn@geo.iproyal.com:11201 | conc: 1 | delay: 3185 ms (-2243) | latency: 1883 ms | size: 27166 bytes
2025-03-05 22:01:56 [douban2] INFO: 成功解析电影: 美国往事 (排名: 94)
2025-03-05 22:01:56 [douban2] INFO: Redis存储状态 - 节点movies_douban1: 54条, 全局: 125条
2025-03-05 22:01:56 [Douban2.pipelines] INFO: 当前总采集数量: 166
2025-03-05 22:01:56 [douban2] INFO: 采集进度 - 排名: 94, 当前节点: 54, 总进度: 166/250
2025-03-05 22:02:01 [scrapy.extensions.throttle] INFO: slot: http://wvR6upmH4hiV9OSo:80kOlNDhuUFnLpJ3_country-cn@geo.iproyal.com:11201 | conc: 1 | delay: 3000 ms (-185) | latency: 2099 ms | size: 27316 bytes
2025-03-05 22:02:03 [douban2] INFO: 成功解析电影: 低俗小说 (排名: 85)
2025-03-05 22:02:03 [douban2] INFO: Redis存储状态 - 节点movies_douban1: 54条, 全局: 125条
2025-03-05 22:02:03 [Douban2.pipelines] INFO: 当前总采集数量: 169
2025-03-05 22:02:03 [douban2] INFO: 采集进度 - 排名: 85, 当前节点: 55, 总进度: 169/250
2025-03-05 22:02:05 [scrapy.extensions.throttle] INFO: slot: http://wvR6upmH4hiV9OSo:80kOlNDhuUFnLpJ3_country-cn@geo.iproyal.com:11201 | conc: 1 | delay: 3000 ms (+0) | latency: 1825 ms | size: 27385 bytes
2025-03-05 22:02:06 [douban2] INFO: 成功解析电影: 加勒比海盗 (排名: 96)
2025-03-05 22:02:06 [douban2] INFO: Redis存储状态 - 节点movies_douban1: 55条, 全局: 125条
2025-03-05 22:02:06 [Douban2.pipelines] INFO: 当前总采集数量: 170
2025-03-05 22:02:06 [douban2] INFO: 采集进度 - 排名: 96, 当前节点: 56, 总进度: 170/250
2025-03-05 22:02:10 [scrapy.extensions.throttle] INFO: slot: http://wvR6upmH4hiV9OSo:80kOlNDhuUFnLpJ3_country-cn@geo.iproyal.com:11201 | conc: 1 | delay: 3000 ms (+0) | latency: 2505 ms | size: 26797 bytes
2025-03-05 22:02:11 [douban2] INFO: 成功解析电影: 两杆大烟枪 (排名: 68)
2025-03-05 22:02:11 [douban2] INFO: Redis存储状态 - 节点movies_douban1: 55条, 全局: 125条
2025-03-05 22:02:11 [Douban2.pipelines] INFO: 当前总采集数量: 174
2025-03-05 22:02:11 [douban2] INFO: 采集进度 - 排名: 68, 当前节点: 57, 总进度: 174/250
2025-03-05 22:02:14 [scrapy.extensions.throttle] INFO: slot: http://wvR6upmH4hiV9OSo:80kOlNDhuUFnLpJ3_country-cn@geo.iproyal.com:11201 | conc: 1 | delay: 3000 ms (+0) | latency: 2935 ms | size: 27101 bytes
2025-03-05 22:02:15 [scrapy.extensions.logstats] INFO: Crawled 60 pages (at 15 pages/min), scraped 57 items (at 14 items/min)
2025-03-05 22:02:16 [douban2] INFO: 成功解析电影: 飞屋环游记 (排名: 35)
2025-03-05 22:02:16 [douban2] INFO: Redis存储状态 - 节点movies_douban1: 55条, 全局: 125条
2025-03-05 22:02:16 [Douban2.pipelines] INFO: 当前总采集数量: 174
2025-03-05 22:02:16 [douban2] INFO: 采集进度 - 排名: 35, 当前节点: 58, 总进度: 174/250
2025-03-05 22:02:21 [scrapy.extensions.throttle] INFO: slot: http://wvR6upmH4hiV9OSo:80kOlNDhuUFnLpJ3_country-cn@geo.iproyal.com:11201 | conc: 2 | delay: 3000 ms (+0) | latency: 5737 ms | size: 28241 bytes
2025-03-05 22:02:23 [scrapy.extensions.throttle] INFO: slot: http://wvR6upmH4hiV9OSo:80kOlNDhuUFnLpJ3_country-cn@geo.iproyal.com:11201 | conc: 1 | delay: 3000 ms (+0) | latency: 2932 ms | size: 26951 bytes
2025-03-05 22:02:24 [douban2] INFO: 成功解析电影: 海蒂和爷爷 (排名: 40)
2025-03-05 22:02:24 [douban2] INFO: Redis存储状态 - 节点movies_douban1: 55条, 全局: 125条
2025-03-05 22:02:24 [Douban2.pipelines] INFO: 当前总采集数量: 176
2025-03-05 22:02:24 [douban2] INFO: 采集进度 - 排名: 40, 当前节点: 59, 总进度: 176/250
2025-03-05 22:02:24 [douban2] INFO: 成功解析电影: 摔跤吧！爸爸 (排名: 43)
2025-03-05 22:02:24 [douban2] INFO: Redis存储状态 - 节点movies_douban1: 56条, 全局: 125条
2025-03-05 22:02:24 [Douban2.pipelines] INFO: 当前总采集数量: 177
2025-03-05 22:02:24 [douban2] INFO: 采集进度 - 排名: 43, 当前节点: 60, 总进度: 177/250
2025-03-05 22:02:28 [scrapy.extensions.throttle] INFO: slot: http://wvR6upmH4hiV9OSo:80kOlNDhuUFnLpJ3_country-cn@geo.iproyal.com:11201 | conc: 1 | delay: 3000 ms (+0) | latency: 3803 ms | size: 26826 bytes
2025-03-05 22:02:29 [douban2] INFO: 成功解析电影: 看不见的客人 (排名: 74)
2025-03-05 22:02:29 [douban2] INFO: Redis存储状态 - 节点movies_douban1: 57条, 全局: 125条
2025-03-05 22:02:29 [Douban2.pipelines] INFO: 当前总采集数量: 178
2025-03-05 22:02:29 [douban2] INFO: 采集进度 - 排名: 74, 当前节点: 61, 总进度: 178/250
2025-03-05 22:02:32 [scrapy.extensions.throttle] INFO: slot: http://wvR6upmH4hiV9OSo:80kOlNDhuUFnLpJ3_country-cn@geo.iproyal.com:11201 | conc: 1 | delay: 3000 ms (+0) | latency: 2311 ms | size: 26780 bytes
2025-03-05 22:02:33 [douban2] INFO: 成功解析电影: 穿条纹睡衣的男孩 (排名: 65)
2025-03-05 22:02:33 [douban2] INFO: Redis存储状态 - 节点movies_douban1: 57条, 全局: 125条
2025-03-05 22:02:33 [Douban2.pipelines] INFO: 当前总采集数量: 182
2025-03-05 22:02:33 [douban2] INFO: 采集进度 - 排名: 65, 当前节点: 62, 总进度: 182/250
2025-03-05 22:02:35 [scrapy.extensions.throttle] INFO: slot: http://wvR6upmH4hiV9OSo:80kOlNDhuUFnLpJ3_country-cn@geo.iproyal.com:11201 | conc: 1 | delay: 3000 ms (+0) | latency: 1642 ms | size: 25343 bytes
2025-03-05 22:02:37 [douban2] INFO: 成功解析电影: 大话西游之月光宝盒 (排名: 48)
2025-03-05 22:02:37 [douban2] INFO: Redis存储状态 - 节点movies_douban1: 58条, 全局: 125条
2025-03-05 22:02:37 [Douban2.pipelines] INFO: 当前总采集数量: 184
2025-03-05 22:02:37 [douban2] INFO: 采集进度 - 排名: 48, 当前节点: 63, 总进度: 184/250
2025-03-05 22:02:39 [scrapy.extensions.throttle] INFO: slot: http://wvR6upmH4hiV9OSo:80kOlNDhuUFnLpJ3_country-cn@geo.iproyal.com:11201 | conc: 1 | delay: 3000 ms (+0) | latency: 1532 ms | size: 28403 bytes
2025-03-05 22:02:41 [douban2] INFO: 成功解析电影: 哈利·波特与阿兹卡班的囚徒 (排名: 75)
2025-03-05 22:02:41 [douban2] INFO: Redis存储状态 - 节点movies_douban1: 59条, 全局: 125条
2025-03-05 22:02:41 [Douban2.pipelines] INFO: 当前总采集数量: 186
2025-03-05 22:02:41 [douban2] INFO: 采集进度 - 排名: 75, 当前节点: 64, 总进度: 186/250
2025-03-05 22:02:45 [scrapy.extensions.throttle] INFO: slot: http://wvR6upmH4hiV9OSo:80kOlNDhuUFnLpJ3_country-cn@geo.iproyal.com:11201 | conc: 2 | delay: 3000 ms (+0) | latency: 3744 ms | size: 27194 bytes
2025-03-05 22:02:46 [douban2] INFO: 成功解析电影: 大鱼 (排名: 155)
2025-03-05 22:02:46 [douban2] INFO: Redis存储状态 - 节点movies_douban1: 60条, 全局: 128条
2025-03-05 22:02:46 [Douban2.pipelines] INFO: 当前总采集数量: 189
2025-03-05 22:02:46 [douban2] INFO: 采集进度 - 排名: 155, 当前节点: 65, 总进度: 189/250
2025-03-05 22:02:46 [scrapy.extensions.throttle] INFO: slot: http://wvR6upmH4hiV9OSo:80kOlNDhuUFnLpJ3_country-cn@geo.iproyal.com:11201 | conc: 1 | delay: 3000 ms (+0) | latency: 1599 ms | size: 28176 bytes
2025-03-05 22:02:48 [douban2] INFO: 成功解析电影: 无间道2 (排名: 175)
2025-03-05 22:02:48 [douban2] INFO: Redis存储状态 - 节点movies_douban1: 61条, 全局: 129条
2025-03-05 22:02:48 [Douban2.pipelines] INFO: 当前总采集数量: 190
2025-03-05 22:02:48 [douban2] INFO: 采集进度 - 排名: 175, 当前节点: 66, 总进度: 190/250
2025-03-05 22:02:50 [scrapy.extensions.throttle] INFO: slot: http://wvR6upmH4hiV9OSo:80kOlNDhuUFnLpJ3_country-cn@geo.iproyal.com:11201 | conc: 1 | delay: 3000 ms (+0) | latency: 2776 ms | size: 25725 bytes
2025-03-05 22:02:52 [douban2] INFO: 成功解析电影: 疯狂的石头 (排名: 180)
2025-03-05 22:02:52 [douban2] INFO: Redis存储状态 - 节点movies_douban1: 61条, 全局: 130条
2025-03-05 22:02:52 [Douban2.pipelines] INFO: 当前总采集数量: 192
2025-03-05 22:02:52 [douban2] INFO: 采集进度 - 排名: 180, 当前节点: 67, 总进度: 192/250
2025-03-05 22:02:54 [scrapy.extensions.throttle] INFO: slot: http://wvR6upmH4hiV9OSo:80kOlNDhuUFnLpJ3_country-cn@geo.iproyal.com:11201 | conc: 1 | delay: 3000 ms (+0) | latency: 1785 ms | size: 24496 bytes
2025-03-05 22:02:55 [douban2] INFO: 成功解析电影: 纵横四海 (排名: 184)
2025-03-05 22:02:55 [douban2] INFO: Redis存储状态 - 节点movies_douban1: 62条, 全局: 131条
2025-03-05 22:02:55 [Douban2.pipelines] INFO: 当前总采集数量: 194
2025-03-05 22:02:55 [douban2] INFO: 采集进度 - 排名: 184, 当前节点: 68, 总进度: 194/250
2025-03-05 22:02:58 [scrapy.extensions.throttle] INFO: slot: http://wvR6upmH4hiV9OSo:80kOlNDhuUFnLpJ3_country-cn@geo.iproyal.com:11201 | conc: 1 | delay: 3000 ms (+0) | latency: 2560 ms | size: 24799 bytes
2025-03-05 22:02:59 [douban2] INFO: 成功解析电影: 电锯惊魂 (排名: 166)
2025-03-05 22:02:59 [douban2] INFO: Redis存储状态 - 节点movies_douban1: 63条, 全局: 132条
2025-03-05 22:02:59 [Douban2.pipelines] INFO: 当前总采集数量: 197
2025-03-05 22:02:59 [douban2] INFO: 采集进度 - 排名: 166, 当前节点: 69, 总进度: 197/250
2025-03-05 22:03:01 [scrapy.extensions.throttle] INFO: slot: http://wvR6upmH4hiV9OSo:80kOlNDhuUFnLpJ3_country-cn@geo.iproyal.com:11201 | conc: 1 | delay: 3000 ms (+0) | latency: 1511 ms | size: 25884 bytes
2025-03-05 22:03:02 [douban2] INFO: 成功解析电影: 末路狂花 (排名: 188)
2025-03-05 22:03:02 [douban2] INFO: Redis存储状态 - 节点movies_douban1: 63条, 全局: 134条
2025-03-05 22:03:02 [Douban2.pipelines] INFO: 当前总采集数量: 199
2025-03-05 22:03:02 [douban2] INFO: 采集进度 - 排名: 188, 当前节点: 70, 总进度: 199/250
2025-03-05 22:03:05 [scrapy.extensions.throttle] INFO: slot: http://wvR6upmH4hiV9OSo:80kOlNDhuUFnLpJ3_country-cn@geo.iproyal.com:11201 | conc: 1 | delay: 3000 ms (+0) | latency: 2317 ms | size: 27692 bytes
2025-03-05 22:03:06 [douban2] INFO: 成功解析电影: 忠犬八公物语 (排名: 195)
2025-03-05 22:03:06 [douban2] INFO: Redis存储状态 - 节点movies_douban1: 63条, 全局: 134条
2025-03-05 22:03:06 [Douban2.pipelines] INFO: 当前总采集数量: 200
2025-03-05 22:03:06 [douban2] INFO: 采集进度 - 排名: 195, 当前节点: 71, 总进度: 200/250
2025-03-05 22:03:09 [scrapy.extensions.throttle] INFO: slot: http://wvR6upmH4hiV9OSo:80kOlNDhuUFnLpJ3_country-cn@geo.iproyal.com:11201 | conc: 1 | delay: 3000 ms (+0) | latency: 1949 ms | size: 25487 bytes
2025-03-05 22:03:10 [douban2] INFO: 成功解析电影: 冰川时代 (排名: 190)
2025-03-05 22:03:10 [douban2] INFO: Redis存储状态 - 节点movies_douban1: 64条, 全局: 135条
2025-03-05 22:03:10 [Douban2.pipelines] INFO: 当前总采集数量: 202
2025-03-05 22:03:10 [douban2] INFO: 采集进度 - 排名: 190, 当前节点: 72, 总进度: 202/250
2025-03-05 22:03:13 [scrapy.extensions.throttle] INFO: slot: http://wvR6upmH4hiV9OSo:80kOlNDhuUFnLpJ3_country-cn@geo.iproyal.com:11201 | conc: 1 | delay: 3000 ms (+0) | latency: 2058 ms | size: 27152 bytes
2025-03-05 22:03:14 [douban2] INFO: 成功解析电影: 遗愿清单 (排名: 199)
2025-03-05 22:03:14 [douban2] INFO: Redis存储状态 - 节点movies_douban1: 65条, 全局: 137条
2025-03-05 22:03:14 [Douban2.pipelines] INFO: 当前总采集数量: 205
2025-03-05 22:03:14 [douban2] INFO: 采集进度 - 排名: 199, 当前节点: 73, 总进度: 205/250
2025-03-05 22:03:15 [scrapy.extensions.logstats] INFO: Crawled 75 pages (at 15 pages/min), scraped 73 items (at 16 items/min)
2025-03-05 22:03:17 [scrapy.extensions.throttle] INFO: slot: http://wvR6upmH4hiV9OSo:80kOlNDhuUFnLpJ3_country-cn@geo.iproyal.com:11201 | conc: 1 | delay: 3000 ms (+0) | latency: 1569 ms | size: 26739 bytes
2025-03-05 22:03:18 [douban2] INFO: 成功解析电影: 海街日记 (排名: 177)
2025-03-05 22:03:18 [douban2] INFO: Redis存储状态 - 节点movies_douban1: 66条, 全局: 138条
2025-03-05 22:03:18 [Douban2.pipelines] INFO: 当前总采集数量: 208
2025-03-05 22:03:18 [douban2] INFO: 采集进度 - 排名: 177, 当前节点: 74, 总进度: 208/250
2025-03-05 22:03:21 [scrapy.extensions.throttle] INFO: slot: http://wvR6upmH4hiV9OSo:80kOlNDhuUFnLpJ3_country-cn@geo.iproyal.com:11201 | conc: 1 | delay: 3000 ms (+0) | latency: 2082 ms | size: 26044 bytes
2025-03-05 22:03:23 [douban2] INFO: 成功解析电影: 魔女宅急便 (排名: 197)
2025-03-05 22:03:23 [douban2] INFO: Redis存储状态 - 节点movies_douban1: 67条, 全局: 138条
2025-03-05 22:03:23 [Douban2.pipelines] INFO: 当前总采集数量: 211
2025-03-05 22:03:23 [douban2] INFO: 采集进度 - 排名: 197, 当前节点: 75, 总进度: 211/250
2025-03-05 22:03:25 [scrapy.extensions.throttle] INFO: slot: http://wvR6upmH4hiV9OSo:80kOlNDhuUFnLpJ3_country-cn@geo.iproyal.com:11201 | conc: 1 | delay: 3000 ms (+0) | latency: 2192 ms | size: 27171 bytes
2025-03-05 22:03:27 [douban2] INFO: 成功解析电影: 疯狂原始人 (排名: 172)
2025-03-05 22:03:27 [douban2] INFO: Redis存储状态 - 节点movies_douban1: 68条, 全局: 141条
2025-03-05 22:03:27 [Douban2.pipelines] INFO: 当前总采集数量: 215
2025-03-05 22:03:27 [douban2] INFO: 采集进度 - 排名: 172, 当前节点: 76, 总进度: 215/250
2025-03-05 22:03:30 [scrapy.extensions.throttle] INFO: slot: http://wvR6upmH4hiV9OSo:80kOlNDhuUFnLpJ3_country-cn@geo.iproyal.com:11201 | conc: 2 | delay: 3000 ms (+0) | latency: 3247 ms | size: 26126 bytes
2025-03-05 22:03:32 [scrapy.extensions.throttle] INFO: slot: http://wvR6upmH4hiV9OSo:80kOlNDhuUFnLpJ3_country-cn@geo.iproyal.com:11201 | conc: 1 | delay: 3000 ms (+0) | latency: 2297 ms | size: 27838 bytes
2025-03-05 22:03:33 [douban2] INFO: 成功解析电影: 2001太空漫游 (排名: 183)
2025-03-05 22:03:33 [douban2] INFO: Redis存储状态 - 节点movies_douban1: 69条, 全局: 141条
2025-03-05 22:03:33 [Douban2.pipelines] INFO: 当前总采集数量: 218
2025-03-05 22:03:33 [douban2] INFO: 采集进度 - 排名: 183, 当前节点: 77, 总进度: 218/250
2025-03-05 22:03:33 [douban2] INFO: 成功解析电影: 血战钢锯岭 (排名: 160)
2025-03-05 22:03:33 [douban2] INFO: Redis存储状态 - 节点movies_douban1: 70条, 全局: 142条
2025-03-05 22:03:33 [Douban2.pipelines] INFO: 当前总采集数量: 219
2025-03-05 22:03:33 [douban2] INFO: 采集进度 - 排名: 160, 当前节点: 78, 总进度: 219/250
2025-03-05 22:03:36 [scrapy.extensions.throttle] INFO: slot: http://wvR6upmH4hiV9OSo:80kOlNDhuUFnLpJ3_country-cn@geo.iproyal.com:11201 | conc: 1 | delay: 3000 ms (+0) | latency: 2933 ms | size: 27757 bytes
2025-03-05 22:03:38 [douban2] INFO: 成功解析电影: 三块广告牌 (排名: 167)
2025-03-05 22:03:38 [douban2] INFO: Redis存储状态 - 节点movies_douban1: 71条, 全局: 145条
2025-03-05 22:03:38 [Douban2.pipelines] INFO: 当前总采集数量: 222
2025-03-05 22:03:38 [douban2] INFO: 采集进度 - 排名: 167, 当前节点: 79, 总进度: 222/250
2025-03-05 22:03:40 [scrapy.extensions.throttle] INFO: slot: http://wvR6upmH4hiV9OSo:80kOlNDhuUFnLpJ3_country-cn@geo.iproyal.com:11201 | conc: 2 | delay: 3000 ms (+0) | latency: 1932 ms | size: 27115 bytes
2025-03-05 22:03:40 [douban2] INFO: 成功解析电影: 爱在午夜降临前 (排名: 174)
2025-03-05 22:03:40 [douban2] INFO: Redis存储状态 - 节点movies_douban1: 72条, 全局: 147条
2025-03-05 22:03:40 [Douban2.pipelines] INFO: 当前总采集数量: 224
2025-03-05 22:03:40 [douban2] INFO: 采集进度 - 排名: 174, 当前节点: 80, 总进度: 224/250
2025-03-05 22:03:41 [scrapy.extensions.throttle] INFO: slot: http://wvR6upmH4hiV9OSo:80kOlNDhuUFnLpJ3_country-cn@geo.iproyal.com:11201 | conc: 1 | delay: 3000 ms (+0) | latency: 1597 ms | size: 25708 bytes
2025-03-05 22:03:43 [douban2] INFO: 成功解析电影: 射雕英雄传之东成西就 (排名: 157)
2025-03-05 22:03:43 [douban2] INFO: Redis存储状态 - 节点movies_douban1: 73条, 全局: 149条
2025-03-05 22:03:43 [Douban2.pipelines] INFO: 当前总采集数量: 227
2025-03-05 22:03:43 [douban2] INFO: 采集进度 - 排名: 157, 当前节点: 81, 总进度: 227/250
2025-03-05 22:03:43 [scrapy.extensions.throttle] INFO: slot: http://wvR6upmH4hiV9OSo:80kOlNDhuUFnLpJ3_country-cn@geo.iproyal.com:11201 | conc: 1 | delay: 3000 ms (+0) | latency:  653 ms | size: 11162 bytes
2025-03-05 22:03:43 [douban2] INFO: 开始解析页面: https://movie.douban.com/top250?start=125&filter=
2025-03-05 22:03:43 [douban2] INFO: 找到 25 个电影条目
2025-03-05 22:03:48 [scrapy.extensions.throttle] INFO: slot: http://wvR6upmH4hiV9OSo:80kOlNDhuUFnLpJ3_country-cn@geo.iproyal.com:11201 | conc: 1 | delay: 3000 ms (+0) | latency: 1724 ms | size: 24803 bytes
2025-03-05 22:03:50 [douban2] INFO: 成功解析电影: 倩女幽魂 (排名: 126)
2025-03-05 22:03:50 [douban2] INFO: Redis存储状态 - 节点movies_douban1: 74条, 全局: 153条
2025-03-05 22:03:50 [Douban2.pipelines] INFO: 当前总采集数量: 231
2025-03-05 22:03:50 [douban2] INFO: 采集进度 - 排名: 126, 当前节点: 82, 总进度: 231/250
2025-03-05 22:03:52 [scrapy.extensions.throttle] INFO: slot: http://wvR6upmH4hiV9OSo:80kOlNDhuUFnLpJ3_country-cn@geo.iproyal.com:11201 | conc: 1 | delay: 3000 ms (+0) | latency: 1767 ms | size: 25584 bytes
2025-03-05 22:03:54 [douban2] INFO: 成功解析电影: 新世界 (排名: 132)
2025-03-05 22:03:54 [douban2] INFO: Redis存储状态 - 节点movies_douban1: 75条, 全局: 155条
2025-03-05 22:03:54 [Douban2.pipelines] INFO: 当前总采集数量: 233
2025-03-05 22:03:54 [douban2] INFO: 采集进度 - 排名: 132, 当前节点: 83, 总进度: 233/250
2025-03-05 22:03:57 [scrapy.extensions.throttle] INFO: slot: http://wvR6upmH4hiV9OSo:80kOlNDhuUFnLpJ3_country-cn@geo.iproyal.com:11201 | conc: 1 | delay: 3000 ms (+0) | latency: 2329 ms | size: 26653 bytes
2025-03-05 22:03:58 [douban2] INFO: 成功解析电影: 茶馆 (排名: 121)
2025-03-05 22:03:58 [douban2] INFO: Redis存储状态 - 节点movies_douban1: 76条, 全局: 159条
2025-03-05 22:03:58 [Douban2.pipelines] INFO: 当前总采集数量: 237
2025-03-05 22:03:58 [douban2] INFO: 采集进度 - 排名: 121, 当前节点: 84, 总进度: 237/250
2025-03-05 22:04:00 [scrapy.extensions.throttle] INFO: slot: http://wvR6upmH4hiV9OSo:80kOlNDhuUFnLpJ3_country-cn@geo.iproyal.com:11201 | conc: 1 | delay: 3000 ms (+0) | latency: 1776 ms | size: 25307 bytes
2025-03-05 22:04:02 [douban2] INFO: 成功解析电影: 告白 (排名: 150)
2025-03-05 22:04:02 [douban2] INFO: Redis存储状态 - 节点movies_douban1: 77条, 全局: 161条
2025-03-05 22:04:02 [Douban2.pipelines] INFO: 当前总采集数量: 239
2025-03-05 22:04:02 [douban2] INFO: 采集进度 - 排名: 150, 当前节点: 85, 总进度: 239/250
2025-03-05 22:04:05 [scrapy.extensions.throttle] INFO: slot: http://wvR6upmH4hiV9OSo:80kOlNDhuUFnLpJ3_country-cn@geo.iproyal.com:11201 | conc: 2 | delay: 3000 ms (+0) | latency: 3253 ms | size: 26828 bytes
2025-03-05 22:04:07 [scrapy.extensions.throttle] INFO: slot: http://wvR6upmH4hiV9OSo:80kOlNDhuUFnLpJ3_country-cn@geo.iproyal.com:11201 | conc: 1 | delay: 3000 ms (+0) | latency: 2261 ms | size: 27040 bytes
2025-03-05 22:04:08 [douban2] INFO: 成功解析电影: 寄生虫 (排名: 105)
2025-03-05 22:04:08 [douban2] INFO: Redis存储状态 - 节点movies_douban1: 78条, 全局: 166条
2025-03-05 22:04:08 [Douban2.pipelines] INFO: 当前总采集数量: 244
2025-03-05 22:04:08 [douban2] INFO: 采集进度 - 排名: 105, 当前节点: 86, 总进度: 244/250
2025-03-05 22:04:08 [douban2] INFO: 成功解析电影: 教父3 (排名: 139)
2025-03-05 22:04:08 [douban2] INFO: Redis存储状态 - 节点movies_douban1: 79条, 全局: 167条
2025-03-05 22:04:08 [Douban2.pipelines] INFO: 当前总采集数量: 245
2025-03-05 22:04:08 [douban2] INFO: 采集进度 - 排名: 139, 当前节点: 87, 总进度: 245/250
2025-03-05 22:04:11 [scrapy.extensions.throttle] INFO: slot: http://wvR6upmH4hiV9OSo:80kOlNDhuUFnLpJ3_country-cn@geo.iproyal.com:11201 | conc: 1 | delay: 3000 ms (+0) | latency: 1739 ms | size: 25519 bytes
2025-03-05 22:04:12 [douban2] INFO: 成功解析电影: 九品芝麻官 (排名: 147)
2025-03-05 22:04:12 [douban2] INFO: Redis存储状态 - 节点movies_douban1: 80条, 全局: 170条
2025-03-05 22:04:12 [Douban2.pipelines] INFO: 当前总采集数量: 248
2025-03-05 22:04:12 [douban2] INFO: 采集进度 - 排名: 147, 当前节点: 88, 总进度: 248/250
2025-03-05 22:04:15 [scrapy.extensions.logstats] INFO: Crawled 91 pages (at 16 pages/min), scraped 88 items (at 15 items/min)
2025-03-05 22:04:15 [scrapy.extensions.throttle] INFO: slot: http://wvR6upmH4hiV9OSo:80kOlNDhuUFnLpJ3_country-cn@geo.iproyal.com:11201 | conc: 1 | delay: 3000 ms (+0) | latency: 1920 ms | size: 27119 bytes
2025-03-05 22:04:16 [douban2] INFO: 成功解析电影: 神偷奶爸 (排名: 148)
2025-03-05 22:04:16 [douban2] INFO: Redis存储状态 - 节点movies_douban1: 81条, 全局: 173条
2025-03-05 22:04:16 [Douban2.pipelines] INFO: 当前总采集数量: 251
2025-03-05 22:04:16 [douban2] INFO: 采集进度 - 排名: 148, 当前节点: 89, 总进度: 251/250
2025-03-05 22:04:19 [scrapy.extensions.throttle] INFO: slot: http://wvR6upmH4hiV9OSo:80kOlNDhuUFnLpJ3_country-cn@geo.iproyal.com:11201 | conc: 1 | delay: 3000 ms (+0) | latency: 2232 ms | size: 24937 bytes
2025-03-05 22:04:21 [douban2] INFO: 成功解析电影: 萤火之森 (排名: 149)
2025-03-05 22:04:21 [douban2] INFO: Redis存储状态 - 节点movies_douban1: 82条, 全局: 177条
2025-03-05 22:04:21 [Douban2.pipelines] INFO: 当前总采集数量: 255
2025-03-05 22:04:21 [douban2] INFO: 采集进度 - 排名: 149, 当前节点: 90, 总进度: 255/250
2025-03-05 22:04:22 [scrapy.extensions.throttle] INFO: slot: http://wvR6upmH4hiV9OSo:80kOlNDhuUFnLpJ3_country-cn@geo.iproyal.com:11201 | conc: 1 | delay: 3000 ms (+0) | latency: 1820 ms | size: 26784 bytes
2025-03-05 22:04:24 [douban2] INFO: 成功解析电影: 天使爱美丽 (排名: 130)
2025-03-05 22:04:24 [douban2] INFO: Redis存储状态 - 节点movies_douban1: 83条, 全局: 179条
2025-03-05 22:04:24 [Douban2.pipelines] INFO: 当前总采集数量: 257
2025-03-05 22:04:24 [douban2] INFO: 采集进度 - 排名: 130, 当前节点: 91, 总进度: 257/250
2025-03-05 22:04:31 [scrapy.extensions.throttle] INFO: slot: http://wvR6upmH4hiV9OSo:80kOlNDhuUFnLpJ3_country-cn@geo.iproyal.com:11201 | conc: 2 | delay: 3000 ms (+0) | latency: 2259 ms | size: 28098 bytes
2025-03-05 22:04:32 [douban2] INFO: 成功解析电影: 被解救的姜戈 (排名: 145)
2025-03-05 22:04:32 [douban2] INFO: Redis存储状态 - 节点movies_douban1: 84条, 全局: 184条
2025-03-05 22:04:32 [Douban2.pipelines] INFO: 当前总采集数量: 262
2025-03-05 22:04:32 [douban2] INFO: 采集进度 - 排名: 145, 当前节点: 92, 总进度: 262/250
2025-03-05 22:04:34 [scrapy.extensions.throttle] INFO: slot: http://wvR6upmH4hiV9OSo:80kOlNDhuUFnLpJ3_country-cn@geo.iproyal.com:11201 | conc: 2 | delay: 3000 ms (+0) | latency: 1549 ms | size: 25548 bytes
2025-03-05 22:04:35 [douban2] INFO: 成功解析电影: 小森林 夏秋篇 (排名: 129)
2025-03-05 22:04:35 [douban2] INFO: Redis存储状态 - 节点movies_douban1: 85条, 全局: 186条
2025-03-05 22:04:35 [Douban2.pipelines] INFO: 当前总采集数量: 264
2025-03-05 22:04:35 [douban2] INFO: 采集进度 - 排名: 129, 当前节点: 93, 总进度: 264/250
2025-03-05 22:04:37 [scrapy.extensions.throttle] INFO: slot: http://wvR6upmH4hiV9OSo:80kOlNDhuUFnLpJ3_country-cn@geo.iproyal.com:11201 | conc: 2 | delay: 3000 ms (+0) | latency: 1945 ms | size: 28755 bytes
2025-03-05 22:04:38 [douban2] INFO: 成功解析电影: 头脑特工队 (排名: 125)
2025-03-05 22:04:38 [douban2] INFO: Redis存储状态 - 节点movies_douban1: 86条, 全局: 189条
2025-03-05 22:04:38 [Douban2.pipelines] INFO: 当前总采集数量: 267
2025-03-05 22:04:38 [douban2] INFO: 采集进度 - 排名: 125, 当前节点: 94, 总进度: 267/250
2025-03-05 22:04:40 [Douban2.middlewares] ERROR: 代理 http://geo.iproyal.com:11201 请求异常: User timeout caused connection failure: Getting https://movie.douban.com/subject/1291579/ took longer than 15.0 seconds..
2025-03-05 22:04:41 [scrapy.extensions.throttle] INFO: slot: http://wvR6upmH4hiV9OSo:80kOlNDhuUFnLpJ3_country-cn@geo.iproyal.com:11201 | conc: 1 | delay: 3000 ms (+0) | latency: 2906 ms | size: 27095 bytes
2025-03-05 22:04:43 [douban2] INFO: 成功解析电影: 被嫌弃的松子的一生 (排名: 104)
2025-03-05 22:04:43 [douban2] INFO: Redis存储状态 - 节点movies_douban1: 87条, 全局: 192条
2025-03-05 22:04:43 [Douban2.pipelines] INFO: 当前总采集数量: 270
2025-03-05 22:04:43 [douban2] INFO: 采集进度 - 排名: 104, 当前节点: 95, 总进度: 270/250
2025-03-05 22:04:45 [scrapy.extensions.throttle] INFO: slot: http://wvR6upmH4hiV9OSo:80kOlNDhuUFnLpJ3_country-cn@geo.iproyal.com:11201 | conc: 2 | delay: 3000 ms (+0) | latency: 3328 ms | size: 26883 bytes
2025-03-05 22:04:45 [douban2] INFO: 成功解析电影: 怪兽电力公司 (排名: 136)
2025-03-05 22:04:45 [douban2] INFO: Redis存储状态 - 节点movies_douban1: 88条, 全局: 194条
2025-03-05 22:04:45 [Douban2.pipelines] INFO: 当前总采集数量: 272
2025-03-05 22:04:45 [douban2] INFO: 采集进度 - 排名: 136, 当前节点: 96, 总进度: 272/250
2025-03-05 22:04:49 [scrapy.extensions.throttle] INFO: slot: http://wvR6upmH4hiV9OSo:80kOlNDhuUFnLpJ3_country-cn@geo.iproyal.com:11201 | conc: 1 | delay: 3000 ms (+0) | latency: 4320 ms | size: 25136 bytes
2025-03-05 22:04:49 [douban2] INFO: 成功解析电影: 借东西的小人阿莉埃蒂 (排名: 119)
2025-03-05 22:04:49 [douban2] INFO: Redis存储状态 - 节点movies_douban1: 89条, 全局: 197条
2025-03-05 22:04:49 [Douban2.pipelines] INFO: 当前总采集数量: 275
2025-03-05 22:04:49 [douban2] INFO: 采集进度 - 排名: 119, 当前节点: 97, 总进度: 275/250
2025-03-05 22:04:49 [douban2] INFO: 创建请求: https://movie.douban.com/top250?start=200&filter=
2025-03-05 22:04:49 [douban2] INFO: 爬虫空闲次数: 1
2025-03-05 22:04:49 [douban2] INFO: Redis中剩余请求数: 0
2025-03-05 22:04:49 [douban2] INFO: 当前活跃节点数: 3
2025-03-05 22:04:49 [douban2] INFO: 当前节点已采集数据量: 97
2025-03-05 22:04:49 [douban2] INFO: 当前节点配额: 84
2025-03-05 22:04:49 [douban2] INFO: 准备关闭爬虫，原因: 达到节点配额
2025-03-05 22:04:49 [douban2] INFO: 开始保存数据...
2025-03-05 22:04:49 [Douban2.pipelines] INFO: 开始保存数据 - 节点: douban1, 当前节点数据量: 97
2025-03-05 22:04:49 [Douban2.pipelines] INFO: 已保存节点数据到SQLite表: movies_douban1
2025-03-05 22:04:49 [Douban2.pipelines] INFO: 节点数据统计: {'movies_douban1': 89, 'movies_douban2': 90, 'movies_douban3': 96}, 总数据量: 275
2025-03-05 22:04:49 [Douban2.pipelines] INFO: 所有节点数据采集完成，开始生成汇总
2025-03-05 22:04:49 [Douban2.pipelines] INFO: 已删除旧的movies_summary视图
2025-03-05 22:04:49 [Douban2.pipelines] INFO: 已删除旧的movies_all表
2025-03-05 22:04:49 [Douban2.pipelines] INFO: 成功读取表 movies_douban1，数据量: 97
2025-03-05 22:04:49 [Douban2.pipelines] INFO: 成功读取表 movies_douban2，数据量: 84
2025-03-05 22:04:49 [Douban2.pipelines] INFO: 成功读取表 movies_douban3，数据量: 81
2025-03-05 22:04:49 [Douban2.pipelines] INFO: 合并后的总数据量: 193
2025-03-05 22:04:50 [Douban2.pipelines] INFO: 已保存汇总Excel文件: output/豆瓣Top250_汇总_20250305_220449.xlsx
2025-03-05 22:04:50 [Douban2.pipelines] INFO: 已保存汇总数据到SQLite表: movies_all
2025-03-05 22:04:50 [Douban2.pipelines] INFO: 已创建SQLite视图: movies_summary
2025-03-05 22:04:50 [Douban2.pipelines] INFO: 已保存汇总Parquet文件: output/parquet/movies_all_20250305_220449.parquet
2025-03-05 22:04:50 [Douban2.pipelines] INFO: 已更新汇总统计信息: output/crawl_summary.txt
2025-03-05 22:04:50 [scrapy.core.engine] INFO: Closing spider (数据保存完成，关闭爬虫)
2025-03-05 22:04:50 [douban2] INFO: 爬虫已关闭
2025-03-05 22:04:50 [douban2] INFO: 爬虫已关闭
2025-03-05 22:04:50 [Douban2.middlewares] INFO: 
代理使用统计:
2025-03-05 22:04:50 [Douban2.middlewares] INFO: 总请求数: 101
2025-03-05 22:04:50 [Douban2.middlewares] INFO: 成功请求: 100
2025-03-05 22:04:50 [Douban2.middlewares] INFO: 失败请求: 1
2025-03-05 22:04:50 [Douban2.middlewares] INFO: 重试次数: 1
2025-03-05 22:04:50 [Douban2.middlewares] INFO: 成功率: 99.01%
2025-03-05 22:04:50 [Douban2.middlewares] INFO: 
代理池统计:
2025-03-05 22:04:50 [Douban2.middlewares] INFO: 可用代理数: 1
2025-03-05 22:04:50 [Douban2.middlewares] INFO: 失败代理数: 0
2025-03-05 22:04:50 [Douban2.middlewares] INFO: 总请求数: 343
2025-03-05 22:04:50 [scrapy.statscollectors] INFO: Dumping Scrapy stats:
{'downloader/exception_count': 1,
 'downloader/exception_type_count/twisted.internet.error.TimeoutError': 1,
 'downloader/request_bytes': 120359,
 'downloader/request_count': 101,
 'downloader/request_method_count/GET': 101,
 'downloader/response_bytes': 2670287,
 'downloader/response_count': 100,
 'downloader/response_status_count/200': 100,
 'elapsed_time_seconds': 395.065948,
 'finish_reason': '数据保存完成，关闭爬虫',
 'finish_time': datetime.datetime(2025, 3, 5, 14, 4, 50, 76770, tzinfo=datetime.timezone.utc),
 'httpcompression/response_bytes': 11921075,
 'httpcompression/response_count': 100,
 'item_scraped_count': 97,
 'items_per_minute': None,
 'log_count/ERROR': 1,
 'log_count/INFO': 556,
 'request_depth_max': 1,
 'response_received_count': 100,
 'responses_per_minute': None,
 'scheduler/dequeued/redis': 101,
 'scheduler/enqueued/redis': 79,
 'start_time': datetime.datetime(2025, 3, 5, 13, 58, 15, 10822, tzinfo=datetime.timezone.utc)}
2025-03-05 22:04:50 [scrapy.core.engine] INFO: Spider closed (数据保存完成，关闭爬虫)
