=== 日志开始于 2025-03-05 17:13:10 ===
2025-03-05 17:13:15 [scrapy.extensions.throttle] INFO: slot: http://wvR6upmH4hiV9OSo:80kOlNDhuUFnLpJ3_country-cn@geo.iproyal.com:12321 | conc: 2 | delay: 2881 ms (-118) | latency: 5526 ms | size: 28166 bytes
2025-03-05 17:13:16 [douban2] INFO: 成功解析电影: 头号玩家 (排名: 154)
2025-03-05 17:13:16 [douban2] INFO: Redis存储状态 - 节点movies_douban2: 97条, 全局: 250条
2025-03-05 17:13:16 [Douban2.pipelines] INFO: 当前总采集数量: 295
2025-03-05 17:13:16 [douban2] INFO: 采集进度 - 排名: 154, 当前节点: 1, 总进度: 295/250
2025-03-05 17:13:19 [scrapy.extensions.throttle] INFO: slot: http://wvR6upmH4hiV9OSo:80kOlNDhuUFnLpJ3_country-cn@geo.iproyal.com:12321 | conc: 2 | delay: 2597 ms (-284) | latency: 4625 ms | size: 27378 bytes
2025-03-05 17:13:20 [douban2] INFO: 成功解析电影: 心灵奇旅 (排名: 170)
2025-03-05 17:13:20 [douban2] INFO: Redis存储状态 - 节点movies_douban2: 98条, 全局: 250条
2025-03-05 17:13:20 [Douban2.pipelines] INFO: 当前总采集数量: 298
2025-03-05 17:13:20 [douban2] INFO: 采集进度 - 排名: 170, 当前节点: 2, 总进度: 298/250
2025-03-05 17:13:20 [scrapy.extensions.throttle] INFO: slot: http://wvR6upmH4hiV9OSo:80kOlNDhuUFnLpJ3_country-cn@geo.iproyal.com:12321 | conc: 1 | delay: 2000 ms (-597) | latency: 1802 ms | size: 27749 bytes
2025-03-05 17:13:22 [douban2] INFO: 成功解析电影: 模仿游戏 (排名: 153)
2025-03-05 17:13:22 [douban2] INFO: Redis存储状态 - 节点movies_douban2: 99条, 全局: 250条
2025-03-05 17:13:22 [Douban2.pipelines] INFO: 当前总采集数量: 301
2025-03-05 17:13:22 [douban2] INFO: 采集进度 - 排名: 153, 当前节点: 3, 总进度: 301/250
2025-03-05 17:13:23 [scrapy.extensions.throttle] INFO: slot: http://wvR6upmH4hiV9OSo:80kOlNDhuUFnLpJ3_country-cn@geo.iproyal.com:12321 | conc: 1 | delay: 2000 ms (+0) | latency: 1465 ms | size: 24794 bytes
2025-03-05 17:13:25 [douban2] INFO: 成功解析电影: 玛丽和马克思 (排名: 152)
2025-03-05 17:13:25 [douban2] INFO: Redis存储状态 - 节点movies_douban2: 99条, 全局: 250条
2025-03-05 17:13:25 [Douban2.pipelines] INFO: 当前总采集数量: 303
2025-03-05 17:13:25 [douban2] INFO: 采集进度 - 排名: 152, 当前节点: 4, 总进度: 303/250
2025-03-05 17:13:26 [scrapy.extensions.throttle] INFO: slot: http://wvR6upmH4hiV9OSo:80kOlNDhuUFnLpJ3_country-cn_streaming-1@geo.iproyal.com:12321 | conc: 2 | delay: 2677 ms (-322) | latency: 4709 ms | size: 27032 bytes
2025-03-05 17:13:26 [douban2] INFO: 创建请求: https://movie.douban.com/top250?start=25&filter=
2025-03-05 17:13:28 [douban2] INFO: 成功解析电影: 爱在午夜降临前 (排名: 174)
2025-03-05 17:13:28 [douban2] INFO: Redis存储状态 - 节点movies_douban2: 99条, 全局: 250条
2025-03-05 17:13:28 [Douban2.pipelines] INFO: 当前总采集数量: 304
2025-03-05 17:13:28 [douban2] INFO: 采集进度 - 排名: 174, 当前节点: 5, 总进度: 304/250
2025-03-05 17:13:30 [scrapy.extensions.throttle] INFO: slot: http://wvR6upmH4hiV9OSo:80kOlNDhuUFnLpJ3_country-cn_streaming-1@geo.iproyal.com:12321 | conc: 2 | delay: 2000 ms (-677) | latency:  660 ms | size: 11636 bytes
2025-03-05 17:13:31 [scrapy.extensions.throttle] INFO: slot: http://wvR6upmH4hiV9OSo:80kOlNDhuUFnLpJ3_country-cn_streaming-1@geo.iproyal.com:12321 | conc: 1 | delay: 2754 ms (+754) | latency: 5509 ms | size: 26010 bytes
2025-03-05 17:13:33 [douban2] INFO: 开始解析页面: https://movie.douban.com/top250?start=25&filter=
2025-03-05 17:13:33 [douban2] INFO: 找到 25 个电影条目
2025-03-05 17:13:33 [douban2] INFO: 成功解析电影: 牯岭街少年杀人事件 (排名: 191)
2025-03-05 17:13:33 [douban2] INFO: Redis存储状态 - 节点movies_douban2: 100条, 全局: 250条
2025-03-05 17:13:33 [Douban2.pipelines] INFO: 当前总采集数量: 307
2025-03-05 17:13:33 [douban2] INFO: 采集进度 - 排名: 191, 当前节点: 6, 总进度: 307/250
2025-03-05 17:13:34 [scrapy.extensions.throttle] INFO: slot: http://wvR6upmH4hiV9OSo:80kOlNDhuUFnLpJ3_country-cn@geo.iproyal.com:12321 | conc: 1 | delay: 2000 ms (+0) | latency: 2983 ms | size: 26751 bytes
2025-03-05 17:13:36 [scrapy.extensions.throttle] INFO: slot: http://wvR6upmH4hiV9OSo:80kOlNDhuUFnLpJ3_country-cn_streaming-1@geo.iproyal.com:12321 | conc: 1 | delay: 2116 ms (-638) | latency: 2954 ms | size: 25930 bytes
2025-03-05 17:13:37 [douban2] INFO: 成功解析电影: 蝴蝶效应 (排名: 81)
2025-03-05 17:13:37 [douban2] INFO: Redis存储状态 - 节点movies_douban2: 101条, 全局: 250条
2025-03-05 17:13:37 [Douban2.pipelines] INFO: 当前总采集数量: 308
2025-03-05 17:13:37 [douban2] INFO: 采集进度 - 排名: 81, 当前节点: 7, 总进度: 308/250
2025-03-05 17:13:37 [douban2] INFO: 成功解析电影: 一一 (排名: 95)
2025-03-05 17:13:37 [douban2] INFO: Redis存储状态 - 节点movies_douban2: 102条, 全局: 250条
2025-03-05 17:13:37 [Douban2.pipelines] INFO: 当前总采集数量: 309
2025-03-05 17:13:37 [douban2] INFO: 采集进度 - 排名: 95, 当前节点: 8, 总进度: 309/250
2025-03-05 17:13:39 [scrapy.extensions.throttle] INFO: slot: http://wvR6upmH4hiV9OSo:80kOlNDhuUFnLpJ3_country-cn_streaming-1@geo.iproyal.com:12321 | conc: 1 | delay: 2000 ms (-116) | latency: 1431 ms | size: 27130 bytes
2025-03-05 17:13:40 [douban2] INFO: 成功解析电影: 功夫 (排名: 73)
2025-03-05 17:13:40 [douban2] INFO: Redis存储状态 - 节点movies_douban2: 103条, 全局: 250条
2025-03-05 17:13:40 [Douban2.pipelines] INFO: 当前总采集数量: 311
2025-03-05 17:13:40 [douban2] INFO: 采集进度 - 排名: 73, 当前节点: 9, 总进度: 311/250
2025-03-05 17:13:42 [scrapy.extensions.throttle] INFO: slot: http://wvR6upmH4hiV9OSo:80kOlNDhuUFnLpJ3_country-cn_streaming-1@geo.iproyal.com:12321 | conc: 2 | delay: 2000 ms (+0) | latency: 1796 ms | size: 25887 bytes
2025-03-05 17:13:44 [douban2] INFO: 成功解析电影: 龙猫 (排名: 27)
2025-03-05 17:13:44 [douban2] INFO: Redis存储状态 - 节点movies_douban2: 103条, 全局: 250条
2025-03-05 17:13:44 [Douban2.pipelines] INFO: 当前总采集数量: 312
2025-03-05 17:13:44 [douban2] INFO: 采集进度 - 排名: 27, 当前节点: 10, 总进度: 312/250
2025-03-05 17:13:44 [scrapy.extensions.throttle] INFO: slot: http://wvR6upmH4hiV9OSo:80kOlNDhuUFnLpJ3_country-cn_streaming-1@geo.iproyal.com:12321 | conc: 1 | delay: 2000 ms (+0) | latency: 1547 ms | size: 26325 bytes
2025-03-05 17:13:45 [douban2] INFO: 成功解析电影: 辩护人 (排名: 60)
2025-03-05 17:13:45 [douban2] INFO: Redis存储状态 - 节点movies_douban2: 103条, 全局: 250条
2025-03-05 17:13:45 [Douban2.pipelines] INFO: 当前总采集数量: 312
2025-03-05 17:13:45 [douban2] INFO: 采集进度 - 排名: 60, 当前节点: 11, 总进度: 312/250
2025-03-05 17:13:45 [scrapy.extensions.throttle] INFO: slot: http://wvR6upmH4hiV9OSo:80kOlNDhuUFnLpJ3_country-cn@geo.iproyal.com:12321 | conc: 1 | delay: 2000 ms (+0) | latency: 1560 ms | size: 24123 bytes
2025-03-05 17:13:47 [douban2] INFO: 成功解析电影: 春光乍泄 (排名: 91)
2025-03-05 17:13:47 [douban2] INFO: Redis存储状态 - 节点movies_douban2: 104条, 全局: 250条
2025-03-05 17:13:47 [Douban2.pipelines] INFO: 当前总采集数量: 314
2025-03-05 17:13:47 [douban2] INFO: 采集进度 - 排名: 91, 当前节点: 12, 总进度: 314/250
2025-03-05 17:13:48 [scrapy.extensions.throttle] INFO: slot: http://wvR6upmH4hiV9OSo:80kOlNDhuUFnLpJ3_country-cn@geo.iproyal.com:12321 | conc: 1 | delay: 2000 ms (+0) | latency: 1563 ms | size: 26699 bytes
2025-03-05 17:13:50 [douban2] INFO: 成功解析电影: 狮子王 (排名: 58)
2025-03-05 17:13:50 [douban2] INFO: Redis存储状态 - 节点movies_douban2: 105条, 全局: 250条
2025-03-05 17:13:50 [Douban2.pipelines] INFO: 当前总采集数量: 317
2025-03-05 17:13:50 [douban2] INFO: 采集进度 - 排名: 58, 当前节点: 13, 总进度: 317/250
2025-03-05 17:13:51 [scrapy.extensions.throttle] INFO: slot: http://wvR6upmH4hiV9OSo:80kOlNDhuUFnLpJ3_country-cn@geo.iproyal.com:12321 | conc: 1 | delay: 2000 ms (+0) | latency: 1428 ms | size: 28615 bytes
2025-03-05 17:13:53 [douban2] INFO: 成功解析电影: 阿凡达 (排名: 72)
2025-03-05 17:13:53 [douban2] INFO: Redis存储状态 - 节点movies_douban2: 105条, 全局: 250条
2025-03-05 17:13:53 [Douban2.pipelines] INFO: 当前总采集数量: 317
2025-03-05 17:13:53 [douban2] INFO: 采集进度 - 排名: 72, 当前节点: 14, 总进度: 317/250
2025-03-05 17:13:54 [scrapy.extensions.throttle] INFO: slot: http://wvR6upmH4hiV9OSo:80kOlNDhuUFnLpJ3_country-cn_streaming-1@geo.iproyal.com:12321 | conc: 1 | delay: 2000 ms (+0) | latency: 1320 ms | size: 24137 bytes
2025-03-05 17:13:56 [scrapy.extensions.throttle] INFO: slot: http://wvR6upmH4hiV9OSo:80kOlNDhuUFnLpJ3_country-cn@geo.iproyal.com:12321 | conc: 1 | delay: 2000 ms (+0) | latency: 1402 ms | size: 26349 bytes
2025-03-05 17:13:57 [douban2] INFO: 成功解析电影: 喜剧之王 (排名: 89)
2025-03-05 17:13:57 [douban2] INFO: Redis存储状态 - 节点movies_douban2: 106条, 全局: 250条
2025-03-05 17:13:57 [Douban2.pipelines] INFO: 当前总采集数量: 321
2025-03-05 17:13:57 [douban2] INFO: 采集进度 - 排名: 89, 当前节点: 15, 总进度: 321/250
2025-03-05 17:13:58 [douban2] INFO: 成功解析电影: 十二怒汉 (排名: 39)
2025-03-05 17:13:58 [douban2] INFO: Redis存储状态 - 节点movies_douban2: 107条, 全局: 250条
2025-03-05 17:13:58 [Douban2.pipelines] INFO: 当前总采集数量: 322
2025-03-05 17:13:58 [douban2] INFO: 采集进度 - 排名: 39, 当前节点: 16, 总进度: 322/250
2025-03-05 17:13:59 [scrapy.extensions.throttle] INFO: slot: http://wvR6upmH4hiV9OSo:80kOlNDhuUFnLpJ3_country-cn_streaming-1@geo.iproyal.com:12321 | conc: 1 | delay: 2000 ms (+0) | latency: 3151 ms | size: 26015 bytes
2025-03-05 17:14:01 [scrapy.extensions.throttle] INFO: slot: http://wvR6upmH4hiV9OSo:80kOlNDhuUFnLpJ3_country-cn@geo.iproyal.com:12321 | conc: 1 | delay: 2000 ms (+0) | latency: 1621 ms | size: 27581 bytes
2025-03-05 17:14:02 [douban2] INFO: 成功解析电影: 黑客帝国 (排名: 54)
2025-03-05 17:14:02 [douban2] INFO: Redis存储状态 - 节点movies_douban2: 107条, 全局: 250条
2025-03-05 17:14:02 [Douban2.pipelines] INFO: 当前总采集数量: 326
2025-03-05 17:14:02 [douban2] INFO: 采集进度 - 排名: 54, 当前节点: 17, 总进度: 326/250
2025-03-05 17:14:02 [douban2] INFO: 成功解析电影: 末代皇帝 (排名: 26)
2025-03-05 17:14:02 [douban2] INFO: Redis存储状态 - 节点movies_douban2: 107条, 全局: 250条
2025-03-05 17:14:02 [Douban2.pipelines] INFO: 当前总采集数量: 326
2025-03-05 17:14:02 [douban2] INFO: 采集进度 - 排名: 26, 当前节点: 18, 总进度: 326/250
2025-03-05 17:14:04 [scrapy.extensions.throttle] INFO: slot: http://wvR6upmH4hiV9OSo:80kOlNDhuUFnLpJ3_country-cn_streaming-1@geo.iproyal.com:12321 | conc: 1 | delay: 2000 ms (+0) | latency: 2945 ms | size: 26388 bytes
2025-03-05 17:14:05 [scrapy.extensions.throttle] INFO: slot: http://wvR6upmH4hiV9OSo:80kOlNDhuUFnLpJ3_country-cn@geo.iproyal.com:12321 | conc: 1 | delay: 2000 ms (+0) | latency: 3049 ms | size: 26813 bytes
2025-03-05 17:14:07 [douban2] INFO: 成功解析电影: 死亡诗社 (排名: 49)
2025-03-05 17:14:07 [douban2] INFO: Redis存储状态 - 节点movies_douban2: 107条, 全局: 250条
2025-03-05 17:14:07 [Douban2.pipelines] INFO: 当前总采集数量: 326
2025-03-05 17:14:07 [douban2] INFO: 采集进度 - 排名: 49, 当前节点: 19, 总进度: 326/250
2025-03-05 17:14:07 [douban2] INFO: 成功解析电影: 音乐之声 (排名: 70)
2025-03-05 17:14:07 [douban2] INFO: Redis存储状态 - 节点movies_douban2: 108条, 全局: 250条
2025-03-05 17:14:07 [Douban2.pipelines] INFO: 当前总采集数量: 327
2025-03-05 17:14:07 [douban2] INFO: 采集进度 - 排名: 70, 当前节点: 20, 总进度: 327/250
2025-03-05 17:14:08 [scrapy.extensions.logstats] INFO: Crawled 21 pages (at 21 pages/min), scraped 20 items (at 20 items/min)
2025-03-05 17:14:08 [scrapy.extensions.throttle] INFO: slot: http://wvR6upmH4hiV9OSo:80kOlNDhuUFnLpJ3_country-cn@geo.iproyal.com:12321 | conc: 1 | delay: 2000 ms (+0) | latency: 2952 ms | size: 27715 bytes
2025-03-05 17:14:10 [scrapy.extensions.throttle] INFO: slot: http://wvR6upmH4hiV9OSo:80kOlNDhuUFnLpJ3_country-cn_streaming-1@geo.iproyal.com:12321 | conc: 1 | delay: 2000 ms (+0) | latency: 3016 ms | size: 25986 bytes
2025-03-05 17:14:11 [douban2] INFO: 成功解析电影: 低俗小说 (排名: 85)
2025-03-05 17:14:11 [douban2] INFO: Redis存储状态 - 节点movies_douban2: 109条, 全局: 250条
2025-03-05 17:14:11 [Douban2.pipelines] INFO: 当前总采集数量: 330
2025-03-05 17:14:11 [douban2] INFO: 采集进度 - 排名: 85, 当前节点: 21, 总进度: 330/250
2025-03-05 17:14:11 [douban2] INFO: 成功解析电影: 飞越疯人院 (排名: 79)
2025-03-05 17:14:11 [douban2] INFO: Redis存储状态 - 节点movies_douban2: 109条, 全局: 250条
2025-03-05 17:14:11 [Douban2.pipelines] INFO: 当前总采集数量: 330
2025-03-05 17:14:11 [douban2] INFO: 采集进度 - 排名: 79, 当前节点: 22, 总进度: 330/250
2025-03-05 17:14:13 [scrapy.extensions.throttle] INFO: slot: http://wvR6upmH4hiV9OSo:80kOlNDhuUFnLpJ3_country-cn@geo.iproyal.com:12321 | conc: 1 | delay: 2000 ms (+0) | latency: 1233 ms | size: 26797 bytes
2025-03-05 17:14:14 [scrapy.extensions.throttle] INFO: slot: http://wvR6upmH4hiV9OSo:80kOlNDhuUFnLpJ3_country-cn_streaming-1@geo.iproyal.com:12321 | conc: 2 | delay: 2200 ms (+200) | latency: 4400 ms | size: 26455 bytes
2025-03-05 17:14:16 [douban2] INFO: 成功解析电影: 两杆大烟枪 (排名: 68)
2025-03-05 17:14:16 [douban2] INFO: Redis存储状态 - 节点movies_douban2: 109条, 全局: 250条
2025-03-05 17:14:16 [Douban2.pipelines] INFO: 当前总采集数量: 333
2025-03-05 17:14:16 [douban2] INFO: 采集进度 - 排名: 68, 当前节点: 23, 总进度: 333/250
2025-03-05 17:14:16 [douban2] INFO: 成功解析电影: 沉默的羔羊 (排名: 78)
2025-03-05 17:14:16 [douban2] INFO: Redis存储状态 - 节点movies_douban2: 109条, 全局: 250条
2025-03-05 17:14:16 [Douban2.pipelines] INFO: 当前总采集数量: 333
2025-03-05 17:14:16 [douban2] INFO: 采集进度 - 排名: 78, 当前节点: 24, 总进度: 333/250
2025-03-05 17:14:17 [scrapy.extensions.throttle] INFO: slot: http://wvR6upmH4hiV9OSo:80kOlNDhuUFnLpJ3_country-cn_streaming-1@geo.iproyal.com:12321 | conc: 1 | delay: 2000 ms (-200) | latency: 2869 ms | size: 26309 bytes
2025-03-05 17:14:19 [scrapy.extensions.throttle] INFO: slot: http://wvR6upmH4hiV9OSo:80kOlNDhuUFnLpJ3_country-cn@geo.iproyal.com:12321 | conc: 1 | delay: 2000 ms (+0) | latency: 2873 ms | size: 27686 bytes
2025-03-05 17:14:20 [douban2] INFO: 成功解析电影: 天堂电影院 (排名: 59)
2025-03-05 17:14:20 [douban2] INFO: Redis存储状态 - 节点movies_douban2: 110条, 全局: 250条
2025-03-05 17:14:20 [Douban2.pipelines] INFO: 当前总采集数量: 336
2025-03-05 17:14:20 [douban2] INFO: 采集进度 - 排名: 59, 当前节点: 25, 总进度: 336/250
2025-03-05 17:14:20 [douban2] INFO: 成功解析电影: 海蒂和爷爷 (排名: 40)
2025-03-05 17:14:20 [douban2] INFO: Redis存储状态 - 节点movies_douban2: 111条, 全局: 250条
2025-03-05 17:14:20 [Douban2.pipelines] INFO: 当前总采集数量: 337
2025-03-05 17:14:20 [douban2] INFO: 采集进度 - 排名: 40, 当前节点: 26, 总进度: 337/250
2025-03-05 17:14:22 [scrapy.extensions.throttle] INFO: slot: http://wvR6upmH4hiV9OSo:80kOlNDhuUFnLpJ3_country-cn_streaming-1@geo.iproyal.com:12321 | conc: 2 | delay: 2000 ms (+0) | latency: 3421 ms | size: 28869 bytes
2025-03-05 17:14:24 [scrapy.extensions.throttle] INFO: slot: http://wvR6upmH4hiV9OSo:80kOlNDhuUFnLpJ3_country-cn_streaming-1@geo.iproyal.com:12321 | conc: 1 | delay: 2000 ms (+0) | latency: 2384 ms | size: 28431 bytes
2025-03-05 17:14:25 [douban2] INFO: 成功解析电影: 拯救大兵瑞恩 (排名: 76)
2025-03-05 17:14:25 [douban2] INFO: Redis存储状态 - 节点movies_douban2: 112条, 全局: 250条
2025-03-05 17:14:25 [Douban2.pipelines] INFO: 当前总采集数量: 344
2025-03-05 17:14:25 [douban2] INFO: 采集进度 - 排名: 76, 当前节点: 27, 总进度: 344/250
2025-03-05 17:14:25 [douban2] INFO: 成功解析电影: 哈利·波特与密室 (排名: 88)
2025-03-05 17:14:25 [douban2] INFO: Redis存储状态 - 节点movies_douban2: 113条, 全局: 250条
2025-03-05 17:14:25 [Douban2.pipelines] INFO: 当前总采集数量: 345
2025-03-05 17:14:25 [douban2] INFO: 采集进度 - 排名: 88, 当前节点: 28, 总进度: 345/250
2025-03-05 17:14:27 [scrapy.extensions.throttle] INFO: slot: http://wvR6upmH4hiV9OSo:80kOlNDhuUFnLpJ3_country-cn@geo.iproyal.com:12321 | conc: 1 | delay: 2000 ms (+0) | latency: 2993 ms | size: 27459 bytes
2025-03-05 17:14:28 [scrapy.extensions.throttle] INFO: slot: http://wvR6upmH4hiV9OSo:80kOlNDhuUFnLpJ3_country-cn_streaming-1@geo.iproyal.com:12321 | conc: 1 | delay: 2000 ms (+0) | latency: 2993 ms | size: 29360 bytes
2025-03-05 17:14:30 [douban2] INFO: 成功解析电影: 少年派的奇幻漂流 (排名: 45)
2025-03-05 17:14:30 [douban2] INFO: Redis存储状态 - 节点movies_douban2: 113条, 全局: 250条
2025-03-05 17:14:30 [Douban2.pipelines] INFO: 当前总采集数量: 345
2025-03-05 17:14:30 [douban2] INFO: 采集进度 - 排名: 45, 当前节点: 29, 总进度: 345/250
2025-03-05 17:14:30 [douban2] INFO: 成功解析电影: 指环王1：护戒使者 (排名: 56)
2025-03-05 17:14:30 [douban2] INFO: Redis存储状态 - 节点movies_douban2: 114条, 全局: 250条
2025-03-05 17:14:30 [Douban2.pipelines] INFO: 当前总采集数量: 346
2025-03-05 17:14:30 [douban2] INFO: 采集进度 - 排名: 56, 当前节点: 30, 总进度: 346/250
2025-03-05 17:14:31 [scrapy.extensions.throttle] INFO: slot: http://wvR6upmH4hiV9OSo:80kOlNDhuUFnLpJ3_country-cn_streaming-1@geo.iproyal.com:12321 | conc: 2 | delay: 2000 ms (+0) | latency: 3311 ms | size: 30180 bytes
2025-03-05 17:14:33 [scrapy.extensions.throttle] INFO: slot: http://wvR6upmH4hiV9OSo:80kOlNDhuUFnLpJ3_country-cn_streaming-1@geo.iproyal.com:12321 | conc: 1 | delay: 2000 ms (+0) | latency: 1961 ms | size: 29044 bytes
2025-03-05 17:14:34 [douban2] INFO: 成功解析电影: 西西里的美丽传说 (排名: 71)
2025-03-05 17:14:34 [douban2] INFO: Redis存储状态 - 节点movies_douban2: 114条, 全局: 250条
2025-03-05 17:14:34 [Douban2.pipelines] INFO: 当前总采集数量: 346
2025-03-05 17:14:34 [douban2] INFO: 采集进度 - 排名: 71, 当前节点: 31, 总进度: 346/250
2025-03-05 17:14:34 [douban2] INFO: 成功解析电影: 哈利·波特与死亡圣器(下) (排名: 69)
2025-03-05 17:14:34 [douban2] INFO: Redis存储状态 - 节点movies_douban2: 115条, 全局: 250条
2025-03-05 17:14:34 [Douban2.pipelines] INFO: 当前总采集数量: 347
2025-03-05 17:14:34 [douban2] INFO: 采集进度 - 排名: 69, 当前节点: 32, 总进度: 347/250
2025-03-05 17:14:36 [scrapy.extensions.throttle] INFO: slot: http://wvR6upmH4hiV9OSo:80kOlNDhuUFnLpJ3_country-cn@geo.iproyal.com:12321 | conc: 2 | delay: 2000 ms (+0) | latency: 2883 ms | size: 27005 bytes
2025-03-05 17:14:37 [scrapy.extensions.throttle] INFO: slot: http://wvR6upmH4hiV9OSo:80kOlNDhuUFnLpJ3_country-cn@geo.iproyal.com:12321 | conc: 1 | delay: 2000 ms (+0) | latency: 2043 ms | size: 27749 bytes
2025-03-05 17:14:39 [douban2] INFO: 成功解析电影: 大鱼 (排名: 155)
2025-03-05 17:14:39 [douban2] INFO: Redis存储状态 - 节点movies_douban2: 115条, 全局: 250条
2025-03-05 17:14:39 [Douban2.pipelines] INFO: 当前总采集数量: 351
2025-03-05 17:14:39 [douban2] INFO: 采集进度 - 排名: 155, 当前节点: 33, 总进度: 351/250
2025-03-05 17:14:39 [douban2] INFO: 成功解析电影: 无间道2 (排名: 175)
2025-03-05 17:14:39 [douban2] INFO: Redis存储状态 - 节点movies_douban2: 116条, 全局: 250条
2025-03-05 17:14:39 [Douban2.pipelines] INFO: 当前总采集数量: 352
2025-03-05 17:14:39 [douban2] INFO: 采集进度 - 排名: 175, 当前节点: 34, 总进度: 352/250
2025-03-05 17:14:40 [scrapy.extensions.throttle] INFO: slot: http://wvR6upmH4hiV9OSo:80kOlNDhuUFnLpJ3_country-cn@geo.iproyal.com:12321 | conc: 1 | delay: 2000 ms (+0) | latency: 1342 ms | size: 26311 bytes
2025-03-05 17:14:41 [douban2] INFO: 成功解析电影: 风之谷 (排名: 179)
2025-03-05 17:14:41 [douban2] INFO: Redis存储状态 - 节点movies_douban2: 116条, 全局: 250条
2025-03-05 17:14:41 [Douban2.pipelines] INFO: 当前总采集数量: 354
2025-03-05 17:14:41 [douban2] INFO: 采集进度 - 排名: 179, 当前节点: 35, 总进度: 354/250
2025-03-05 17:14:43 [scrapy.extensions.throttle] INFO: slot: http://wvR6upmH4hiV9OSo:80kOlNDhuUFnLpJ3_country-cn@geo.iproyal.com:12321 | conc: 1 | delay: 2000 ms (+0) | latency: 1297 ms | size: 24516 bytes
2025-03-05 17:14:44 [scrapy.extensions.throttle] INFO: slot: http://wvR6upmH4hiV9OSo:80kOlNDhuUFnLpJ3_country-cn_streaming-1@geo.iproyal.com:12321 | conc: 1 | delay: 2000 ms (+0) | latency: 2842 ms | size: 24871 bytes
2025-03-05 17:14:46 [douban2] INFO: 成功解析电影: 纵横四海 (排名: 184)
2025-03-05 17:14:46 [douban2] INFO: Redis存储状态 - 节点movies_douban2: 117条, 全局: 250条
2025-03-05 17:14:46 [Douban2.pipelines] INFO: 当前总采集数量: 360
2025-03-05 17:14:46 [douban2] INFO: 采集进度 - 排名: 184, 当前节点: 36, 总进度: 360/250
2025-03-05 17:14:46 [douban2] INFO: 成功解析电影: 电锯惊魂 (排名: 166)
2025-03-05 17:14:46 [douban2] INFO: Redis存储状态 - 节点movies_douban2: 118条, 全局: 250条
2025-03-05 17:14:46 [Douban2.pipelines] INFO: 当前总采集数量: 361
2025-03-05 17:14:46 [douban2] INFO: 采集进度 - 排名: 166, 当前节点: 37, 总进度: 361/250
2025-03-05 17:14:48 [scrapy.extensions.throttle] INFO: slot: http://wvR6upmH4hiV9OSo:80kOlNDhuUFnLpJ3_country-cn_streaming-1@geo.iproyal.com:12321 | conc: 2 | delay: 2000 ms (+0) | latency: 3350 ms | size: 26349 bytes
2025-03-05 17:14:49 [scrapy.extensions.throttle] INFO: slot: http://wvR6upmH4hiV9OSo:80kOlNDhuUFnLpJ3_country-cn_streaming-1@geo.iproyal.com:12321 | conc: 1 | delay: 2000 ms (+0) | latency: 2848 ms | size: 25565 bytes
2025-03-05 17:14:51 [douban2] INFO: 成功解析电影: 记忆碎片 (排名: 185)
2025-03-05 17:14:51 [douban2] INFO: Redis存储状态 - 节点movies_douban2: 118条, 全局: 250条
2025-03-05 17:14:51 [Douban2.pipelines] INFO: 当前总采集数量: 362
2025-03-05 17:14:51 [douban2] INFO: 采集进度 - 排名: 185, 当前节点: 38, 总进度: 362/250
2025-03-05 17:14:51 [douban2] INFO: 成功解析电影: 岁月神偷 (排名: 193)
2025-03-05 17:14:51 [douban2] INFO: Redis存储状态 - 节点movies_douban2: 118条, 全局: 250条
2025-03-05 17:14:51 [Douban2.pipelines] INFO: 当前总采集数量: 362
2025-03-05 17:14:51 [douban2] INFO: 采集进度 - 排名: 193, 当前节点: 39, 总进度: 362/250
2025-03-05 17:14:52 [scrapy.extensions.throttle] INFO: slot: http://wvR6upmH4hiV9OSo:80kOlNDhuUFnLpJ3_country-cn_streaming-1@geo.iproyal.com:12321 | conc: 2 | delay: 2000 ms (+0) | latency: 2970 ms | size: 27562 bytes
2025-03-05 17:14:54 [douban2] INFO: 成功解析电影: 惊魂记 (排名: 158)
2025-03-05 17:14:54 [douban2] INFO: Redis存储状态 - 节点movies_douban2: 118条, 全局: 250条
2025-03-05 17:14:54 [Douban2.pipelines] INFO: 当前总采集数量: 362
2025-03-05 17:14:54 [douban2] INFO: 采集进度 - 排名: 158, 当前节点: 40, 总进度: 362/250
2025-03-05 17:14:54 [scrapy.extensions.throttle] INFO: slot: http://wvR6upmH4hiV9OSo:80kOlNDhuUFnLpJ3_country-cn_streaming-1@geo.iproyal.com:12321 | conc: 1 | delay: 2000 ms (+0) | latency: 1620 ms | size: 28659 bytes
2025-03-05 17:14:55 [douban2] INFO: 成功解析电影: 无敌破坏王 (排名: 187)
2025-03-05 17:14:55 [douban2] INFO: Redis存储状态 - 节点movies_douban2: 118条, 全局: 250条
2025-03-05 17:14:55 [Douban2.pipelines] INFO: 当前总采集数量: 362
2025-03-05 17:14:55 [douban2] INFO: 采集进度 - 排名: 187, 当前节点: 41, 总进度: 362/250
2025-03-05 17:14:56 [scrapy.extensions.throttle] INFO: slot: http://wvR6upmH4hiV9OSo:80kOlNDhuUFnLpJ3_country-cn@geo.iproyal.com:12321 | conc: 1 | delay: 2000 ms (+0) | latency: 1893 ms | size: 28168 bytes
2025-03-05 17:14:57 [scrapy.extensions.throttle] INFO: slot: http://wvR6upmH4hiV9OSo:80kOlNDhuUFnLpJ3_country-cn_streaming-1@geo.iproyal.com:12321 | conc: 1 | delay: 2000 ms (+0) | latency: 1861 ms | size: 25466 bytes
2025-03-05 17:14:59 [douban2] INFO: 成功解析电影: 小偷家族 (排名: 189)
2025-03-05 17:14:59 [douban2] INFO: Redis存储状态 - 节点movies_douban2: 119条, 全局: 250条
2025-03-05 17:14:59 [Douban2.pipelines] INFO: 当前总采集数量: 365
2025-03-05 17:14:59 [douban2] INFO: 采集进度 - 排名: 189, 当前节点: 42, 总进度: 365/250
2025-03-05 17:14:59 [douban2] INFO: 成功解析电影: 恐怖游轮 (排名: 192)
2025-03-05 17:14:59 [douban2] INFO: Redis存储状态 - 节点movies_douban2: 119条, 全局: 250条
2025-03-05 17:14:59 [Douban2.pipelines] INFO: 当前总采集数量: 365
2025-03-05 17:14:59 [douban2] INFO: 采集进度 - 排名: 192, 当前节点: 43, 总进度: 365/250
2025-03-05 17:15:00 [scrapy.extensions.throttle] INFO: slot: http://wvR6upmH4hiV9OSo:80kOlNDhuUFnLpJ3_country-cn_streaming-1@geo.iproyal.com:12321 | conc: 1 | delay: 2000 ms (+0) | latency: 1471 ms | size: 26134 bytes
2025-03-05 17:15:02 [scrapy.extensions.throttle] INFO: slot: http://wvR6upmH4hiV9OSo:80kOlNDhuUFnLpJ3_country-cn@geo.iproyal.com:12321 | conc: 2 | delay: 2263 ms (+263) | latency: 4526 ms | size: 28157 bytes
2025-03-05 17:15:03 [douban2] INFO: 成功解析电影: 2001太空漫游 (排名: 183)
2025-03-05 17:15:03 [douban2] INFO: Redis存储状态 - 节点movies_douban2: 119条, 全局: 250条
2025-03-05 17:15:03 [Douban2.pipelines] INFO: 当前总采集数量: 366
2025-03-05 17:15:03 [douban2] INFO: 采集进度 - 排名: 183, 当前节点: 44, 总进度: 366/250
2025-03-05 17:15:03 [douban2] INFO: 成功解析电影: 头号玩家 (排名: 154)
2025-03-05 17:15:03 [douban2] INFO: Redis存储状态 - 节点movies_douban2: 119条, 全局: 250条
2025-03-05 17:15:03 [Douban2.pipelines] INFO: 当前总采集数量: 366
2025-03-05 17:15:03 [douban2] INFO: 采集进度 - 排名: 154, 当前节点: 45, 总进度: 366/250
2025-03-05 17:15:04 [scrapy.extensions.throttle] INFO: slot: http://wvR6upmH4hiV9OSo:80kOlNDhuUFnLpJ3_country-cn_streaming-1@geo.iproyal.com:12321 | conc: 1 | delay: 2000 ms (+0) | latency: 1278 ms | size: 24795 bytes
2025-03-05 17:15:06 [scrapy.extensions.throttle] INFO: slot: http://wvR6upmH4hiV9OSo:80kOlNDhuUFnLpJ3_country-cn@geo.iproyal.com:12321 | conc: 1 | delay: 2197 ms (-66) | latency: 4262 ms | size: 27896 bytes
2025-03-05 17:15:07 [douban2] INFO: 成功解析电影: 玛丽和马克思 (排名: 152)
2025-03-05 17:15:07 [douban2] INFO: Redis存储状态 - 节点movies_douban2: 119条, 全局: 250条
2025-03-05 17:15:07 [Douban2.pipelines] INFO: 当前总采集数量: 366
2025-03-05 17:15:07 [douban2] INFO: 采集进度 - 排名: 152, 当前节点: 46, 总进度: 366/250
2025-03-05 17:15:07 [douban2] INFO: 成功解析电影: 血战钢锯岭 (排名: 160)
2025-03-05 17:15:07 [douban2] INFO: Redis存储状态 - 节点movies_douban2: 120条, 全局: 250条
2025-03-05 17:15:07 [Douban2.pipelines] INFO: 当前总采集数量: 367
2025-03-05 17:15:07 [douban2] INFO: 采集进度 - 排名: 160, 当前节点: 47, 总进度: 367/250
2025-03-05 17:15:08 [scrapy.extensions.logstats] INFO: Crawled 48 pages (at 27 pages/min), scraped 47 items (at 27 items/min)
2025-03-05 17:15:09 [scrapy.extensions.throttle] INFO: slot: http://wvR6upmH4hiV9OSo:80kOlNDhuUFnLpJ3_country-cn@geo.iproyal.com:12321 | conc: 1 | delay: 2000 ms (-197) | latency: 1529 ms | size: 25689 bytes
2025-03-05 17:15:09 [douban2] INFO: 创建请求: https://movie.douban.com/top250
2025-03-05 17:15:10 [scrapy.extensions.throttle] INFO: slot: http://wvR6upmH4hiV9OSo:80kOlNDhuUFnLpJ3_country-cn_streaming-1@geo.iproyal.com:12321 | conc: 2 | delay: 2267 ms (+267) | latency: 4534 ms | size: 26009 bytes
2025-03-05 17:15:10 [douban2] INFO: 成功解析电影: 射雕英雄传之东成西就 (排名: 157)
2025-03-05 17:15:10 [douban2] INFO: Redis存储状态 - 节点movies_douban2: 120条, 全局: 250条
2025-03-05 17:15:10 [Douban2.pipelines] INFO: 当前总采集数量: 368
2025-03-05 17:15:10 [douban2] INFO: 采集进度 - 排名: 157, 当前节点: 48, 总进度: 368/250
2025-03-05 17:15:11 [douban2] INFO: 成功解析电影: 牯岭街少年杀人事件 (排名: 191)
2025-03-05 17:15:11 [douban2] INFO: Redis存储状态 - 节点movies_douban2: 120条, 全局: 250条
2025-03-05 17:15:11 [Douban2.pipelines] INFO: 当前总采集数量: 368
2025-03-05 17:15:11 [douban2] INFO: 采集进度 - 排名: 191, 当前节点: 49, 总进度: 368/250
2025-03-05 17:15:11 [scrapy.extensions.throttle] INFO: slot: http://wvR6upmH4hiV9OSo:80kOlNDhuUFnLpJ3_country-cn_streaming-1@geo.iproyal.com:12321 | conc: 1 | delay: 2000 ms (-267) | latency:  539 ms | size: 11476 bytes
2025-03-05 17:15:11 [douban2] INFO: 开始解析页面: https://movie.douban.com/top250
2025-03-05 17:15:11 [douban2] INFO: 找到 25 个电影条目
2025-03-05 17:15:16 [scrapy.extensions.throttle] INFO: slot: http://wvR6upmH4hiV9OSo:80kOlNDhuUFnLpJ3_country-cn@geo.iproyal.com:12321 | conc: 2 | delay: 2000 ms (+0) | latency: 3172 ms | size: 26370 bytes
2025-03-05 17:15:17 [scrapy.extensions.throttle] INFO: slot: http://wvR6upmH4hiV9OSo:80kOlNDhuUFnLpJ3_country-cn@geo.iproyal.com:12321 | conc: 1 | delay: 2000 ms (+0) | latency: 2421 ms | size: 28481 bytes
2025-03-05 17:15:19 [douban2] INFO: 成功解析电影: 千与千寻 (排名: 5)
2025-03-05 17:15:19 [douban2] INFO: Redis存储状态 - 节点movies_douban2: 121条, 全局: 250条
2025-03-05 17:15:19 [Douban2.pipelines] INFO: 当前总采集数量: 369
2025-03-05 17:15:19 [douban2] INFO: 采集进度 - 排名: 5, 当前节点: 50, 总进度: 369/250
2025-03-05 17:15:19 [douban2] INFO: 成功解析电影: 阿甘正传 (排名: 4)
2025-03-05 17:15:19 [douban2] INFO: Redis存储状态 - 节点movies_douban2: 121条, 全局: 250条
2025-03-05 17:15:19 [Douban2.pipelines] INFO: 当前总采集数量: 369
2025-03-05 17:15:19 [douban2] INFO: 采集进度 - 排名: 4, 当前节点: 51, 总进度: 369/250
2025-03-05 17:15:20 [scrapy.extensions.throttle] INFO: slot: http://wvR6upmH4hiV9OSo:80kOlNDhuUFnLpJ3_country-cn_streaming-1@geo.iproyal.com:12321 | conc: 1 | delay: 2000 ms (+0) | latency: 2695 ms | size: 24886 bytes
2025-03-05 17:15:21 [douban2] INFO: 成功解析电影: 熔炉 (排名: 21)
2025-03-05 17:15:21 [douban2] INFO: Redis存储状态 - 节点movies_douban2: 121条, 全局: 250条
2025-03-05 17:15:21 [Douban2.pipelines] INFO: 当前总采集数量: 371
2025-03-05 17:15:21 [douban2] INFO: 采集进度 - 排名: 21, 当前节点: 52, 总进度: 371/250
2025-03-05 17:15:23 [scrapy.extensions.throttle] INFO: slot: http://wvR6upmH4hiV9OSo:80kOlNDhuUFnLpJ3_country-cn_streaming-1@geo.iproyal.com:12321 | conc: 1 | delay: 2000 ms (+0) | latency: 1172 ms | size: 27740 bytes
2025-03-05 17:15:24 [douban2] INFO: 成功解析电影: 控方证人 (排名: 19)
2025-03-05 17:15:24 [douban2] INFO: Redis存储状态 - 节点movies_douban2: 121条, 全局: 250条
2025-03-05 17:15:24 [Douban2.pipelines] INFO: 当前总采集数量: 372
2025-03-05 17:15:24 [douban2] INFO: 采集进度 - 排名: 19, 当前节点: 53, 总进度: 372/250
2025-03-05 17:15:26 [scrapy.extensions.throttle] INFO: slot: http://wvR6upmH4hiV9OSo:80kOlNDhuUFnLpJ3_country-cn_streaming-1@geo.iproyal.com:12321 | conc: 1 | delay: 2000 ms (+0) | latency: 1483 ms | size: 26085 bytes
2025-03-05 17:15:28 [scrapy.extensions.throttle] INFO: slot: http://wvR6upmH4hiV9OSo:80kOlNDhuUFnLpJ3_country-cn@geo.iproyal.com:12321 | conc: 1 | delay: 2000 ms (+0) | latency: 3118 ms | size: 28791 bytes
2025-03-05 17:15:29 [douban2] INFO: 成功解析电影: 楚门的世界 (排名: 10)
2025-03-05 17:15:29 [douban2] INFO: Redis存储状态 - 节点movies_douban2: 122条, 全局: 250条
2025-03-05 17:15:29 [Douban2.pipelines] INFO: 当前总采集数量: 375
2025-03-05 17:15:29 [douban2] INFO: 采集进度 - 排名: 10, 当前节点: 54, 总进度: 375/250
2025-03-05 17:15:29 [douban2] INFO: 成功解析电影: 疯狂动物城 (排名: 17)
2025-03-05 17:15:29 [douban2] INFO: Redis存储状态 - 节点movies_douban2: 122条, 全局: 250条
2025-03-05 17:15:29 [Douban2.pipelines] INFO: 当前总采集数量: 375
2025-03-05 17:15:29 [douban2] INFO: 采集进度 - 排名: 17, 当前节点: 55, 总进度: 375/250
2025-03-05 17:15:30 [scrapy.extensions.throttle] INFO: slot: http://wvR6upmH4hiV9OSo:80kOlNDhuUFnLpJ3_country-cn@geo.iproyal.com:12321 | conc: 2 | delay: 2000 ms (+0) | latency: 2664 ms | size: 24460 bytes
2025-03-05 17:15:32 [scrapy.extensions.throttle] INFO: slot: http://wvR6upmH4hiV9OSo:80kOlNDhuUFnLpJ3_country-cn@geo.iproyal.com:12321 | conc: 1 | delay: 2000 ms (+0) | latency: 2042 ms | size: 26884 bytes
2025-03-05 17:15:33 [douban2] INFO: 成功解析电影: 忠犬八公的故事 (排名: 12)
2025-03-05 17:15:33 [douban2] INFO: Redis存储状态 - 节点movies_douban2: 123条, 全局: 250条
2025-03-05 17:15:33 [Douban2.pipelines] INFO: 当前总采集数量: 379
2025-03-05 17:15:33 [douban2] INFO: 采集进度 - 排名: 12, 当前节点: 56, 总进度: 379/250
2025-03-05 17:15:33 [douban2] INFO: 成功解析电影: 放牛班的春天 (排名: 15)
2025-03-05 17:15:33 [douban2] INFO: Redis存储状态 - 节点movies_douban2: 124条, 全局: 250条
2025-03-05 17:15:33 [Douban2.pipelines] INFO: 当前总采集数量: 380
2025-03-05 17:15:33 [douban2] INFO: 采集进度 - 排名: 15, 当前节点: 57, 总进度: 380/250
2025-03-05 17:15:35 [scrapy.extensions.throttle] INFO: slot: http://wvR6upmH4hiV9OSo:80kOlNDhuUFnLpJ3_country-cn@geo.iproyal.com:12321 | conc: 2 | delay: 2000 ms (+0) | latency: 3241 ms | size: 27354 bytes
2025-03-05 17:15:36 [scrapy.extensions.throttle] INFO: slot: http://wvR6upmH4hiV9OSo:80kOlNDhuUFnLpJ3_country-cn@geo.iproyal.com:12321 | conc: 1 | delay: 2000 ms (+0) | latency: 1754 ms | size: 26038 bytes
2025-03-05 17:15:38 [douban2] INFO: 成功解析电影: 入殓师 (排名: 113)
2025-03-05 17:15:38 [douban2] INFO: Redis存储状态 - 节点movies_douban2: 124条, 全局: 250条
2025-03-05 17:15:38 [Douban2.pipelines] INFO: 当前总采集数量: 381
2025-03-05 17:15:38 [douban2] INFO: 采集进度 - 排名: 113, 当前节点: 58, 总进度: 381/250
2025-03-05 17:15:38 [douban2] INFO: 成功解析电影: 色，戒 (排名: 142)
2025-03-05 17:15:38 [douban2] INFO: Redis存储状态 - 节点movies_douban2: 124条, 全局: 250条
2025-03-05 17:15:38 [Douban2.pipelines] INFO: 当前总采集数量: 381
2025-03-05 17:15:38 [douban2] INFO: 采集进度 - 排名: 142, 当前节点: 59, 总进度: 381/250
2025-03-05 17:15:39 [scrapy.extensions.throttle] INFO: slot: http://wvR6upmH4hiV9OSo:80kOlNDhuUFnLpJ3_country-cn@geo.iproyal.com:12321 | conc: 1 | delay: 2000 ms (+0) | latency: 1249 ms | size: 26215 bytes
2025-03-05 17:15:41 [scrapy.extensions.throttle] INFO: slot: http://wvR6upmH4hiV9OSo:80kOlNDhuUFnLpJ3_country-cn_streaming-1@geo.iproyal.com:12321 | conc: 1 | delay: 2000 ms (+0) | latency: 2701 ms | size: 26019 bytes
2025-03-05 17:15:42 [douban2] INFO: 成功解析电影: 第六感 (排名: 109)
2025-03-05 17:15:42 [douban2] INFO: Redis存储状态 - 节点movies_douban2: 124条, 全局: 250条
2025-03-05 17:15:42 [Douban2.pipelines] INFO: 当前总采集数量: 382
2025-03-05 17:15:42 [douban2] INFO: 采集进度 - 排名: 109, 当前节点: 60, 总进度: 382/250
2025-03-05 17:15:42 [douban2] INFO: 成功解析电影: 釜山行 (排名: 146)
2025-03-05 17:15:42 [douban2] INFO: Redis存储状态 - 节点movies_douban2: 125条, 全局: 250条
2025-03-05 17:15:42 [Douban2.pipelines] INFO: 当前总采集数量: 383
2025-03-05 17:15:42 [douban2] INFO: 采集进度 - 排名: 146, 当前节点: 61, 总进度: 383/250
2025-03-05 17:15:43 [scrapy.extensions.throttle] INFO: slot: http://wvR6upmH4hiV9OSo:80kOlNDhuUFnLpJ3_country-cn@geo.iproyal.com:12321 | conc: 1 | delay: 2000 ms (+0) | latency: 2681 ms | size: 26574 bytes
2025-03-05 17:15:45 [douban2] INFO: 成功解析电影: 无人知晓 (排名: 124)
2025-03-05 17:15:45 [douban2] INFO: Redis存储状态 - 节点movies_douban2: 126条, 全局: 250条
2025-03-05 17:15:45 [Douban2.pipelines] INFO: 当前总采集数量: 387
2025-03-05 17:15:45 [douban2] INFO: 采集进度 - 排名: 124, 当前节点: 62, 总进度: 387/250
2025-03-05 17:15:47 [scrapy.extensions.throttle] INFO: slot: http://wvR6upmH4hiV9OSo:80kOlNDhuUFnLpJ3_country-cn@geo.iproyal.com:12321 | conc: 1 | delay: 2000 ms (+0) | latency: 1943 ms | size: 26853 bytes
2025-03-05 17:15:48 [douban2] INFO: 成功解析电影: 教父3 (排名: 139)
2025-03-05 17:15:48 [douban2] INFO: Redis存储状态 - 节点movies_douban2: 126条, 全局: 250条
2025-03-05 17:15:48 [Douban2.pipelines] INFO: 当前总采集数量: 387
2025-03-05 17:15:48 [douban2] INFO: 采集进度 - 排名: 139, 当前节点: 63, 总进度: 387/250
2025-03-05 17:15:49 [scrapy.extensions.throttle] INFO: slot: http://wvR6upmH4hiV9OSo:80kOlNDhuUFnLpJ3_country-cn@geo.iproyal.com:12321 | conc: 1 | delay: 2000 ms (+0) | latency: 1300 ms | size: 24627 bytes
2025-03-05 17:15:51 [douban2] INFO: 成功解析电影: 天书奇谭 (排名: 108)
2025-03-05 17:15:51 [douban2] INFO: Redis存储状态 - 节点movies_douban2: 126条, 全局: 250条
2025-03-05 17:15:51 [Douban2.pipelines] INFO: 当前总采集数量: 387
2025-03-05 17:15:51 [douban2] INFO: 采集进度 - 排名: 108, 当前节点: 64, 总进度: 387/250
2025-03-05 17:15:52 [scrapy.extensions.throttle] INFO: slot: http://wvR6upmH4hiV9OSo:80kOlNDhuUFnLpJ3_country-cn@geo.iproyal.com:12321 | conc: 1 | delay: 2000 ms (+0) | latency: 1421 ms | size: 27115 bytes
2025-03-05 17:15:54 [douban2] INFO: 成功解析电影: 傲慢与偏见 (排名: 137)
2025-03-05 17:15:54 [douban2] INFO: Redis存储状态 - 节点movies_douban2: 127条, 全局: 250条
2025-03-05 17:15:54 [Douban2.pipelines] INFO: 当前总采集数量: 390
2025-03-05 17:15:54 [douban2] INFO: 采集进度 - 排名: 137, 当前节点: 65, 总进度: 390/250
2025-03-05 17:15:55 [scrapy.extensions.throttle] INFO: slot: http://wvR6upmH4hiV9OSo:80kOlNDhuUFnLpJ3_country-cn@geo.iproyal.com:12321 | conc: 1 | delay: 2000 ms (+0) | latency: 1254 ms | size: 26348 bytes
2025-03-05 17:15:57 [scrapy.extensions.throttle] INFO: slot: http://wvR6upmH4hiV9OSo:80kOlNDhuUFnLpJ3_country-cn_streaming-1@geo.iproyal.com:12321 | conc: 1 | delay: 2000 ms (+0) | latency: 2730 ms | size: 25312 bytes
2025-03-05 17:15:58 [douban2] INFO: 成功解析电影: 勇敢的心 (排名: 116)
2025-03-05 17:15:58 [douban2] INFO: Redis存储状态 - 节点movies_douban2: 128条, 全局: 250条
2025-03-05 17:15:58 [Douban2.pipelines] INFO: 当前总采集数量: 392
2025-03-05 17:15:58 [douban2] INFO: 采集进度 - 排名: 116, 当前节点: 66, 总进度: 392/250
2025-03-05 17:15:58 [douban2] INFO: 成功解析电影: 阳光灿烂的日子 (排名: 127)
2025-03-05 17:15:58 [douban2] INFO: Redis存储状态 - 节点movies_douban2: 128条, 全局: 250条
2025-03-05 17:15:58 [Douban2.pipelines] INFO: 当前总采集数量: 392
2025-03-05 17:15:58 [douban2] INFO: 采集进度 - 排名: 127, 当前节点: 67, 总进度: 392/250
2025-03-05 17:16:00 [scrapy.extensions.throttle] INFO: slot: http://wvR6upmH4hiV9OSo:80kOlNDhuUFnLpJ3_country-cn@geo.iproyal.com:12321 | conc: 1 | delay: 2000 ms (+0) | latency: 1441 ms | size: 27357 bytes
2025-03-05 17:16:01 [scrapy.extensions.throttle] INFO: slot: http://wvR6upmH4hiV9OSo:80kOlNDhuUFnLpJ3_country-cn_streaming-1@geo.iproyal.com:12321 | conc: 1 | delay: 2184 ms (+184) | latency: 4369 ms | size: 25579 bytes
2025-03-05 17:16:03 [douban2] INFO: 成功解析电影: 玩具总动员3 (排名: 140)
2025-03-05 17:16:03 [douban2] INFO: Redis存储状态 - 节点movies_douban2: 129条, 全局: 250条
2025-03-05 17:16:03 [Douban2.pipelines] INFO: 当前总采集数量: 395
2025-03-05 17:16:03 [douban2] INFO: 采集进度 - 排名: 140, 当前节点: 68, 总进度: 395/250
2025-03-05 17:16:03 [douban2] INFO: 成功解析电影: 菊次郎的夏天 (排名: 117)
2025-03-05 17:16:03 [douban2] INFO: Redis存储状态 - 节点movies_douban2: 130条, 全局: 250条
2025-03-05 17:16:03 [Douban2.pipelines] INFO: 当前总采集数量: 396
2025-03-05 17:16:03 [douban2] INFO: 采集进度 - 排名: 117, 当前节点: 69, 总进度: 396/250
2025-03-05 17:16:03 [scrapy.extensions.throttle] INFO: slot: http://wvR6upmH4hiV9OSo:80kOlNDhuUFnLpJ3_country-cn_streaming-1@geo.iproyal.com:12321 | conc: 1 | delay: 2184 ms (+0) | latency:  449 ms | size:   138 bytes
2025-03-05 17:16:04 [douban2] INFO: 成功解析电影: 小森林 夏秋篇 (排名: 129)
2025-03-05 17:16:04 [douban2] INFO: Redis存储状态 - 节点movies_douban2: 131条, 全局: 250条
2025-03-05 17:16:04 [Douban2.pipelines] INFO: 当前总采集数量: 398
2025-03-05 17:16:04 [douban2] INFO: 采集进度 - 排名: 129, 当前节点: 70, 总进度: 398/250
2025-03-05 17:16:04 [scrapy.extensions.throttle] INFO: slot: http://wvR6upmH4hiV9OSo:80kOlNDhuUFnLpJ3_country-cn@geo.iproyal.com:12321 | conc: 1 | delay: 2000 ms (+0) | latency: 3355 ms | size: 27129 bytes
2025-03-05 17:16:06 [douban2] INFO: 成功解析电影: 消失的爱人 (排名: 122)
2025-03-05 17:16:06 [douban2] INFO: Redis存储状态 - 节点movies_douban2: 131条, 全局: 250条
2025-03-05 17:16:06 [Douban2.pipelines] INFO: 当前总采集数量: 399
2025-03-05 17:16:06 [douban2] INFO: 采集进度 - 排名: 122, 当前节点: 71, 总进度: 399/250
2025-03-05 17:16:06 [scrapy.extensions.throttle] INFO: slot: http://wvR6upmH4hiV9OSo:80kOlNDhuUFnLpJ3_country-cn_streaming-1@geo.iproyal.com:12321 | conc: 1 | delay: 2000 ms (-184) | latency: 1731 ms | size: 28690 bytes
2025-03-05 17:16:08 [douban2] INFO: 成功解析电影: 头脑特工队 (排名: 125)
2025-03-05 17:16:08 [douban2] INFO: Redis存储状态 - 节点movies_douban2: 132条, 全局: 250条
2025-03-05 17:16:08 [Douban2.pipelines] INFO: 当前总采集数量: 403
2025-03-05 17:16:08 [douban2] INFO: 采集进度 - 排名: 125, 当前节点: 72, 总进度: 403/250
2025-03-05 17:16:08 [scrapy.extensions.logstats] INFO: Crawled 74 pages (at 26 pages/min), scraped 72 items (at 25 items/min)
2025-03-05 17:16:08 [scrapy.extensions.throttle] INFO: slot: http://wvR6upmH4hiV9OSo:80kOlNDhuUFnLpJ3_country-cn@geo.iproyal.com:12321 | conc: 1 | delay: 2000 ms (+0) | latency: 1843 ms | size: 27081 bytes
2025-03-05 17:16:09 [douban2] INFO: 成功解析电影: 被嫌弃的松子的一生 (排名: 104)
2025-03-05 17:16:09 [douban2] INFO: Redis存储状态 - 节点movies_douban2: 133条, 全局: 250条
2025-03-05 17:16:09 [Douban2.pipelines] INFO: 当前总采集数量: 406
2025-03-05 17:16:09 [douban2] INFO: 采集进度 - 排名: 104, 当前节点: 73, 总进度: 406/250
2025-03-05 17:16:11 [scrapy.extensions.throttle] INFO: slot: http://wvR6upmH4hiV9OSo:80kOlNDhuUFnLpJ3_country-cn@geo.iproyal.com:12321 | conc: 1 | delay: 2000 ms (+0) | latency: 1515 ms | size: 25157 bytes
2025-03-05 17:16:11 [douban2] INFO: 成功解析电影: 借东西的小人阿莉埃蒂 (排名: 119)
2025-03-05 17:16:11 [douban2] INFO: Redis存储状态 - 节点movies_douban2: 134条, 全局: 250条
2025-03-05 17:16:11 [Douban2.pipelines] INFO: 当前总采集数量: 409
2025-03-05 17:16:11 [douban2] INFO: 采集进度 - 排名: 119, 当前节点: 74, 总进度: 409/250
2025-03-05 17:16:14 [scrapy.extensions.throttle] INFO: slot: http://wvR6upmH4hiV9OSo:80kOlNDhuUFnLpJ3_country-cn@geo.iproyal.com:12321 | conc: 1 | delay: 2000 ms (+0) | latency: 2435 ms | size: 28514 bytes
2025-03-05 17:16:16 [douban2] INFO: 成功解析电影: 蝙蝠侠：黑暗骑士崛起 (排名: 103)
2025-03-05 17:16:16 [douban2] INFO: Redis存储状态 - 节点movies_douban2: 134条, 全局: 250条
2025-03-05 17:16:16 [Douban2.pipelines] INFO: 当前总采集数量: 410
2025-03-05 17:16:16 [douban2] INFO: 采集进度 - 排名: 103, 当前节点: 75, 总进度: 410/250
2025-03-05 17:16:16 [scrapy.extensions.throttle] INFO: slot: http://wvR6upmH4hiV9OSo:80kOlNDhuUFnLpJ3_country-cn_streaming-1@geo.iproyal.com:12321 | conc: 1 | delay: 2000 ms (+0) | latency: 1853 ms | size:   138 bytes
2025-03-05 17:16:17 [douban2] INFO: 成功解析电影: 可可西里 (排名: 206)
2025-03-05 17:16:17 [douban2] INFO: Redis存储状态 - 节点movies_douban2: 135条, 全局: 250条
2025-03-05 17:16:17 [Douban2.pipelines] INFO: 当前总采集数量: 411
2025-03-05 17:16:17 [douban2] INFO: 采集进度 - 排名: 206, 当前节点: 76, 总进度: 411/250
2025-03-05 17:16:19 [scrapy.extensions.throttle] INFO: slot: http://wvR6upmH4hiV9OSo:80kOlNDhuUFnLpJ3_country-cn_streaming-1@geo.iproyal.com:12321 | conc: 1 | delay: 2000 ms (+0) | latency: 1665 ms | size: 27529 bytes
2025-03-05 17:16:21 [douban2] INFO: 成功解析电影: 疯狂的麦克斯4：狂暴之路 (排名: 205)
2025-03-05 17:16:21 [douban2] INFO: Redis存储状态 - 节点movies_douban2: 135条, 全局: 250条
2025-03-05 17:16:21 [Douban2.pipelines] INFO: 当前总采集数量: 413
2025-03-05 17:16:21 [douban2] INFO: 采集进度 - 排名: 205, 当前节点: 77, 总进度: 413/250
2025-03-05 17:16:21 [scrapy.extensions.throttle] INFO: slot: http://wvR6upmH4hiV9OSo:80kOlNDhuUFnLpJ3_country-cn_streaming-1@geo.iproyal.com:12321 | conc: 1 | delay: 2000 ms (+0) | latency:  377 ms | size:   138 bytes
2025-03-05 17:16:23 [douban2] INFO: 成功解析电影: 雨人 (排名: 219)
2025-03-05 17:16:23 [douban2] INFO: Redis存储状态 - 节点movies_douban2: 136条, 全局: 250条
2025-03-05 17:16:23 [Douban2.pipelines] INFO: 当前总采集数量: 415
2025-03-05 17:16:23 [douban2] INFO: 采集进度 - 排名: 219, 当前节点: 78, 总进度: 415/250
2025-03-05 17:16:25 [scrapy.extensions.throttle] INFO: slot: http://wvR6upmH4hiV9OSo:80kOlNDhuUFnLpJ3_country-cn_streaming-1@geo.iproyal.com:12321 | conc: 1 | delay: 2000 ms (+0) | latency: 1816 ms | size: 29038 bytes
2025-03-05 17:16:27 [douban2] INFO: 成功解析电影: 无耻混蛋 (排名: 222)
2025-03-05 17:16:27 [douban2] INFO: Redis存储状态 - 节点movies_douban2: 136条, 全局: 250条
2025-03-05 17:16:27 [Douban2.pipelines] INFO: 当前总采集数量: 418
2025-03-05 17:16:27 [douban2] INFO: 采集进度 - 排名: 222, 当前节点: 79, 总进度: 418/250
2025-03-05 17:16:27 [scrapy.extensions.throttle] INFO: slot: http://wvR6upmH4hiV9OSo:80kOlNDhuUFnLpJ3_country-cn_streaming-1@geo.iproyal.com:12321 | conc: 1 | delay: 2000 ms (+0) | latency:  390 ms | size:   138 bytes
2025-03-05 17:16:29 [douban2] INFO: 成功解析电影: 真爱至上 (排名: 223)
2025-03-05 17:16:29 [douban2] INFO: Redis存储状态 - 节点movies_douban2: 137条, 全局: 250条
2025-03-05 17:16:29 [Douban2.pipelines] INFO: 当前总采集数量: 420
2025-03-05 17:16:29 [douban2] INFO: 采集进度 - 排名: 223, 当前节点: 80, 总进度: 420/250
2025-03-05 17:16:31 [scrapy.extensions.throttle] INFO: slot: http://wvR6upmH4hiV9OSo:80kOlNDhuUFnLpJ3_country-cn_streaming-1@geo.iproyal.com:12321 | conc: 1 | delay: 2000 ms (+0) | latency: 1537 ms | size: 26728 bytes
2025-03-05 17:16:33 [douban2] INFO: 成功解析电影: 崖上的波妞 (排名: 225)
2025-03-05 17:16:33 [douban2] INFO: Redis存储状态 - 节点movies_douban2: 137条, 全局: 250条
2025-03-05 17:16:33 [Douban2.pipelines] INFO: 当前总采集数量: 423
2025-03-05 17:16:33 [douban2] INFO: 采集进度 - 排名: 225, 当前节点: 81, 总进度: 423/250
2025-03-05 17:16:33 [scrapy.extensions.throttle] INFO: slot: http://wvR6upmH4hiV9OSo:80kOlNDhuUFnLpJ3_country-cn_streaming-1@geo.iproyal.com:12321 | conc: 1 | delay: 2000 ms (+0) | latency:  380 ms | size:   138 bytes
2025-03-05 17:16:33 [douban2] INFO: 成功解析电影: 花束般的恋爱 (排名: 212)
2025-03-05 17:16:33 [douban2] INFO: Redis存储状态 - 节点movies_douban2: 138条, 全局: 250条
2025-03-05 17:16:33 [Douban2.pipelines] INFO: 当前总采集数量: 424
2025-03-05 17:16:33 [douban2] INFO: 采集进度 - 排名: 212, 当前节点: 82, 总进度: 424/250
2025-03-05 17:16:37 [scrapy.extensions.throttle] INFO: slot: http://wvR6upmH4hiV9OSo:80kOlNDhuUFnLpJ3_country-cn_streaming-1@geo.iproyal.com:12321 | conc: 1 | delay: 2000 ms (+0) | latency: 1646 ms | size: 26072 bytes
2025-03-05 17:16:40 [douban2] INFO: 成功解析电影: 初恋这件小事 (排名: 216)
2025-03-05 17:16:40 [douban2] INFO: Redis存储状态 - 节点movies_douban2: 139条, 全局: 250条
2025-03-05 17:16:40 [Douban2.pipelines] INFO: 当前总采集数量: 427
2025-03-05 17:16:40 [douban2] INFO: 采集进度 - 排名: 216, 当前节点: 83, 总进度: 427/250
2025-03-05 17:16:41 [scrapy.extensions.throttle] INFO: slot: http://wvR6upmH4hiV9OSo:80kOlNDhuUFnLpJ3_country-cn_streaming-1@geo.iproyal.com:12321 | conc: 2 | delay: 2000 ms (+0) | latency: 1982 ms | size:   138 bytes
2025-03-05 17:16:42 [scrapy.extensions.throttle] INFO: slot: http://wvR6upmH4hiV9OSo:80kOlNDhuUFnLpJ3_country-cn_streaming-1@geo.iproyal.com:12321 | conc: 1 | delay: 2000 ms (+0) | latency: 1963 ms | size: 24667 bytes
2025-03-05 17:16:44 [douban2] INFO: 成功解析电影: 千钧一发 (排名: 228)
2025-03-05 17:16:44 [douban2] INFO: Redis存储状态 - 节点movies_douban2: 140条, 全局: 250条
2025-03-05 17:16:44 [Douban2.pipelines] INFO: 当前总采集数量: 430
2025-03-05 17:16:44 [douban2] INFO: 采集进度 - 排名: 228, 当前节点: 84, 总进度: 430/250
2025-03-05 17:16:44 [douban2] INFO: 成功解析电影: 大红灯笼高高挂 (排名: 229)
2025-03-05 17:16:44 [douban2] INFO: Redis存储状态 - 节点movies_douban2: 141条, 全局: 250条
2025-03-05 17:16:44 [Douban2.pipelines] INFO: 当前总采集数量: 431
2025-03-05 17:16:44 [douban2] INFO: 采集进度 - 排名: 229, 当前节点: 85, 总进度: 431/250
2025-03-05 17:16:44 [scrapy.extensions.throttle] INFO: slot: http://wvR6upmH4hiV9OSo:80kOlNDhuUFnLpJ3_country-cn_streaming-1@geo.iproyal.com:12321 | conc: 1 | delay: 2000 ms (+0) | latency:  374 ms | size:   138 bytes
2025-03-05 17:16:46 [scrapy.extensions.throttle] INFO: slot: http://wvR6upmH4hiV9OSo:80kOlNDhuUFnLpJ3_country-cn@geo.iproyal.com:12321 | conc: 1 | delay: 2000 ms (+0) | latency: 1894 ms | size:   138 bytes
2025-03-05 17:16:47 [douban2] INFO: 成功解析电影: 萤火虫之墓 (排名: 235)
2025-03-05 17:16:47 [douban2] INFO: Redis存储状态 - 节点movies_douban2: 141条, 全局: 250条
2025-03-05 17:16:47 [Douban2.pipelines] INFO: 当前总采集数量: 431
2025-03-05 17:16:47 [douban2] INFO: 采集进度 - 排名: 235, 当前节点: 86, 总进度: 431/250
2025-03-05 17:16:47 [douban2] INFO: 成功解析电影: 魂断蓝桥 (排名: 243)
2025-03-05 17:16:47 [douban2] INFO: Redis存储状态 - 节点movies_douban2: 141条, 全局: 250条
2025-03-05 17:16:47 [Douban2.pipelines] INFO: 当前总采集数量: 431
2025-03-05 17:16:47 [douban2] INFO: 采集进度 - 排名: 243, 当前节点: 87, 总进度: 431/250
2025-03-05 17:16:47 [scrapy.extensions.throttle] INFO: slot: http://wvR6upmH4hiV9OSo:80kOlNDhuUFnLpJ3_country-cn@geo.iproyal.com:12321 | conc: 1 | delay: 2000 ms (+0) | latency:  386 ms | size:   138 bytes
2025-03-05 17:16:49 [douban2] INFO: 成功解析电影: 战争之王 (排名: 237)
2025-03-05 17:16:49 [douban2] INFO: Redis存储状态 - 节点movies_douban2: 142条, 全局: 250条
2025-03-05 17:16:49 [Douban2.pipelines] INFO: 当前总采集数量: 432
2025-03-05 17:16:49 [douban2] INFO: 采集进度 - 排名: 237, 当前节点: 88, 总进度: 432/250
2025-03-05 17:16:50 [scrapy.extensions.throttle] INFO: slot: http://wvR6upmH4hiV9OSo:80kOlNDhuUFnLpJ3_country-cn@geo.iproyal.com:12321 | conc: 1 | delay: 2000 ms (+0) | latency:  352 ms | size:   138 bytes
2025-03-05 17:16:52 [douban2] INFO: 成功解析电影: 谍影重重 (排名: 246)
2025-03-05 17:16:52 [douban2] INFO: Redis存储状态 - 节点movies_douban2: 142条, 全局: 250条
2025-03-05 17:16:52 [Douban2.pipelines] INFO: 当前总采集数量: 432
2025-03-05 17:16:52 [douban2] INFO: 采集进度 - 排名: 246, 当前节点: 89, 总进度: 432/250
2025-03-05 17:16:52 [scrapy.extensions.throttle] INFO: slot: http://wvR6upmH4hiV9OSo:80kOlNDhuUFnLpJ3_country-cn@geo.iproyal.com:12321 | conc: 1 | delay: 2000 ms (+0) | latency:  412 ms | size:   138 bytes
2025-03-05 17:16:54 [douban2] INFO: 成功解析电影: 奇迹男孩 (排名: 236)
2025-03-05 17:16:54 [douban2] INFO: Redis存储状态 - 节点movies_douban2: 142条, 全局: 250条
2025-03-05 17:16:54 [Douban2.pipelines] INFO: 当前总采集数量: 432
2025-03-05 17:16:54 [douban2] INFO: 采集进度 - 排名: 236, 当前节点: 90, 总进度: 432/250
2025-03-05 17:16:54 [scrapy.extensions.throttle] INFO: slot: http://wvR6upmH4hiV9OSo:80kOlNDhuUFnLpJ3_country-cn_streaming-1@geo.iproyal.com:12321 | conc: 1 | delay: 2000 ms (+0) | latency:  386 ms | size:   138 bytes
2025-03-05 17:16:54 [douban2] INFO: 成功解析电影: 黑客帝国2：重装上阵 (排名: 233)
2025-03-05 17:16:54 [douban2] INFO: Redis存储状态 - 节点movies_douban2: 143条, 全局: 250条
2025-03-05 17:16:54 [Douban2.pipelines] INFO: 当前总采集数量: 434
2025-03-05 17:16:54 [douban2] INFO: 采集进度 - 排名: 233, 当前节点: 91, 总进度: 434/250
2025-03-05 17:16:55 [scrapy.extensions.throttle] INFO: slot: http://wvR6upmH4hiV9OSo:80kOlNDhuUFnLpJ3_country-cn@geo.iproyal.com:12321 | conc: 1 | delay: 2000 ms (+0) | latency:  378 ms | size:   138 bytes
2025-03-05 17:16:55 [douban2] INFO: 成功解析电影: 哪吒之魔童降世 (排名: 249)
2025-03-05 17:16:55 [douban2] INFO: Redis存储状态 - 节点movies_douban2: 143条, 全局: 250条
2025-03-05 17:16:55 [Douban2.pipelines] INFO: 当前总采集数量: 436
2025-03-05 17:16:55 [douban2] INFO: 采集进度 - 排名: 249, 当前节点: 92, 总进度: 436/250
2025-03-05 17:16:55 [douban2] INFO: 爬虫空闲次数: 1
2025-03-05 17:16:55 [douban2] INFO: Redis中剩余请求数: 0
2025-03-05 17:16:55 [douban2] INFO: 当前活跃节点数: 3
2025-03-05 17:16:55 [douban2] INFO: 当前节点已采集数据量: 92
2025-03-05 17:16:55 [douban2] INFO: 当前节点配额: 83
2025-03-05 17:16:55 [douban2] INFO: 准备关闭爬虫，原因: 达到节点配额
2025-03-05 17:16:55 [douban2] INFO: 开始保存数据...
2025-03-05 17:16:55 [Douban2.pipelines] INFO: 开始保存数据 - 节点: douban2, 当前节点数据量: 92
2025-03-05 17:16:55 [Douban2.pipelines] INFO: 已保存节点数据到SQLite表: movies_douban2
2025-03-05 17:16:55 [Douban2.pipelines] INFO: 节点数据统计: {'movies_douban1': 155, 'movies_douban2': 143, 'movies_douban3': 138}, 总数据量: 436
2025-03-05 17:16:55 [Douban2.pipelines] INFO: 所有节点数据采集完成，开始生成汇总
2025-03-05 17:16:55 [Douban2.pipelines] INFO: 已删除旧的movies_summary视图
2025-03-05 17:16:55 [Douban2.pipelines] INFO: 已删除旧的movies_all表
2025-03-05 17:16:55 [Douban2.pipelines] INFO: 成功读取表 movies_douban1，数据量: 85
2025-03-05 17:16:55 [Douban2.pipelines] INFO: 成功读取表 movies_douban2，数据量: 92
2025-03-05 17:16:55 [Douban2.pipelines] INFO: 成功读取表 movies_douban3，数据量: 87
2025-03-05 17:16:55 [Douban2.pipelines] INFO: 合并后的总数据量: 203
2025-03-05 17:16:55 [Douban2.pipelines] INFO: 已保存汇总Excel文件: output/豆瓣Top250_汇总_20250305_171655.xlsx
2025-03-05 17:16:55 [Douban2.pipelines] INFO: 已保存汇总数据到SQLite表: movies_all
2025-03-05 17:16:55 [Douban2.pipelines] INFO: 已创建SQLite视图: movies_summary
2025-03-05 17:16:55 [Douban2.pipelines] INFO: 已保存汇总Parquet文件: output/parquet/movies_all_20250305_171655.parquet
2025-03-05 17:16:55 [Douban2.pipelines] INFO: 已更新汇总统计信息: output/crawl_summary.txt
2025-03-05 17:16:55 [scrapy.core.engine] INFO: Closing spider (数据保存完成，关闭爬虫)
2025-03-05 17:16:55 [douban2] INFO: 爬虫已关闭
2025-03-05 17:16:55 [douban2] INFO: 爬虫已关闭
2025-03-05 17:16:55 [Douban2.middlewares] INFO: 
代理使用统计:
2025-03-05 17:16:55 [Douban2.middlewares] INFO: 总请求数: 94
2025-03-05 17:16:55 [Douban2.middlewares] INFO: 成功请求: 94
2025-03-05 17:16:55 [Douban2.middlewares] INFO: 失败请求: 0
2025-03-05 17:16:55 [Douban2.middlewares] INFO: 重试次数: 0
2025-03-05 17:16:55 [Douban2.middlewares] INFO: 成功率: 100.00%
2025-03-05 17:16:55 [Douban2.middlewares] INFO: 
代理池统计:
2025-03-05 17:16:55 [Douban2.middlewares] INFO: 可用代理数: 2
2025-03-05 17:16:55 [Douban2.middlewares] INFO: 失败代理数: 0
2025-03-05 17:16:55 [Douban2.middlewares] INFO: 总请求数: 657
2025-03-05 17:16:55 [scrapy.statscollectors] INFO: Dumping Scrapy stats:
{'downloader/request_bytes': 118657,
 'downloader/request_count': 94,
 'downloader/request_method_count/GET': 94,
 'downloader/response_bytes': 2176996,
 'downloader/response_count': 94,
 'downloader/response_status_count/200': 81,
 'downloader/response_status_count/302': 13,
 'elapsed_time_seconds': 227.535751,
 'finish_reason': '数据保存完成，关闭爬虫',
 'finish_time': datetime.datetime(2025, 3, 5, 9, 16, 55, 829181, tzinfo=datetime.timezone.utc),
 'httpcompression/response_bytes': 9693390,
 'httpcompression/response_count': 81,
 'item_scraped_count': 92,
 'items_per_minute': None,
 'log_count/INFO': 523,
 'request_depth_max': 1,
 'response_received_count': 94,
 'responses_per_minute': None,
 'scheduler/dequeued/redis': 94,
 'scheduler/enqueued/redis': 52,
 'start_time': datetime.datetime(2025, 3, 5, 9, 13, 8, 293430, tzinfo=datetime.timezone.utc)}
2025-03-05 17:16:55 [scrapy.core.engine] INFO: Spider closed (数据保存完成，关闭爬虫)
