=== 日志开始于 2025-03-05 17:13:10 ===
2025-03-05 17:13:10 [Douban2.pipelines] INFO: 已清空日志文件: logs\spider_douban3.log
2025-03-05 17:13:10 [Douban2.pipelines] INFO: Redis连接初始化成功
2025-03-05 17:13:10 [data_storage] INFO: SQLite数据库初始化成功
2025-03-05 17:13:10 [Douban2.pipelines] INFO: 数据存储模块初始化成功
2025-03-05 17:13:10 [scrapy.middleware] INFO: Enabled item pipelines:
['Douban2.pipelines.Douban2Pipeline']
2025-03-05 17:13:10 [scrapy.core.engine] INFO: Spider opened
2025-03-05 17:13:10 [douban2] INFO: 爬虫开始运行
2025-03-05 17:13:10 [scrapy.extensions.logstats] INFO: Crawled 0 pages (at 0 pages/min), scraped 0 items (at 0 items/min)
2025-03-05 17:13:10 [scrapy.extensions.telnet] INFO: Telnet console listening on 127.0.0.1:6025
2025-03-05 17:13:17 [scrapy.extensions.throttle] INFO: slot: http://wvR6upmH4hiV9OSo:80kOlNDhuUFnLpJ3_country-cn@geo.iproyal.com:12321 | conc: 2 | delay: 2288 ms (-711) | latency: 3152 ms | size: 26111 bytes
2025-03-05 17:13:18 [scrapy.extensions.throttle] INFO: slot: http://wvR6upmH4hiV9OSo:80kOlNDhuUFnLpJ3_country-cn@geo.iproyal.com:12321 | conc: 1 | delay: 3566 ms (+1277) | latency: 7132 ms | size: 25384 bytes
2025-03-05 17:13:20 [douban2] INFO: 成功解析电影: 2001太空漫游 (排名: 183)
2025-03-05 17:13:20 [douban2] INFO: Redis存储状态 - 节点movies_douban3: 93条, 全局: 250条
2025-03-05 17:13:20 [Douban2.pipelines] INFO: 当前总采集数量: 296
2025-03-05 17:13:20 [douban2] INFO: 采集进度 - 排名: 183, 当前节点: 1, 总进度: 296/250
2025-03-05 17:13:20 [douban2] INFO: 成功解析电影: 上帝之城 (排名: 176)
2025-03-05 17:13:20 [douban2] INFO: Redis存储状态 - 节点movies_douban3: 94条, 全局: 250条
2025-03-05 17:13:20 [Douban2.pipelines] INFO: 当前总采集数量: 297
2025-03-05 17:13:20 [douban2] INFO: 采集进度 - 排名: 176, 当前节点: 2, 总进度: 297/250
2025-03-05 17:13:23 [scrapy.extensions.throttle] INFO: slot: http://wvR6upmH4hiV9OSo:80kOlNDhuUFnLpJ3_country-cn_streaming-1@geo.iproyal.com:12321 | conc: 2 | delay: 2686 ms (-313) | latency: 4745 ms | size: 25309 bytes
2025-03-05 17:13:25 [douban2] INFO: 成功解析电影: 荒蛮故事 (排名: 198)
2025-03-05 17:13:25 [douban2] INFO: Redis存储状态 - 节点movies_douban3: 95条, 全局: 250条
2025-03-05 17:13:25 [Douban2.pipelines] INFO: 当前总采集数量: 303
2025-03-05 17:13:25 [douban2] INFO: 采集进度 - 排名: 198, 当前节点: 3, 总进度: 303/250
2025-03-05 17:13:26 [scrapy.extensions.throttle] INFO: slot: http://wvR6upmH4hiV9OSo:80kOlNDhuUFnLpJ3_country-cn_streaming-1@geo.iproyal.com:12321 | conc: 2 | delay: 2544 ms (-141) | latency: 4806 ms | size: 27416 bytes
2025-03-05 17:13:26 [douban2] INFO: 创建请求: https://movie.douban.com/top250?start=75&filter=
2025-03-05 17:13:28 [scrapy.extensions.throttle] INFO: slot: http://wvR6upmH4hiV9OSo:80kOlNDhuUFnLpJ3_country-cn_streaming-1@geo.iproyal.com:12321 | conc: 1 | delay: 2000 ms (-544) | latency: 2763 ms | size: 27012 bytes
2025-03-05 17:13:28 [douban2] INFO: 创建请求: https://movie.douban.com/top250?start=50&filter=
2025-03-05 17:13:28 [douban2] INFO: 成功解析电影: 背靠背，脸对脸 (排名: 165)
2025-03-05 17:13:28 [douban2] INFO: Redis存储状态 - 节点movies_douban3: 96条, 全局: 250条
2025-03-05 17:13:28 [Douban2.pipelines] INFO: 当前总采集数量: 304
2025-03-05 17:13:28 [douban2] INFO: 采集进度 - 排名: 165, 当前节点: 4, 总进度: 304/250
2025-03-05 17:13:29 [scrapy.extensions.throttle] INFO: slot: http://wvR6upmH4hiV9OSo:80kOlNDhuUFnLpJ3_country-cn@geo.iproyal.com:12321 | conc: 1 | delay: 2145 ms (-1420) | latency: 1449 ms | size: 10874 bytes
2025-03-05 17:13:29 [douban2] INFO: 成功解析电影: 黑客帝国3：矩阵革命 (排名: 164)
2025-03-05 17:13:29 [douban2] INFO: Redis存储状态 - 节点movies_douban3: 96条, 全局: 250条
2025-03-05 17:13:29 [Douban2.pipelines] INFO: 当前总采集数量: 305
2025-03-05 17:13:29 [douban2] INFO: 采集进度 - 排名: 164, 当前节点: 5, 总进度: 305/250
2025-03-05 17:13:29 [douban2] INFO: 开始解析页面: https://movie.douban.com/top250?start=75&filter=
2025-03-05 17:13:29 [douban2] INFO: 找到 25 个电影条目
2025-03-05 17:13:32 [scrapy.extensions.throttle] INFO: slot: http://wvR6upmH4hiV9OSo:80kOlNDhuUFnLpJ3_country-cn@geo.iproyal.com:12321 | conc: 1 | delay: 2000 ms (-145) | latency:  989 ms | size: 10945 bytes
2025-03-05 17:13:33 [douban2] INFO: 开始解析页面: https://movie.douban.com/top250?start=50&filter=
2025-03-05 17:13:33 [douban2] INFO: 找到 25 个电影条目
2025-03-05 17:13:35 [scrapy.extensions.throttle] INFO: slot: http://wvR6upmH4hiV9OSo:80kOlNDhuUFnLpJ3_country-cn@geo.iproyal.com:12321 | conc: 1 | delay: 2000 ms (+0) | latency: 1497 ms | size: 27099 bytes
2025-03-05 17:13:36 [scrapy.extensions.throttle] INFO: slot: http://wvR6upmH4hiV9OSo:80kOlNDhuUFnLpJ3_country-cn_streaming-1@geo.iproyal.com:12321 | conc: 1 | delay: 2000 ms (+0) | latency: 1403 ms | size: 27695 bytes
2025-03-05 17:13:38 [douban2] INFO: 成功解析电影: 禁闭岛 (排名: 82)
2025-03-05 17:13:38 [douban2] INFO: Redis存储状态 - 节点movies_douban3: 97条, 全局: 250条
2025-03-05 17:13:38 [Douban2.pipelines] INFO: 当前总采集数量: 310
2025-03-05 17:13:38 [douban2] INFO: 采集进度 - 排名: 82, 当前节点: 6, 总进度: 310/250
2025-03-05 17:13:38 [douban2] INFO: 成功解析电影: 超脱 (排名: 86)
2025-03-05 17:13:38 [douban2] INFO: Redis存储状态 - 节点movies_douban3: 97条, 全局: 250条
2025-03-05 17:13:38 [Douban2.pipelines] INFO: 当前总采集数量: 310
2025-03-05 17:13:38 [douban2] INFO: 采集进度 - 排名: 86, 当前节点: 7, 总进度: 310/250
2025-03-05 17:13:39 [scrapy.extensions.throttle] INFO: slot: http://wvR6upmH4hiV9OSo:80kOlNDhuUFnLpJ3_country-cn_streaming-1@geo.iproyal.com:12321 | conc: 1 | delay: 2000 ms (+0) | latency: 2923 ms | size: 24740 bytes
2025-03-05 17:13:41 [scrapy.extensions.throttle] INFO: slot: http://wvR6upmH4hiV9OSo:80kOlNDhuUFnLpJ3_country-cn@geo.iproyal.com:12321 | conc: 1 | delay: 2000 ms (+0) | latency: 2967 ms | size: 25018 bytes
2025-03-05 17:13:42 [douban2] INFO: 成功解析电影: 素媛 (排名: 38)
2025-03-05 17:13:42 [douban2] INFO: Redis存储状态 - 节点movies_douban3: 97条, 全局: 250条
2025-03-05 17:13:42 [Douban2.pipelines] INFO: 当前总采集数量: 311
2025-03-05 17:13:42 [douban2] INFO: 采集进度 - 排名: 38, 当前节点: 8, 总进度: 311/250
2025-03-05 17:13:42 [douban2] INFO: 成功解析电影: 饮食男女 (排名: 61)
2025-03-05 17:13:42 [douban2] INFO: Redis存储状态 - 节点movies_douban3: 98条, 全局: 250条
2025-03-05 17:13:42 [Douban2.pipelines] INFO: 当前总采集数量: 312
2025-03-05 17:13:42 [douban2] INFO: 采集进度 - 排名: 61, 当前节点: 9, 总进度: 312/250
2025-03-05 17:13:44 [scrapy.extensions.throttle] INFO: slot: http://wvR6upmH4hiV9OSo:80kOlNDhuUFnLpJ3_country-cn_streaming-1@geo.iproyal.com:12321 | conc: 1 | delay: 2000 ms (+0) | latency: 2890 ms | size: 24127 bytes
2025-03-05 17:13:45 [scrapy.extensions.throttle] INFO: slot: http://wvR6upmH4hiV9OSo:80kOlNDhuUFnLpJ3_country-cn@geo.iproyal.com:12321 | conc: 1 | delay: 2000 ms (+0) | latency: 1376 ms | size: 26144 bytes
2025-03-05 17:13:47 [douban2] INFO: 成功解析电影: 鬼子来了 (排名: 44)
2025-03-05 17:13:47 [douban2] INFO: Redis存储状态 - 节点movies_douban3: 98条, 全局: 250条
2025-03-05 17:13:47 [Douban2.pipelines] INFO: 当前总采集数量: 312
2025-03-05 17:13:47 [douban2] INFO: 采集进度 - 排名: 44, 当前节点: 10, 总进度: 312/250
2025-03-05 17:13:47 [douban2] INFO: 成功解析电影: 致命ID (排名: 90)
2025-03-05 17:13:47 [douban2] INFO: Redis存储状态 - 节点movies_douban3: 99条, 全局: 250条
2025-03-05 17:13:47 [Douban2.pipelines] INFO: 当前总采集数量: 313
2025-03-05 17:13:47 [douban2] INFO: 采集进度 - 排名: 90, 当前节点: 11, 总进度: 313/250
2025-03-05 17:13:48 [scrapy.extensions.throttle] INFO: slot: http://wvR6upmH4hiV9OSo:80kOlNDhuUFnLpJ3_country-cn_streaming-1@geo.iproyal.com:12321 | conc: 2 | delay: 2000 ms (+0) | latency: 3056 ms | size: 26804 bytes
2025-03-05 17:13:50 [scrapy.extensions.throttle] INFO: slot: http://wvR6upmH4hiV9OSo:80kOlNDhuUFnLpJ3_country-cn_streaming-1@geo.iproyal.com:12321 | conc: 1 | delay: 2000 ms (+0) | latency: 2899 ms | size: 25663 bytes
2025-03-05 17:13:51 [douban2] INFO: 成功解析电影: 杀人回忆 (排名: 92)
2025-03-05 17:13:51 [douban2] INFO: Redis存储状态 - 节点movies_douban3: 99条, 全局: 250条
2025-03-05 17:13:51 [Douban2.pipelines] INFO: 当前总采集数量: 317
2025-03-05 17:13:51 [douban2] INFO: 采集进度 - 排名: 92, 当前节点: 12, 总进度: 317/250
2025-03-05 17:13:51 [douban2] INFO: 成功解析电影: 大闹天宫 (排名: 53)
2025-03-05 17:13:51 [douban2] INFO: Redis存储状态 - 节点movies_douban3: 99条, 全局: 250条
2025-03-05 17:13:51 [Douban2.pipelines] INFO: 当前总采集数量: 317
2025-03-05 17:13:51 [douban2] INFO: 采集进度 - 排名: 53, 当前节点: 13, 总进度: 317/250
2025-03-05 17:13:53 [scrapy.extensions.throttle] INFO: slot: http://wvR6upmH4hiV9OSo:80kOlNDhuUFnLpJ3_country-cn_streaming-1@geo.iproyal.com:12321 | conc: 1 | delay: 2000 ms (+0) | latency: 1491 ms | size: 27678 bytes
2025-03-05 17:13:55 [scrapy.extensions.throttle] INFO: slot: http://wvR6upmH4hiV9OSo:80kOlNDhuUFnLpJ3_country-cn@geo.iproyal.com:12321 | conc: 2 | delay: 2367 ms (+367) | latency: 4734 ms | size: 26719 bytes
2025-03-05 17:13:56 [douban2] INFO: 成功解析电影: 摩登时代 (排名: 87)
2025-03-05 17:13:56 [douban2] INFO: Redis存储状态 - 节点movies_douban3: 99条, 全局: 250条
2025-03-05 17:13:56 [Douban2.pipelines] INFO: 当前总采集数量: 319
2025-03-05 17:13:56 [douban2] INFO: 采集进度 - 排名: 87, 当前节点: 14, 总进度: 319/250
2025-03-05 17:13:56 [douban2] INFO: 成功解析电影: 罗马假日 (排名: 55)
2025-03-05 17:13:56 [douban2] INFO: Redis存储状态 - 节点movies_douban3: 100条, 全局: 250条
2025-03-05 17:13:56 [Douban2.pipelines] INFO: 当前总采集数量: 320
2025-03-05 17:13:56 [douban2] INFO: 采集进度 - 排名: 55, 当前节点: 15, 总进度: 320/250
2025-03-05 17:13:58 [scrapy.extensions.throttle] INFO: slot: http://wvR6upmH4hiV9OSo:80kOlNDhuUFnLpJ3_country-cn@geo.iproyal.com:12321 | conc: 2 | delay: 2008 ms (-358) | latency: 3301 ms | size: 26279 bytes
2025-03-05 17:13:59 [douban2] INFO: 成功解析电影: 让子弹飞 (排名: 36)
2025-03-05 17:13:59 [douban2] INFO: Redis存储状态 - 节点movies_douban3: 101条, 全局: 250条
2025-03-05 17:13:59 [Douban2.pipelines] INFO: 当前总采集数量: 323
2025-03-05 17:13:59 [douban2] INFO: 采集进度 - 排名: 36, 当前节点: 16, 总进度: 323/250
2025-03-05 17:13:59 [scrapy.extensions.throttle] INFO: slot: http://wvR6upmH4hiV9OSo:80kOlNDhuUFnLpJ3_country-cn@geo.iproyal.com:12321 | conc: 1 | delay: 2000 ms (-8) | latency: 1637 ms | size: 26975 bytes
2025-03-05 17:14:01 [douban2] INFO: 成功解析电影: 心灵捕手 (排名: 84)
2025-03-05 17:14:01 [douban2] INFO: Redis存储状态 - 节点movies_douban3: 102条, 全局: 250条
2025-03-05 17:14:01 [Douban2.pipelines] INFO: 当前总采集数量: 326
2025-03-05 17:14:01 [douban2] INFO: 采集进度 - 排名: 84, 当前节点: 17, 总进度: 326/250
2025-03-05 17:14:03 [scrapy.extensions.throttle] INFO: slot: http://wvR6upmH4hiV9OSo:80kOlNDhuUFnLpJ3_country-cn@geo.iproyal.com:12321 | conc: 1 | delay: 2000 ms (+0) | latency: 1378 ms | size: 26678 bytes
2025-03-05 17:14:04 [douban2] INFO: 成功解析电影: 致命魔术 (排名: 83)
2025-03-05 17:14:04 [douban2] INFO: Redis存储状态 - 节点movies_douban3: 102条, 全局: 250条
2025-03-05 17:14:04 [Douban2.pipelines] INFO: 当前总采集数量: 326
2025-03-05 17:14:04 [douban2] INFO: 采集进度 - 排名: 83, 当前节点: 18, 总进度: 326/250
2025-03-05 17:14:06 [scrapy.extensions.throttle] INFO: slot: http://wvR6upmH4hiV9OSo:80kOlNDhuUFnLpJ3_country-cn@geo.iproyal.com:12321 | conc: 2 | delay: 2000 ms (+0) | latency: 1917 ms | size: 27870 bytes
2025-03-05 17:14:07 [douban2] INFO: 成功解析电影: 美国往事 (排名: 94)
2025-03-05 17:14:07 [douban2] INFO: Redis存储状态 - 节点movies_douban3: 103条, 全局: 250条
2025-03-05 17:14:08 [Douban2.pipelines] INFO: 当前总采集数量: 328
2025-03-05 17:14:08 [douban2] INFO: 采集进度 - 排名: 94, 当前节点: 19, 总进度: 328/250
2025-03-05 17:14:08 [scrapy.extensions.throttle] INFO: slot: http://wvR6upmH4hiV9OSo:80kOlNDhuUFnLpJ3_country-cn@geo.iproyal.com:12321 | conc: 1 | delay: 2000 ms (+0) | latency: 1778 ms | size: 27159 bytes
2025-03-05 17:14:09 [douban2] INFO: 成功解析电影: 怦然心动 (排名: 29)
2025-03-05 17:14:09 [douban2] INFO: Redis存储状态 - 节点movies_douban3: 104条, 全局: 250条
2025-03-05 17:14:09 [Douban2.pipelines] INFO: 当前总采集数量: 329
2025-03-05 17:14:09 [douban2] INFO: 采集进度 - 排名: 29, 当前节点: 20, 总进度: 329/250
2025-03-05 17:14:10 [scrapy.extensions.logstats] INFO: Crawled 22 pages (at 22 pages/min), scraped 20 items (at 20 items/min)
2025-03-05 17:14:12 [scrapy.extensions.throttle] INFO: slot: http://wvR6upmH4hiV9OSo:80kOlNDhuUFnLpJ3_country-cn@geo.iproyal.com:12321 | conc: 2 | delay: 2000 ms (+0) | latency: 2870 ms | size: 27941 bytes
2025-03-05 17:14:14 [scrapy.extensions.throttle] INFO: slot: http://wvR6upmH4hiV9OSo:80kOlNDhuUFnLpJ3_country-cn@geo.iproyal.com:12321 | conc: 1 | delay: 2000 ms (+0) | latency: 2333 ms | size: 26852 bytes
2025-03-05 17:14:15 [douban2] INFO: 成功解析电影: 我不是药神 (排名: 33)
2025-03-05 17:14:15 [douban2] INFO: Redis存储状态 - 节点movies_douban3: 105条, 全局: 250条
2025-03-05 17:14:15 [Douban2.pipelines] INFO: 当前总采集数量: 332
2025-03-05 17:14:15 [douban2] INFO: 采集进度 - 排名: 33, 当前节点: 21, 总进度: 332/250
2025-03-05 17:14:15 [douban2] INFO: 成功解析电影: 搏击俱乐部 (排名: 62)
2025-03-05 17:14:15 [douban2] INFO: Redis存储状态 - 节点movies_douban3: 106条, 全局: 250条
2025-03-05 17:14:15 [Douban2.pipelines] INFO: 当前总采集数量: 333
2025-03-05 17:14:15 [douban2] INFO: 采集进度 - 排名: 62, 当前节点: 22, 总进度: 333/250
2025-03-05 17:14:17 [scrapy.extensions.throttle] INFO: slot: http://wvR6upmH4hiV9OSo:80kOlNDhuUFnLpJ3_country-cn_streaming-1@geo.iproyal.com:12321 | conc: 1 | delay: 2000 ms (+0) | latency: 3409 ms | size: 27187 bytes
2025-03-05 17:14:19 [scrapy.extensions.throttle] INFO: slot: http://wvR6upmH4hiV9OSo:80kOlNDhuUFnLpJ3_country-cn@geo.iproyal.com:12321 | conc: 1 | delay: 2000 ms (+0) | latency: 1738 ms | size: 26554 bytes
2025-03-05 17:14:20 [douban2] INFO: 成功解析电影: 飞屋环游记 (排名: 35)
2025-03-05 17:14:20 [douban2] INFO: Redis存储状态 - 节点movies_douban3: 107条, 全局: 250条
2025-03-05 17:14:20 [Douban2.pipelines] INFO: 当前总采集数量: 338
2025-03-05 17:14:20 [douban2] INFO: 采集进度 - 排名: 35, 当前节点: 23, 总进度: 338/250
2025-03-05 17:14:20 [douban2] INFO: 成功解析电影: 窃听风暴 (排名: 67)
2025-03-05 17:14:20 [douban2] INFO: Redis存储状态 - 节点movies_douban3: 107条, 全局: 250条
2025-03-05 17:14:20 [Douban2.pipelines] INFO: 当前总采集数量: 338
2025-03-05 17:14:20 [douban2] INFO: 采集进度 - 排名: 67, 当前节点: 24, 总进度: 338/250
2025-03-05 17:14:21 [scrapy.extensions.throttle] INFO: slot: http://wvR6upmH4hiV9OSo:80kOlNDhuUFnLpJ3_country-cn@geo.iproyal.com:12321 | conc: 1 | delay: 2000 ms (+0) | latency: 1316 ms | size: 27326 bytes
2025-03-05 17:14:23 [scrapy.extensions.throttle] INFO: slot: http://wvR6upmH4hiV9OSo:80kOlNDhuUFnLpJ3_country-cn_streaming-1@geo.iproyal.com:12321 | conc: 1 | delay: 2133 ms (+133) | latency: 4267 ms | size: 27958 bytes
2025-03-05 17:14:24 [douban2] INFO: 成功解析电影: 本杰明·巴顿奇事 (排名: 63)
2025-03-05 17:14:24 [douban2] INFO: Redis存储状态 - 节点movies_douban3: 108条, 全局: 250条
2025-03-05 17:14:24 [Douban2.pipelines] INFO: 当前总采集数量: 342
2025-03-05 17:14:24 [douban2] INFO: 采集进度 - 排名: 63, 当前节点: 25, 总进度: 342/250
2025-03-05 17:14:24 [douban2] INFO: 成功解析电影: 哈尔的移动城堡 (排名: 37)
2025-03-05 17:14:24 [douban2] INFO: Redis存储状态 - 节点movies_douban3: 109条, 全局: 250条
2025-03-05 17:14:24 [Douban2.pipelines] INFO: 当前总采集数量: 343
2025-03-05 17:14:24 [douban2] INFO: 采集进度 - 排名: 37, 当前节点: 26, 总进度: 343/250
2025-03-05 17:14:26 [scrapy.extensions.throttle] INFO: slot: http://wvR6upmH4hiV9OSo:80kOlNDhuUFnLpJ3_country-cn@geo.iproyal.com:12321 | conc: 1 | delay: 2000 ms (+0) | latency: 1919 ms | size: 26722 bytes
2025-03-05 17:14:28 [scrapy.extensions.throttle] INFO: slot: http://wvR6upmH4hiV9OSo:80kOlNDhuUFnLpJ3_country-cn_streaming-1@geo.iproyal.com:12321 | conc: 1 | delay: 2000 ms (-133) | latency: 3406 ms | size: 29938 bytes
2025-03-05 17:14:29 [douban2] INFO: 成功解析电影: 看不见的客人 (排名: 74)
2025-03-05 17:14:29 [douban2] INFO: Redis存储状态 - 节点movies_douban3: 109条, 全局: 250条
2025-03-05 17:14:29 [Douban2.pipelines] INFO: 当前总采集数量: 345
2025-03-05 17:14:29 [douban2] INFO: 采集进度 - 排名: 74, 当前节点: 27, 总进度: 345/250
2025-03-05 17:14:29 [douban2] INFO: 成功解析电影: 指环王3：王者无敌 (排名: 32)
2025-03-05 17:14:29 [douban2] INFO: Redis存储状态 - 节点movies_douban3: 109条, 全局: 250条
2025-03-05 17:14:29 [Douban2.pipelines] INFO: 当前总采集数量: 345
2025-03-05 17:14:29 [douban2] INFO: 采集进度 - 排名: 32, 当前节点: 28, 总进度: 345/250
2025-03-05 17:14:31 [scrapy.extensions.throttle] INFO: slot: http://wvR6upmH4hiV9OSo:80kOlNDhuUFnLpJ3_country-cn_streaming-1@geo.iproyal.com:12321 | conc: 1 | delay: 2000 ms (+0) | latency: 2816 ms | size: 25416 bytes
2025-03-05 17:14:32 [scrapy.extensions.throttle] INFO: slot: http://wvR6upmH4hiV9OSo:80kOlNDhuUFnLpJ3_country-cn@geo.iproyal.com:12321 | conc: 1 | delay: 2000 ms (+0) | latency: 2821 ms | size: 28835 bytes
2025-03-05 17:14:34 [douban2] INFO: 成功解析电影: 大话西游之月光宝盒 (排名: 48)
2025-03-05 17:14:34 [douban2] INFO: Redis存储状态 - 节点movies_douban3: 109条, 全局: 250条
2025-03-05 17:14:34 [Douban2.pipelines] INFO: 当前总采集数量: 346
2025-03-05 17:14:34 [douban2] INFO: 采集进度 - 排名: 48, 当前节点: 29, 总进度: 346/250
2025-03-05 17:14:34 [douban2] INFO: 成功解析电影: 蝙蝠侠：黑暗骑士 (排名: 31)
2025-03-05 17:14:34 [douban2] INFO: Redis存储状态 - 节点movies_douban3: 109条, 全局: 250条
2025-03-05 17:14:34 [Douban2.pipelines] INFO: 当前总采集数量: 346
2025-03-05 17:14:34 [douban2] INFO: 采集进度 - 排名: 31, 当前节点: 30, 总进度: 346/250
2025-03-05 17:14:36 [scrapy.extensions.throttle] INFO: slot: http://wvR6upmH4hiV9OSo:80kOlNDhuUFnLpJ3_country-cn@geo.iproyal.com:12321 | conc: 2 | delay: 2000 ms (+0) | latency: 3137 ms | size: 25214 bytes
2025-03-05 17:14:37 [scrapy.extensions.throttle] INFO: slot: http://wvR6upmH4hiV9OSo:80kOlNDhuUFnLpJ3_country-cn@geo.iproyal.com:12321 | conc: 1 | delay: 2000 ms (+0) | latency: 2621 ms | size: 25715 bytes
2025-03-05 17:14:39 [douban2] INFO: 成功解析电影: 喜宴 (排名: 151)
2025-03-05 17:14:39 [douban2] INFO: Redis存储状态 - 节点movies_douban3: 110条, 全局: 250条
2025-03-05 17:14:39 [Douban2.pipelines] INFO: 当前总采集数量: 350
2025-03-05 17:14:39 [douban2] INFO: 采集进度 - 排名: 151, 当前节点: 31, 总进度: 350/250
2025-03-05 17:14:39 [douban2] INFO: 成功解析电影: 我是山姆 (排名: 159)
2025-03-05 17:14:39 [douban2] INFO: Redis存储状态 - 节点movies_douban3: 111条, 全局: 250条
2025-03-05 17:14:39 [Douban2.pipelines] INFO: 当前总采集数量: 351
2025-03-05 17:14:39 [douban2] INFO: 采集进度 - 排名: 159, 当前节点: 32, 总进度: 351/250
2025-03-05 17:14:40 [scrapy.extensions.throttle] INFO: slot: http://wvR6upmH4hiV9OSo:80kOlNDhuUFnLpJ3_country-cn_streaming-1@geo.iproyal.com:12321 | conc: 2 | delay: 2000 ms (+0) | latency: 2964 ms | size: 26876 bytes
2025-03-05 17:14:42 [douban2] INFO: 成功解析电影: 心迷宫 (排名: 181)
2025-03-05 17:14:42 [douban2] INFO: Redis存储状态 - 节点movies_douban3: 112条, 全局: 250条
2025-03-05 17:14:42 [Douban2.pipelines] INFO: 当前总采集数量: 355
2025-03-05 17:14:42 [douban2] INFO: 采集进度 - 排名: 181, 当前节点: 33, 总进度: 355/250
2025-03-05 17:14:42 [scrapy.extensions.throttle] INFO: slot: http://wvR6upmH4hiV9OSo:80kOlNDhuUFnLpJ3_country-cn_streaming-1@geo.iproyal.com:12321 | conc: 1 | delay: 2000 ms (+0) | latency: 2054 ms | size: 27304 bytes
2025-03-05 17:14:43 [scrapy.extensions.throttle] INFO: slot: http://wvR6upmH4hiV9OSo:80kOlNDhuUFnLpJ3_country-cn@geo.iproyal.com:12321 | conc: 1 | delay: 2000 ms (+0) | latency: 1782 ms | size: 26870 bytes
2025-03-05 17:14:45 [douban2] INFO: 成功解析电影: 小丑 (排名: 168)
2025-03-05 17:14:45 [douban2] INFO: Redis存储状态 - 节点movies_douban3: 113条, 全局: 250条
2025-03-05 17:14:45 [Douban2.pipelines] INFO: 当前总采集数量: 357
2025-03-05 17:14:45 [douban2] INFO: 采集进度 - 排名: 168, 当前节点: 34, 总进度: 357/250
2025-03-05 17:14:45 [douban2] INFO: 成功解析电影: 东京教父 (排名: 194)
2025-03-05 17:14:45 [douban2] INFO: Redis存储状态 - 节点movies_douban3: 113条, 全局: 250条
2025-03-05 17:14:45 [Douban2.pipelines] INFO: 当前总采集数量: 357
2025-03-05 17:14:45 [douban2] INFO: 采集进度 - 排名: 194, 当前节点: 35, 总进度: 357/250
2025-03-05 17:14:46 [scrapy.extensions.throttle] INFO: slot: http://wvR6upmH4hiV9OSo:80kOlNDhuUFnLpJ3_country-cn_streaming-1@geo.iproyal.com:12321 | conc: 1 | delay: 2000 ms (+0) | latency: 1637 ms | size: 27016 bytes
2025-03-05 17:14:48 [scrapy.extensions.throttle] INFO: slot: http://wvR6upmH4hiV9OSo:80kOlNDhuUFnLpJ3_country-cn@geo.iproyal.com:12321 | conc: 1 | delay: 2000 ms (+0) | latency: 3113 ms | size: 25127 bytes
2025-03-05 17:14:49 [douban2] INFO: 成功解析电影: 谍影重重3 (排名: 171)
2025-03-05 17:14:49 [douban2] INFO: Redis存储状态 - 节点movies_douban3: 113条, 全局: 250条
2025-03-05 17:14:49 [Douban2.pipelines] INFO: 当前总采集数量: 361
2025-03-05 17:14:49 [douban2] INFO: 采集进度 - 排名: 171, 当前节点: 36, 总进度: 361/250
2025-03-05 17:14:49 [douban2] INFO: 成功解析电影: 末路狂花 (排名: 188)
2025-03-05 17:14:49 [douban2] INFO: Redis存储状态 - 节点movies_douban3: 114条, 全局: 250条
2025-03-05 17:14:49 [Douban2.pipelines] INFO: 当前总采集数量: 362
2025-03-05 17:14:49 [douban2] INFO: 采集进度 - 排名: 188, 当前节点: 37, 总进度: 362/250
2025-03-05 17:14:51 [scrapy.extensions.throttle] INFO: slot: http://wvR6upmH4hiV9OSo:80kOlNDhuUFnLpJ3_country-cn_streaming-1@geo.iproyal.com:12321 | conc: 1 | delay: 2000 ms (+0) | latency: 1437 ms | size: 27223 bytes
2025-03-05 17:14:52 [scrapy.extensions.throttle] INFO: slot: http://wvR6upmH4hiV9OSo:80kOlNDhuUFnLpJ3_country-cn@geo.iproyal.com:12321 | conc: 1 | delay: 2185 ms (+185) | latency: 4370 ms | size: 27225 bytes
2025-03-05 17:14:54 [douban2] INFO: 成功解析电影: 遗愿清单 (排名: 199)
2025-03-05 17:14:54 [douban2] INFO: Redis存储状态 - 节点movies_douban3: 114条, 全局: 250条
2025-03-05 17:14:54 [Douban2.pipelines] INFO: 当前总采集数量: 362
2025-03-05 17:14:54 [douban2] INFO: 采集进度 - 排名: 199, 当前节点: 38, 总进度: 362/250
2025-03-05 17:14:54 [douban2] INFO: 成功解析电影: 你的名字。 (排名: 161)
2025-03-05 17:14:54 [douban2] INFO: Redis存储状态 - 节点movies_douban3: 114条, 全局: 250条
2025-03-05 17:14:54 [Douban2.pipelines] INFO: 当前总采集数量: 362
2025-03-05 17:14:54 [douban2] INFO: 采集进度 - 排名: 161, 当前节点: 39, 总进度: 362/250
2025-03-05 17:14:55 [scrapy.extensions.throttle] INFO: slot: http://wvR6upmH4hiV9OSo:80kOlNDhuUFnLpJ3_country-cn@geo.iproyal.com:12321 | conc: 2 | delay: 2000 ms (-185) | latency: 3090 ms | size: 26698 bytes
2025-03-05 17:14:57 [scrapy.extensions.throttle] INFO: slot: http://wvR6upmH4hiV9OSo:80kOlNDhuUFnLpJ3_country-cn@geo.iproyal.com:12321 | conc: 1 | delay: 2000 ms (+0) | latency: 2378 ms | size: 26248 bytes
2025-03-05 17:14:58 [douban2] INFO: 成功解析电影: 海街日记 (排名: 177)
2025-03-05 17:14:58 [douban2] INFO: Redis存储状态 - 节点movies_douban3: 114条, 全局: 250条
2025-03-05 17:14:58 [Douban2.pipelines] INFO: 当前总采集数量: 363
2025-03-05 17:14:58 [douban2] INFO: 采集进度 - 排名: 177, 当前节点: 40, 总进度: 363/250
2025-03-05 17:14:58 [douban2] INFO: 成功解析电影: 卢旺达饭店 (排名: 186)
2025-03-05 17:14:58 [douban2] INFO: Redis存储状态 - 节点movies_douban3: 115条, 全局: 250条
2025-03-05 17:14:58 [Douban2.pipelines] INFO: 当前总采集数量: 364
2025-03-05 17:14:58 [douban2] INFO: 采集进度 - 排名: 186, 当前节点: 41, 总进度: 364/250
2025-03-05 17:15:00 [scrapy.extensions.throttle] INFO: slot: http://wvR6upmH4hiV9OSo:80kOlNDhuUFnLpJ3_country-cn_streaming-1@geo.iproyal.com:12321 | conc: 1 | delay: 2000 ms (+0) | latency: 2847 ms | size: 27092 bytes
2025-03-05 17:15:01 [scrapy.extensions.throttle] INFO: slot: http://wvR6upmH4hiV9OSo:80kOlNDhuUFnLpJ3_country-cn@geo.iproyal.com:12321 | conc: 1 | delay: 2000 ms (+0) | latency: 2935 ms | size: 25394 bytes
2025-03-05 17:15:03 [douban2] INFO: 成功解析电影: 疯狂原始人 (排名: 172)
2025-03-05 17:15:03 [douban2] INFO: Redis存储状态 - 节点movies_douban3: 115条, 全局: 250条
2025-03-05 17:15:03 [Douban2.pipelines] INFO: 当前总采集数量: 366
2025-03-05 17:15:03 [douban2] INFO: 采集进度 - 排名: 172, 当前节点: 42, 总进度: 366/250
2025-03-05 17:15:03 [douban2] INFO: 成功解析电影: 上帝之城 (排名: 176)
2025-03-05 17:15:03 [douban2] INFO: Redis存储状态 - 节点movies_douban3: 115条, 全局: 250条
2025-03-05 17:15:03 [Douban2.pipelines] INFO: 当前总采集数量: 366
2025-03-05 17:15:03 [douban2] INFO: 采集进度 - 排名: 176, 当前节点: 43, 总进度: 366/250
2025-03-05 17:15:04 [scrapy.extensions.throttle] INFO: slot: http://wvR6upmH4hiV9OSo:80kOlNDhuUFnLpJ3_country-cn_streaming-1@geo.iproyal.com:12321 | conc: 1 | delay: 2000 ms (+0) | latency: 1570 ms | size: 27406 bytes
2025-03-05 17:15:06 [scrapy.extensions.throttle] INFO: slot: http://wvR6upmH4hiV9OSo:80kOlNDhuUFnLpJ3_country-cn@geo.iproyal.com:12321 | conc: 1 | delay: 2253 ms (+253) | latency: 4506 ms | size: 25307 bytes
2025-03-05 17:15:07 [douban2] INFO: 成功解析电影: 背靠背，脸对脸 (排名: 165)
2025-03-05 17:15:07 [douban2] INFO: Redis存储状态 - 节点movies_douban3: 115条, 全局: 250条
2025-03-05 17:15:07 [Douban2.pipelines] INFO: 当前总采集数量: 366
2025-03-05 17:15:07 [douban2] INFO: 采集进度 - 排名: 165, 当前节点: 44, 总进度: 366/250
2025-03-05 17:15:07 [douban2] INFO: 成功解析电影: 荒蛮故事 (排名: 198)
2025-03-05 17:15:07 [douban2] INFO: Redis存储状态 - 节点movies_douban3: 115条, 全局: 250条
2025-03-05 17:15:07 [Douban2.pipelines] INFO: 当前总采集数量: 366
2025-03-05 17:15:07 [douban2] INFO: 采集进度 - 排名: 198, 当前节点: 45, 总进度: 366/250
2025-03-05 17:15:09 [scrapy.extensions.throttle] INFO: slot: http://wvR6upmH4hiV9OSo:80kOlNDhuUFnLpJ3_country-cn@geo.iproyal.com:12321 | conc: 1 | delay: 2000 ms (-253) | latency: 1255 ms | size: 26987 bytes
2025-03-05 17:15:09 [douban2] INFO: 成功解析电影: 黑客帝国3：矩阵革命 (排名: 164)
2025-03-05 17:15:09 [douban2] INFO: Redis存储状态 - 节点movies_douban3: 115条, 全局: 250条
2025-03-05 17:15:09 [Douban2.pipelines] INFO: 当前总采集数量: 367
2025-03-05 17:15:09 [douban2] INFO: 采集进度 - 排名: 164, 当前节点: 46, 总进度: 367/250
2025-03-05 17:15:09 [scrapy.extensions.throttle] INFO: slot: http://wvR6upmH4hiV9OSo:80kOlNDhuUFnLpJ3_country-cn_streaming-1@geo.iproyal.com:12321 | conc: 1 | delay: 2000 ms (+0) | latency: 3064 ms | size: 27063 bytes
2025-03-05 17:15:09 [douban2] INFO: 成功解析电影: 爱在午夜降临前 (排名: 174)
2025-03-05 17:15:09 [douban2] INFO: Redis存储状态 - 节点movies_douban3: 116条, 全局: 250条
2025-03-05 17:15:09 [Douban2.pipelines] INFO: 当前总采集数量: 368
2025-03-05 17:15:09 [douban2] INFO: 采集进度 - 排名: 174, 当前节点: 47, 总进度: 368/250
2025-03-05 17:15:09 [douban2] INFO: 创建请求: https://movie.douban.com/top250?start=125&filter=
2025-03-05 17:15:09 [douban2] INFO: 创建请求: https://movie.douban.com/top250?start=100&filter=
2025-03-05 17:15:09 [douban2] INFO: 爬虫空闲次数: 1
2025-03-05 17:15:09 [douban2] INFO: Redis中剩余请求数: 0
2025-03-05 17:15:09 [douban2] INFO: 当前活跃节点数: 3
2025-03-05 17:15:09 [douban2] INFO: 当前节点已采集数据量: 47
2025-03-05 17:15:09 [douban2] INFO: 当前节点配额: 83
2025-03-05 17:15:11 [scrapy.extensions.logstats] INFO: Crawled 49 pages (at 27 pages/min), scraped 47 items (at 27 items/min)
2025-03-05 17:15:11 [scrapy.extensions.throttle] INFO: slot: http://wvR6upmH4hiV9OSo:80kOlNDhuUFnLpJ3_country-cn_streaming-1@geo.iproyal.com:12321 | conc: 1 | delay: 2000 ms (+0) | latency:  585 ms | size: 11116 bytes
2025-03-05 17:15:14 [douban2] INFO: 开始解析页面: https://movie.douban.com/top250?start=100&filter=
2025-03-05 17:15:14 [douban2] INFO: 找到 25 个电影条目
2025-03-05 17:15:16 [scrapy.extensions.throttle] INFO: slot: http://wvR6upmH4hiV9OSo:80kOlNDhuUFnLpJ3_country-cn@geo.iproyal.com:12321 | conc: 2 | delay: 2000 ms (+0) | latency: 3475 ms | size: 26166 bytes
2025-03-05 17:15:18 [scrapy.extensions.throttle] INFO: slot: http://wvR6upmH4hiV9OSo:80kOlNDhuUFnLpJ3_country-cn@geo.iproyal.com:12321 | conc: 1 | delay: 2000 ms (+0) | latency: 2323 ms | size: 27531 bytes
2025-03-05 17:15:19 [douban2] INFO: 成功解析电影: 霸王别姬 (排名: 2)
2025-03-05 17:15:19 [douban2] INFO: Redis存储状态 - 节点movies_douban3: 116条, 全局: 250条
2025-03-05 17:15:19 [Douban2.pipelines] INFO: 当前总采集数量: 369
2025-03-05 17:15:19 [douban2] INFO: 采集进度 - 排名: 2, 当前节点: 48, 总进度: 369/250
2025-03-05 17:15:19 [douban2] INFO: 成功解析电影: 肖申克的救赎 (排名: 1)
2025-03-05 17:15:19 [douban2] INFO: Redis存储状态 - 节点movies_douban3: 116条, 全局: 250条
2025-03-05 17:15:19 [Douban2.pipelines] INFO: 当前总采集数量: 369
2025-03-05 17:15:19 [douban2] INFO: 采集进度 - 排名: 1, 当前节点: 49, 总进度: 369/250
2025-03-05 17:15:21 [scrapy.extensions.throttle] INFO: slot: http://wvR6upmH4hiV9OSo:80kOlNDhuUFnLpJ3_country-cn_streaming-1@geo.iproyal.com:12321 | conc: 1 | delay: 2000 ms (+0) | latency: 2934 ms | size: 26923 bytes
2025-03-05 17:15:22 [scrapy.extensions.throttle] INFO: slot: http://wvR6upmH4hiV9OSo:80kOlNDhuUFnLpJ3_country-cn@geo.iproyal.com:12321 | conc: 1 | delay: 2000 ms (+0) | latency: 3007 ms | size: 28725 bytes
2025-03-05 17:15:24 [douban2] INFO: 成功解析电影: 教父 (排名: 23)
2025-03-05 17:15:24 [douban2] INFO: Redis存储状态 - 节点movies_douban3: 116条, 全局: 250条
2025-03-05 17:15:24 [Douban2.pipelines] INFO: 当前总采集数量: 371
2025-03-05 17:15:24 [douban2] INFO: 采集进度 - 排名: 23, 当前节点: 50, 总进度: 371/250
2025-03-05 17:15:24 [douban2] INFO: 成功解析电影: 星际穿越 (排名: 8)
2025-03-05 17:15:24 [douban2] INFO: Redis存储状态 - 节点movies_douban3: 117条, 全局: 250条
2025-03-05 17:15:24 [Douban2.pipelines] INFO: 当前总采集数量: 372
2025-03-05 17:15:24 [douban2] INFO: 采集进度 - 排名: 8, 当前节点: 51, 总进度: 372/250
2025-03-05 17:15:25 [scrapy.extensions.throttle] INFO: slot: http://wvR6upmH4hiV9OSo:80kOlNDhuUFnLpJ3_country-cn_streaming-1@geo.iproyal.com:12321 | conc: 1 | delay: 2000 ms (+0) | latency: 2973 ms | size: 27692 bytes
2025-03-05 17:15:27 [scrapy.extensions.throttle] INFO: slot: http://wvR6upmH4hiV9OSo:80kOlNDhuUFnLpJ3_country-cn@geo.iproyal.com:12321 | conc: 1 | delay: 2000 ms (+0) | latency: 3024 ms | size: 28026 bytes
2025-03-05 17:15:28 [douban2] INFO: 成功解析电影: 盗梦空间 (排名: 9)
2025-03-05 17:15:28 [douban2] INFO: Redis存储状态 - 节点movies_douban3: 118条, 全局: 250条
2025-03-05 17:15:28 [Douban2.pipelines] INFO: 当前总采集数量: 374
2025-03-05 17:15:28 [douban2] INFO: 采集进度 - 排名: 9, 当前节点: 52, 总进度: 374/250
2025-03-05 17:15:28 [douban2] INFO: 成功解析电影: 寻梦环游记 (排名: 24)
2025-03-05 17:15:28 [douban2] INFO: Redis存储状态 - 节点movies_douban3: 118条, 全局: 250条
2025-03-05 17:15:28 [Douban2.pipelines] INFO: 当前总采集数量: 374
2025-03-05 17:15:28 [douban2] INFO: 采集进度 - 排名: 24, 当前节点: 53, 总进度: 374/250
2025-03-05 17:15:30 [scrapy.extensions.throttle] INFO: slot: http://wvR6upmH4hiV9OSo:80kOlNDhuUFnLpJ3_country-cn_streaming-1@geo.iproyal.com:12321 | conc: 1 | delay: 2000 ms (+0) | latency: 2177 ms | size: 26772 bytes
2025-03-05 17:15:32 [scrapy.extensions.throttle] INFO: slot: http://wvR6upmH4hiV9OSo:80kOlNDhuUFnLpJ3_country-cn@geo.iproyal.com:12321 | conc: 2 | delay: 2557 ms (+557) | latency: 5114 ms | size: 27688 bytes
2025-03-05 17:15:33 [douban2] INFO: 成功解析电影: 三傻大闹宝莱坞 (排名: 14)
2025-03-05 17:15:33 [douban2] INFO: Redis存储状态 - 节点movies_douban3: 119条, 全局: 250条
2025-03-05 17:15:33 [Douban2.pipelines] INFO: 当前总采集数量: 377
2025-03-05 17:15:33 [douban2] INFO: 采集进度 - 排名: 14, 当前节点: 54, 总进度: 377/250
2025-03-05 17:15:33 [douban2] INFO: 成功解析电影: 当幸福来敲门 (排名: 25)
2025-03-05 17:15:33 [douban2] INFO: Redis存储状态 - 节点movies_douban3: 120条, 全局: 250条
2025-03-05 17:15:33 [Douban2.pipelines] INFO: 当前总采集数量: 378
2025-03-05 17:15:33 [douban2] INFO: 采集进度 - 排名: 25, 当前节点: 55, 总进度: 378/250
2025-03-05 17:15:34 [scrapy.extensions.throttle] INFO: slot: http://wvR6upmH4hiV9OSo:80kOlNDhuUFnLpJ3_country-cn@geo.iproyal.com:12321 | conc: 1 | delay: 2000 ms (-557) | latency: 2681 ms | size: 26207 bytes
2025-03-05 17:15:36 [douban2] INFO: 成功解析电影: 大话西游之大圣娶亲 (排名: 20)
2025-03-05 17:15:36 [douban2] INFO: Redis存储状态 - 节点movies_douban3: 120条, 全局: 250条
2025-03-05 17:15:36 [Douban2.pipelines] INFO: 当前总采集数量: 380
2025-03-05 17:15:36 [douban2] INFO: 采集进度 - 排名: 20, 当前节点: 56, 总进度: 380/250
2025-03-05 17:15:38 [scrapy.extensions.throttle] INFO: slot: http://wvR6upmH4hiV9OSo:80kOlNDhuUFnLpJ3_country-cn@geo.iproyal.com:12321 | conc: 1 | delay: 2000 ms (+0) | latency: 1898 ms | size: 26704 bytes
2025-03-05 17:15:39 [douban2] INFO: 成功解析电影: 茶馆 (排名: 121)
2025-03-05 17:15:39 [douban2] INFO: Redis存储状态 - 节点movies_douban3: 120条, 全局: 250条
2025-03-05 17:15:39 [Douban2.pipelines] INFO: 当前总采集数量: 381
2025-03-05 17:15:39 [douban2] INFO: 采集进度 - 排名: 121, 当前节点: 57, 总进度: 381/250
2025-03-05 17:15:41 [scrapy.extensions.throttle] INFO: slot: http://wvR6upmH4hiV9OSo:80kOlNDhuUFnLpJ3_country-cn_streaming-1@geo.iproyal.com:12321 | conc: 1 | delay: 2000 ms (+0) | latency: 1345 ms | size: 24702 bytes
2025-03-05 17:15:42 [scrapy.extensions.throttle] INFO: slot: http://wvR6upmH4hiV9OSo:80kOlNDhuUFnLpJ3_country-cn@geo.iproyal.com:12321 | conc: 1 | delay: 2000 ms (+0) | latency: 1295 ms | size: 25489 bytes
2025-03-05 17:15:44 [douban2] INFO: 成功解析电影: 花样年华 (排名: 135)
2025-03-05 17:15:44 [douban2] INFO: Redis存储状态 - 节点movies_douban3: 121条, 全局: 250条
2025-03-05 17:15:44 [Douban2.pipelines] INFO: 当前总采集数量: 384
2025-03-05 17:15:44 [douban2] INFO: 采集进度 - 排名: 135, 当前节点: 58, 总进度: 384/250
2025-03-05 17:15:44 [douban2] INFO: 成功解析电影: 新世界 (排名: 132)
2025-03-05 17:15:44 [douban2] INFO: Redis存储状态 - 节点movies_douban3: 122条, 全局: 250条
2025-03-05 17:15:44 [Douban2.pipelines] INFO: 当前总采集数量: 385
2025-03-05 17:15:44 [douban2] INFO: 采集进度 - 排名: 132, 当前节点: 59, 总进度: 385/250
2025-03-05 17:15:45 [scrapy.extensions.throttle] INFO: slot: http://wvR6upmH4hiV9OSo:80kOlNDhuUFnLpJ3_country-cn_streaming-1@geo.iproyal.com:12321 | conc: 1 | delay: 2000 ms (+0) | latency: 1425 ms | size: 26520 bytes
2025-03-05 17:15:46 [scrapy.extensions.throttle] INFO: slot: http://wvR6upmH4hiV9OSo:80kOlNDhuUFnLpJ3_country-cn@geo.iproyal.com:12321 | conc: 1 | delay: 2149 ms (+149) | latency: 4298 ms | size: 24798 bytes
2025-03-05 17:15:48 [douban2] INFO: 成功解析电影: 哪吒闹海 (排名: 144)
2025-03-05 17:15:48 [douban2] INFO: Redis存储状态 - 节点movies_douban3: 122条, 全局: 250条
2025-03-05 17:15:48 [Douban2.pipelines] INFO: 当前总采集数量: 387
2025-03-05 17:15:48 [douban2] INFO: 采集进度 - 排名: 144, 当前节点: 60, 总进度: 387/250
2025-03-05 17:15:48 [douban2] INFO: 成功解析电影: 倩女幽魂 (排名: 126)
2025-03-05 17:15:48 [douban2] INFO: Redis存储状态 - 节点movies_douban3: 122条, 全局: 250条
2025-03-05 17:15:48 [Douban2.pipelines] INFO: 当前总采集数量: 387
2025-03-05 17:15:48 [douban2] INFO: 采集进度 - 排名: 126, 当前节点: 61, 总进度: 387/250
2025-03-05 17:15:49 [scrapy.extensions.throttle] INFO: slot: http://wvR6upmH4hiV9OSo:80kOlNDhuUFnLpJ3_country-cn@geo.iproyal.com:12321 | conc: 2 | delay: 2000 ms (-149) | latency: 2710 ms | size: 25582 bytes
2025-03-05 17:15:51 [douban2] INFO: 成功解析电影: 九品芝麻官 (排名: 147)
2025-03-05 17:15:51 [douban2] INFO: Redis存储状态 - 节点movies_douban3: 122条, 全局: 250条
2025-03-05 17:15:51 [Douban2.pipelines] INFO: 当前总采集数量: 387
2025-03-05 17:15:51 [douban2] INFO: 采集进度 - 排名: 147, 当前节点: 62, 总进度: 387/250
2025-03-05 17:15:51 [scrapy.extensions.throttle] INFO: slot: http://wvR6upmH4hiV9OSo:80kOlNDhuUFnLpJ3_country-cn@geo.iproyal.com:12321 | conc: 1 | delay: 2000 ms (+0) | latency: 2291 ms | size: 25140 bytes
2025-03-05 17:15:53 [douban2] INFO: 成功解析电影: 侧耳倾听 (排名: 133)
2025-03-05 17:15:53 [douban2] INFO: Redis存储状态 - 节点movies_douban3: 123条, 全局: 250条
2025-03-05 17:15:53 [Douban2.pipelines] INFO: 当前总采集数量: 388
2025-03-05 17:15:53 [douban2] INFO: 采集进度 - 排名: 133, 当前节点: 63, 总进度: 388/250
2025-03-05 17:15:55 [scrapy.extensions.throttle] INFO: slot: http://wvR6upmH4hiV9OSo:80kOlNDhuUFnLpJ3_country-cn@geo.iproyal.com:12321 | conc: 1 | delay: 2000 ms (+0) | latency: 1694 ms | size: 24985 bytes
2025-03-05 17:15:56 [scrapy.extensions.throttle] INFO: slot: http://wvR6upmH4hiV9OSo:80kOlNDhuUFnLpJ3_country-cn_streaming-1@geo.iproyal.com:12321 | conc: 1 | delay: 2000 ms (+0) | latency: 1753 ms | size: 26986 bytes
2025-03-05 17:15:58 [douban2] INFO: 成功解析电影: 萤火之森 (排名: 149)
2025-03-05 17:15:58 [douban2] INFO: Redis存储状态 - 节点movies_douban3: 124条, 全局: 250条
2025-03-05 17:15:58 [Douban2.pipelines] INFO: 当前总采集数量: 391
2025-03-05 17:15:58 [douban2] INFO: 采集进度 - 排名: 149, 当前节点: 64, 总进度: 391/250
2025-03-05 17:15:58 [douban2] INFO: 成功解析电影: 天使爱美丽 (排名: 130)
2025-03-05 17:15:58 [douban2] INFO: Redis存储状态 - 节点movies_douban3: 124条, 全局: 250条
2025-03-05 17:15:58 [Douban2.pipelines] INFO: 当前总采集数量: 391
2025-03-05 17:15:58 [douban2] INFO: 采集进度 - 排名: 130, 当前节点: 65, 总进度: 391/250
2025-03-05 17:15:59 [scrapy.extensions.throttle] INFO: slot: http://wvR6upmH4hiV9OSo:80kOlNDhuUFnLpJ3_country-cn_streaming-1@geo.iproyal.com:12321 | conc: 1 | delay: 2000 ms (+0) | latency: 1695 ms | size: 26587 bytes
2025-03-05 17:16:01 [scrapy.extensions.throttle] INFO: slot: http://wvR6upmH4hiV9OSo:80kOlNDhuUFnLpJ3_country-cn@geo.iproyal.com:12321 | conc: 2 | delay: 2302 ms (+302) | latency: 4604 ms | size: 28531 bytes
2025-03-05 17:16:02 [douban2] INFO: 成功解析电影: 完美的世界 (排名: 128)
2025-03-05 17:16:02 [douban2] INFO: Redis存储状态 - 节点movies_douban3: 125条, 全局: 250条
2025-03-05 17:16:02 [Douban2.pipelines] INFO: 当前总采集数量: 393
2025-03-05 17:16:02 [douban2] INFO: 采集进度 - 排名: 128, 当前节点: 66, 总进度: 393/250
2025-03-05 17:16:02 [douban2] INFO: 成功解析电影: 幸福终点站 (排名: 141)
2025-03-05 17:16:02 [douban2] INFO: Redis存储状态 - 节点movies_douban3: 126条, 全局: 250条
2025-03-05 17:16:02 [Douban2.pipelines] INFO: 当前总采集数量: 394
2025-03-05 17:16:02 [douban2] INFO: 采集进度 - 排名: 141, 当前节点: 67, 总进度: 394/250
2025-03-05 17:16:04 [scrapy.extensions.throttle] INFO: slot: http://wvR6upmH4hiV9OSo:80kOlNDhuUFnLpJ3_country-cn@geo.iproyal.com:12321 | conc: 2 | delay: 2000 ms (-302) | latency: 2788 ms | size: 28269 bytes
2025-03-05 17:16:05 [douban2] INFO: 成功解析电影: 时空恋旅人 (排名: 123)
2025-03-05 17:16:05 [douban2] INFO: Redis存储状态 - 节点movies_douban3: 127条, 全局: 250条
2025-03-05 17:16:05 [Douban2.pipelines] INFO: 当前总采集数量: 399
2025-03-05 17:16:05 [douban2] INFO: 采集进度 - 排名: 123, 当前节点: 68, 总进度: 399/250
2025-03-05 17:16:06 [scrapy.extensions.throttle] INFO: slot: http://wvR6upmH4hiV9OSo:80kOlNDhuUFnLpJ3_country-cn@geo.iproyal.com:12321 | conc: 1 | delay: 2000 ms (+0) | latency: 2065 ms | size: 27485 bytes
2025-03-05 17:16:07 [douban2] INFO: 成功解析电影: 超能陆战队 (排名: 106)
2025-03-05 17:16:07 [douban2] INFO: Redis存储状态 - 节点movies_douban3: 128条, 全局: 250条
2025-03-05 17:16:07 [Douban2.pipelines] INFO: 当前总采集数量: 402
2025-03-05 17:16:07 [douban2] INFO: 采集进度 - 排名: 106, 当前节点: 69, 总进度: 402/250
2025-03-05 17:16:09 [scrapy.extensions.throttle] INFO: slot: http://wvR6upmH4hiV9OSo:80kOlNDhuUFnLpJ3_country-cn@geo.iproyal.com:12321 | conc: 1 | delay: 2000 ms (+0) | latency: 1588 ms | size: 25884 bytes
2025-03-05 17:16:09 [scrapy.extensions.throttle] INFO: slot: http://wvR6upmH4hiV9OSo:80kOlNDhuUFnLpJ3_country-cn_streaming-1@geo.iproyal.com:12321 | conc: 1 | delay: 2000 ms (+0) | latency: 1613 ms | size: 30345 bytes
2025-03-05 17:16:09 [douban2] INFO: 成功解析电影: 爱在日落黄昏时 (排名: 111)
2025-03-05 17:16:09 [douban2] INFO: Redis存储状态 - 节点movies_douban3: 129条, 全局: 250条
2025-03-05 17:16:09 [Douban2.pipelines] INFO: 当前总采集数量: 404
2025-03-05 17:16:09 [douban2] INFO: 采集进度 - 排名: 111, 当前节点: 70, 总进度: 404/250
2025-03-05 17:16:09 [douban2] INFO: 成功解析电影: 哈利·波特与火焰杯 (排名: 120)
2025-03-05 17:16:09 [douban2] INFO: Redis存储状态 - 节点movies_douban3: 130条, 全局: 250条
2025-03-05 17:16:09 [Douban2.pipelines] INFO: 当前总采集数量: 405
2025-03-05 17:16:09 [douban2] INFO: 采集进度 - 排名: 120, 当前节点: 71, 总进度: 405/250
2025-03-05 17:16:09 [douban2] INFO: 创建请求: https://movie.douban.com/top250?start=200&filter=
2025-03-05 17:16:09 [douban2] INFO: 爬虫空闲次数: 1
2025-03-05 17:16:09 [douban2] INFO: Redis中剩余请求数: 0
2025-03-05 17:16:09 [douban2] INFO: 当前活跃节点数: 3
2025-03-05 17:16:09 [douban2] INFO: 当前节点已采集数据量: 71
2025-03-05 17:16:09 [douban2] INFO: 当前节点配额: 83
2025-03-05 17:16:10 [scrapy.extensions.logstats] INFO: Crawled 74 pages (at 25 pages/min), scraped 71 items (at 24 items/min)
2025-03-05 17:16:11 [scrapy.extensions.throttle] INFO: slot: http://wvR6upmH4hiV9OSo:80kOlNDhuUFnLpJ3_country-cn@geo.iproyal.com:12321 | conc: 1 | delay: 2000 ms (+0) | latency:  987 ms | size: 11354 bytes
2025-03-05 17:16:11 [douban2] INFO: 开始解析页面: https://movie.douban.com/top250?start=200&filter=
2025-03-05 17:16:11 [douban2] INFO: 找到 25 个电影条目
2025-03-05 17:16:16 [scrapy.extensions.throttle] INFO: slot: http://wvR6upmH4hiV9OSo:80kOlNDhuUFnLpJ3_country-cn@geo.iproyal.com:12321 | conc: 1 | delay: 2000 ms (+0) | latency: 1428 ms | size: 25529 bytes
2025-03-05 17:16:17 [scrapy.extensions.throttle] INFO: slot: http://wvR6upmH4hiV9OSo:80kOlNDhuUFnLpJ3_country-cn_streaming-1@geo.iproyal.com:12321 | conc: 1 | delay: 2000 ms (+0) | latency: 2951 ms | size: 27475 bytes
2025-03-05 17:16:19 [douban2] INFO: 成功解析电影: 源代码 (排名: 204)
2025-03-05 17:16:19 [douban2] INFO: Redis存储状态 - 节点movies_douban3: 130条, 全局: 250条
2025-03-05 17:16:19 [Douban2.pipelines] INFO: 当前总采集数量: 411
2025-03-05 17:16:19 [douban2] INFO: 采集进度 - 排名: 204, 当前节点: 72, 总进度: 411/250
2025-03-05 17:16:19 [douban2] INFO: 成功解析电影: 贫民窟的百万富翁 (排名: 201)
2025-03-05 17:16:19 [douban2] INFO: Redis存储状态 - 节点movies_douban3: 130条, 全局: 250条
2025-03-05 17:16:19 [Douban2.pipelines] INFO: 当前总采集数量: 411
2025-03-05 17:16:19 [douban2] INFO: 采集进度 - 排名: 201, 当前节点: 73, 总进度: 411/250
2025-03-05 17:16:20 [scrapy.extensions.throttle] INFO: slot: http://wvR6upmH4hiV9OSo:80kOlNDhuUFnLpJ3_country-cn_streaming-1@geo.iproyal.com:12321 | conc: 1 | delay: 2000 ms (+0) | latency: 2766 ms | size: 24264 bytes
2025-03-05 17:16:21 [scrapy.extensions.throttle] INFO: slot: http://wvR6upmH4hiV9OSo:80kOlNDhuUFnLpJ3_country-cn@geo.iproyal.com:12321 | conc: 1 | delay: 2000 ms (+0) | latency: 2755 ms | size: 25720 bytes
2025-03-05 17:16:23 [douban2] INFO: 成功解析电影: 青蛇 (排名: 213)
2025-03-05 17:16:23 [douban2] INFO: Redis存储状态 - 节点movies_douban3: 131条, 全局: 250条
2025-03-05 17:16:23 [Douban2.pipelines] INFO: 当前总采集数量: 416
2025-03-05 17:16:23 [douban2] INFO: 采集进度 - 排名: 213, 当前节点: 74, 总进度: 416/250
2025-03-05 17:16:23 [douban2] INFO: 成功解析电影: 城市之光 (排名: 209)
2025-03-05 17:16:23 [douban2] INFO: Redis存储状态 - 节点movies_douban3: 132条, 全局: 250条
2025-03-05 17:16:23 [Douban2.pipelines] INFO: 当前总采集数量: 417
2025-03-05 17:16:23 [douban2] INFO: 采集进度 - 排名: 209, 当前节点: 75, 总进度: 417/250
2025-03-05 17:16:25 [scrapy.extensions.throttle] INFO: slot: http://wvR6upmH4hiV9OSo:80kOlNDhuUFnLpJ3_country-cn@geo.iproyal.com:12321 | conc: 1 | delay: 2000 ms (+0) | latency: 1784 ms | size: 27773 bytes
2025-03-05 17:16:26 [scrapy.extensions.throttle] INFO: slot: http://wvR6upmH4hiV9OSo:80kOlNDhuUFnLpJ3_country-cn_streaming-1@geo.iproyal.com:12321 | conc: 2 | delay: 2375 ms (+375) | latency: 4751 ms | size: 27545 bytes
2025-03-05 17:16:28 [douban2] INFO: 成功解析电影: 爆裂鼓手 (排名: 207)
2025-03-05 17:16:28 [douban2] INFO: Redis存储状态 - 节点movies_douban3: 132条, 全局: 250条
2025-03-05 17:16:28 [Douban2.pipelines] INFO: 当前总采集数量: 418
2025-03-05 17:16:28 [douban2] INFO: 采集进度 - 排名: 207, 当前节点: 76, 总进度: 418/250
2025-03-05 17:16:28 [douban2] INFO: 成功解析电影: 黑天鹅 (排名: 211)
2025-03-05 17:16:28 [douban2] INFO: Redis存储状态 - 节点movies_douban3: 133条, 全局: 250条
2025-03-05 17:16:28 [Douban2.pipelines] INFO: 当前总采集数量: 419
2025-03-05 17:16:28 [douban2] INFO: 采集进度 - 排名: 211, 当前节点: 77, 总进度: 419/250
2025-03-05 17:16:31 [scrapy.extensions.throttle] INFO: slot: http://wvR6upmH4hiV9OSo:80kOlNDhuUFnLpJ3_country-cn_streaming-1@geo.iproyal.com:12321 | conc: 2 | delay: 2369 ms (-6) | latency: 4725 ms | size: 29086 bytes
2025-03-05 17:16:32 [scrapy.extensions.throttle] INFO: slot: http://wvR6upmH4hiV9OSo:80kOlNDhuUFnLpJ3_country-cn_streaming-1@geo.iproyal.com:12321 | conc: 1 | delay: 2000 ms (-369) | latency: 3170 ms | size: 28150 bytes
2025-03-05 17:16:32 [douban2] INFO: 成功解析电影: 爱乐之城 (排名: 214)
2025-03-05 17:16:32 [douban2] INFO: Redis存储状态 - 节点movies_douban3: 134条, 全局: 250条
2025-03-05 17:16:32 [Douban2.pipelines] INFO: 当前总采集数量: 422
2025-03-05 17:16:32 [douban2] INFO: 采集进度 - 排名: 214, 当前节点: 78, 总进度: 422/250
2025-03-05 17:16:33 [douban2] INFO: 成功解析电影: 白日梦想家 (排名: 218)
2025-03-05 17:16:33 [douban2] INFO: Redis存储状态 - 节点movies_douban3: 135条, 全局: 250条
2025-03-05 17:16:33 [Douban2.pipelines] INFO: 当前总采集数量: 423
2025-03-05 17:16:33 [douban2] INFO: 采集进度 - 排名: 218, 当前节点: 79, 总进度: 423/250
2025-03-05 17:16:35 [scrapy.extensions.throttle] INFO: slot: http://wvR6upmH4hiV9OSo:80kOlNDhuUFnLpJ3_country-cn@geo.iproyal.com:12321 | conc: 1 | delay: 2000 ms (+0) | latency: 1820 ms | size: 28776 bytes
2025-03-05 17:16:35 [douban2] INFO: 成功解析电影: 哈利·波特与死亡圣器(上) (排名: 217)
2025-03-05 17:16:35 [douban2] INFO: Redis存储状态 - 节点movies_douban3: 136条, 全局: 250条
2025-03-05 17:16:35 [Douban2.pipelines] INFO: 当前总采集数量: 426
2025-03-05 17:16:35 [douban2] INFO: 采集进度 - 排名: 217, 当前节点: 80, 总进度: 426/250
2025-03-05 17:16:35 [douban2] INFO: 爬虫空闲次数: 1
2025-03-05 17:16:35 [douban2] INFO: Redis中剩余请求数: 0
2025-03-05 17:16:35 [douban2] INFO: 当前活跃节点数: 3
2025-03-05 17:16:35 [douban2] INFO: 当前节点已采集数据量: 80
2025-03-05 17:16:35 [douban2] INFO: 当前节点配额: 83
2025-03-05 17:16:35 [douban2] INFO: 爬虫空闲次数: 2
2025-03-05 17:16:35 [douban2] INFO: Redis中剩余请求数: 0
2025-03-05 17:16:35 [douban2] INFO: 当前活跃节点数: 3
2025-03-05 17:16:35 [douban2] INFO: 当前节点已采集数据量: 80
2025-03-05 17:16:35 [douban2] INFO: 当前节点配额: 83
2025-03-05 17:16:43 [scrapy.extensions.throttle] INFO: slot: http://wvR6upmH4hiV9OSo:80kOlNDhuUFnLpJ3_country-cn@geo.iproyal.com:12321 | conc: 1 | delay: 2000 ms (+0) | latency: 1884 ms | size:   138 bytes
2025-03-05 17:16:45 [douban2] INFO: 成功解析电影: 弱点 (排名: 247)
2025-03-05 17:16:45 [douban2] INFO: Redis存储状态 - 节点movies_douban3: 136条, 全局: 250条
2025-03-05 17:16:45 [Douban2.pipelines] INFO: 当前总采集数量: 431
2025-03-05 17:16:45 [douban2] INFO: 采集进度 - 排名: 247, 当前节点: 81, 总进度: 431/250
2025-03-05 17:16:46 [scrapy.extensions.throttle] INFO: slot: http://wvR6upmH4hiV9OSo:80kOlNDhuUFnLpJ3_country-cn_streaming-1@geo.iproyal.com:12321 | conc: 1 | delay: 2000 ms (+0) | latency: 1485 ms | size: 27532 bytes
2025-03-05 17:16:48 [scrapy.extensions.throttle] INFO: slot: http://wvR6upmH4hiV9OSo:80kOlNDhuUFnLpJ3_country-cn@geo.iproyal.com:12321 | conc: 1 | delay: 2000 ms (+0) | latency: 2956 ms | size: 27412 bytes
2025-03-05 17:16:49 [douban2] INFO: 成功解析电影: 谍影重重2 (排名: 241)
2025-03-05 17:16:49 [douban2] INFO: Redis存储状态 - 节点movies_douban3: 136条, 全局: 250条
2025-03-05 17:16:49 [Douban2.pipelines] INFO: 当前总采集数量: 432
2025-03-05 17:16:49 [douban2] INFO: 采集进度 - 排名: 241, 当前节点: 82, 总进度: 432/250
2025-03-05 17:16:49 [douban2] INFO: 成功解析电影: 千年女优 (排名: 238)
2025-03-05 17:16:49 [douban2] INFO: Redis存储状态 - 节点movies_douban3: 136条, 全局: 250条
2025-03-05 17:16:49 [Douban2.pipelines] INFO: 当前总采集数量: 432
2025-03-05 17:16:49 [douban2] INFO: 采集进度 - 排名: 238, 当前节点: 83, 总进度: 432/250
2025-03-05 17:16:50 [scrapy.extensions.throttle] INFO: slot: http://wvR6upmH4hiV9OSo:80kOlNDhuUFnLpJ3_country-cn_streaming-1@geo.iproyal.com:12321 | conc: 1 | delay: 2000 ms (+0) | latency: 1991 ms | size:   138 bytes
2025-03-05 17:16:51 [douban2] INFO: 成功解析电影: 隐藏人物 (排名: 248)
2025-03-05 17:16:51 [douban2] INFO: Redis存储状态 - 节点movies_douban3: 136条, 全局: 250条
2025-03-05 17:16:51 [Douban2.pipelines] INFO: 当前总采集数量: 432
2025-03-05 17:16:51 [douban2] INFO: 采集进度 - 排名: 248, 当前节点: 84, 总进度: 432/250
2025-03-05 17:16:52 [scrapy.extensions.throttle] INFO: slot: http://wvR6upmH4hiV9OSo:80kOlNDhuUFnLpJ3_country-cn_streaming-1@geo.iproyal.com:12321 | conc: 1 | delay: 2000 ms (+0) | latency: 1160 ms | size: 26155 bytes
2025-03-05 17:16:54 [douban2] INFO: 成功解析电影: 机器人之梦 (排名: 250)
2025-03-05 17:16:54 [douban2] INFO: Redis存储状态 - 节点movies_douban3: 137条, 全局: 250条
2025-03-05 17:16:54 [Douban2.pipelines] INFO: 当前总采集数量: 433
2025-03-05 17:16:54 [douban2] INFO: 采集进度 - 排名: 250, 当前节点: 85, 总进度: 433/250
2025-03-05 17:16:54 [scrapy.extensions.throttle] INFO: slot: http://wvR6upmH4hiV9OSo:80kOlNDhuUFnLpJ3_country-cn@geo.iproyal.com:12321 | conc: 1 | delay: 2000 ms (+0) | latency:  333 ms | size:   138 bytes
2025-03-05 17:16:54 [douban2] INFO: 成功解析电影: 彗星来的那一夜 (排名: 230)
2025-03-05 17:16:54 [douban2] INFO: Redis存储状态 - 节点movies_douban3: 138条, 全局: 250条
2025-03-05 17:16:54 [Douban2.pipelines] INFO: 当前总采集数量: 435
2025-03-05 17:16:54 [douban2] INFO: 采集进度 - 排名: 230, 当前节点: 86, 总进度: 435/250
2025-03-05 17:16:54 [scrapy.extensions.throttle] INFO: slot: http://wvR6upmH4hiV9OSo:80kOlNDhuUFnLpJ3_country-cn_streaming-1@geo.iproyal.com:12321 | conc: 1 | delay: 2000 ms (+0) | latency:  395 ms | size:   138 bytes
2025-03-05 17:16:54 [douban2] INFO: 成功解析电影: 海边的曼彻斯特 (排名: 231)
2025-03-05 17:16:54 [douban2] INFO: Redis存储状态 - 节点movies_douban3: 138条, 全局: 250条
2025-03-05 17:16:54 [Douban2.pipelines] INFO: 当前总采集数量: 435
2025-03-05 17:16:54 [douban2] INFO: 采集进度 - 排名: 231, 当前节点: 87, 总进度: 435/250
2025-03-05 17:16:54 [douban2] INFO: 爬虫空闲次数: 1
2025-03-05 17:16:54 [douban2] INFO: Redis中剩余请求数: 0
2025-03-05 17:16:54 [douban2] INFO: 当前活跃节点数: 3
2025-03-05 17:16:54 [douban2] INFO: 当前节点已采集数据量: 87
2025-03-05 17:16:54 [douban2] INFO: 当前节点配额: 83
2025-03-05 17:16:54 [douban2] INFO: 准备关闭爬虫，原因: 达到节点配额
2025-03-05 17:16:54 [douban2] INFO: 开始保存数据...
2025-03-05 17:16:54 [Douban2.pipelines] INFO: 开始保存数据 - 节点: douban3, 当前节点数据量: 87
2025-03-05 17:16:54 [Douban2.pipelines] INFO: 已保存节点数据到SQLite表: movies_douban3
2025-03-05 17:16:54 [Douban2.pipelines] INFO: 节点数据统计: {'movies_douban1': 154, 'movies_douban2': 143, 'movies_douban3': 138}, 总数据量: 435
2025-03-05 17:16:54 [Douban2.pipelines] INFO: 所有节点数据采集完成，开始生成汇总
2025-03-05 17:16:54 [Douban2.pipelines] INFO: 已删除旧的movies_summary视图
2025-03-05 17:16:54 [Douban2.pipelines] INFO: 已删除旧的movies_all表
2025-03-05 17:16:54 [Douban2.pipelines] INFO: 成功读取表 movies_douban1，数据量: 85
2025-03-05 17:16:54 [Douban2.pipelines] INFO: 成功读取表 movies_douban2，数据量: 83
2025-03-05 17:16:54 [Douban2.pipelines] INFO: 成功读取表 movies_douban3，数据量: 87
2025-03-05 17:16:54 [Douban2.pipelines] INFO: 合并后的总数据量: 198
2025-03-05 17:16:55 [Douban2.pipelines] INFO: 已保存汇总Excel文件: output/豆瓣Top250_汇总_20250305_171654.xlsx
2025-03-05 17:16:55 [Douban2.pipelines] INFO: 已保存汇总数据到SQLite表: movies_all
2025-03-05 17:16:55 [Douban2.pipelines] INFO: 已创建SQLite视图: movies_summary
2025-03-05 17:16:55 [Douban2.pipelines] INFO: 已保存汇总Parquet文件: output/parquet/movies_all_20250305_171654.parquet
2025-03-05 17:16:55 [Douban2.pipelines] INFO: 已更新汇总统计信息: output/crawl_summary.txt
2025-03-05 17:16:55 [scrapy.core.engine] INFO: Closing spider (数据保存完成，关闭爬虫)
2025-03-05 17:16:55 [douban2] INFO: 爬虫已关闭
2025-03-05 17:16:55 [douban2] INFO: 爬虫已关闭
2025-03-05 17:16:55 [Douban2.middlewares] INFO: 
代理使用统计:
2025-03-05 17:16:55 [Douban2.middlewares] INFO: 总请求数: 91
2025-03-05 17:16:55 [Douban2.middlewares] INFO: 成功请求: 91
2025-03-05 17:16:55 [Douban2.middlewares] INFO: 失败请求: 0
2025-03-05 17:16:55 [Douban2.middlewares] INFO: 重试次数: 0
2025-03-05 17:16:55 [Douban2.middlewares] INFO: 成功率: 100.00%
2025-03-05 17:16:55 [Douban2.middlewares] INFO: 
代理池统计:
2025-03-05 17:16:55 [Douban2.middlewares] INFO: 可用代理数: 2
2025-03-05 17:16:55 [Douban2.middlewares] INFO: 失败代理数: 0
2025-03-05 17:16:55 [Douban2.middlewares] INFO: 总请求数: 657
2025-03-05 17:16:55 [scrapy.statscollectors] INFO: Dumping Scrapy stats:
{'downloader/request_bytes': 114364,
 'downloader/request_count': 91,
 'downloader/request_method_count/GET': 91,
 'downloader/response_bytes': 2304806,
 'downloader/response_count': 91,
 'downloader/response_status_count/200': 87,
 'downloader/response_status_count/302': 4,
 'elapsed_time_seconds': 224.959131,
 'finish_reason': '数据保存完成，关闭爬虫',
 'finish_time': datetime.datetime(2025, 3, 5, 9, 16, 55, 177908, tzinfo=datetime.timezone.utc),
 'httpcompression/response_bytes': 10286343,
 'httpcompression/response_count': 87,
 'item_scraped_count': 87,
 'items_per_minute': None,
 'log_count/INFO': 527,
 'request_depth_max': 1,
 'response_received_count': 91,
 'responses_per_minute': None,
 'scheduler/dequeued/redis': 91,
 'scheduler/enqueued/redis': 105,
 'start_time': datetime.datetime(2025, 3, 5, 9, 13, 10, 218777, tzinfo=datetime.timezone.utc)}
2025-03-05 17:16:55 [scrapy.core.engine] INFO: Spider closed (数据保存完成，关闭爬虫)
